[2026-06-07T03:01:19.000+0000] {local_task_job_runner.py:120} INFO - ::group::Pre task execution logs
[2026-06-07T03:01:19.235+0000] {taskinstance.py:2076} INFO - Dependencies all met for dep_context=non-requeueable deps ti=<TaskInstance: transfer_train_data_to_mariadb.transfer_csv_to_mariadb manual__2026-06-07T03:01:16.000653+00:00 [queued]>
[2026-06-07T03:01:19.272+0000] {taskinstance.py:2076} INFO - Dependencies all met for dep_context=requeueable deps ti=<TaskInstance: transfer_train_data_to_mariadb.transfer_csv_to_mariadb manual__2026-06-07T03:01:16.000653+00:00 [queued]>
[2026-06-07T03:01:19.273+0000] {taskinstance.py:2306} INFO - Starting attempt 1 of 2
[2026-06-07T03:01:19.339+0000] {taskinstance.py:2330} INFO - Executing <Task(PythonOperator): transfer_csv_to_mariadb> on 2026-06-07 03:01:16.000653+00:00
[2026-06-07T03:01:19.347+0000] {standard_task_runner.py:63} INFO - Started process 784 to run task
[2026-06-07T03:01:19.356+0000] {standard_task_runner.py:90} INFO - Running: ['***', 'tasks', 'run', 'transfer_train_data_to_mariadb', 'transfer_csv_to_mariadb', 'manual__2026-06-07T03:01:16.000653+00:00', '--job-id', '3', '--raw', '--subdir', 'DAGS_FOLDER/transfer_data.py', '--cfg-path', '/tmp/tmpdijn0rlq']
[2026-06-07T03:01:19.358+0000] {standard_task_runner.py:91} INFO - Job 3: Subtask transfer_csv_to_mariadb
[2026-06-07T03:01:19.523+0000] {task_command.py:426} INFO - Running <TaskInstance: transfer_train_data_to_mariadb.transfer_csv_to_mariadb manual__2026-06-07T03:01:16.000653+00:00 [running]> on host 3d1b04a56ed8
[2026-06-07T03:01:19.645+0000] {taskinstance.py:2648} INFO - Exporting env vars: AIRFLOW_CTX_DAG_OWNER='***' AIRFLOW_CTX_DAG_ID='transfer_train_data_to_mariadb' AIRFLOW_CTX_TASK_ID='transfer_csv_to_mariadb' AIRFLOW_CTX_EXECUTION_DATE='2026-06-07T03:01:16.000653+00:00' AIRFLOW_CTX_TRY_NUMBER='1' AIRFLOW_CTX_DAG_RUN_ID='manual__2026-06-07T03:01:16.000653+00:00'
[2026-06-07T03:01:19.646+0000] {taskinstance.py:430} INFO - ::endgroup::
[2026-06-07T03:01:19.667+0000] {logging_mixin.py:188} INFO - Reading data from /opt/***/data/train.csv...
[2026-06-07T03:01:27.737+0000] {logging_mixin.py:188} INFO - Cleaning data...
[2026-06-07T03:01:28.163+0000] {logging_mixin.py:188} INFO - Connecting to MariaDB...
[2026-06-07T03:01:28.215+0000] {logging_mixin.py:188} INFO - Replacing existing data in loan_data table...
[2026-06-07T03:01:29.382+0000] {logging_mixin.py:188} INFO - Transferring 593994 rows to MariaDB ColumnStore...
[2026-06-07T03:07:45.231+0000] {logging_mixin.py:188} INFO - Data transfer complete.
[2026-06-07T03:07:45.341+0000] {python.py:237} INFO - Done. Returned value was: None
[2026-06-07T03:07:45.342+0000] {taskinstance.py:441} INFO - ::group::Post task execution logs
[2026-06-07T03:07:45.489+0000] {taskinstance.py:1206} INFO - Marking task as SUCCESS. dag_id=transfer_train_data_to_mariadb, task_id=transfer_csv_to_mariadb, run_id=manual__2026-06-07T03:01:16.000653+00:00, execution_date=20260607T030116, start_date=20260607T030119, end_date=20260607T030745
[2026-06-07T03:07:45.855+0000] {local_task_job_runner.py:240} INFO - Task exited with return code 0
[2026-06-07T03:07:46.004+0000] {taskinstance.py:3503} INFO - 1 downstream tasks scheduled from follow-on schedule check
[2026-06-07T03:07:46.009+0000] {local_task_job_runner.py:222} INFO - ::endgroup::
