[2026-06-07T03:45:52.395+0000] {local_task_job_runner.py:120} INFO - ::group::Pre task execution logs
[2026-06-07T03:45:52.432+0000] {taskinstance.py:2076} INFO - Dependencies all met for dep_context=non-requeueable deps ti=<TaskInstance: drift_check_dag.run_evidently_drift_check scheduled__2026-05-28T00:00:00+00:00 [queued]>
[2026-06-07T03:45:52.440+0000] {taskinstance.py:2076} INFO - Dependencies all met for dep_context=requeueable deps ti=<TaskInstance: drift_check_dag.run_evidently_drift_check scheduled__2026-05-28T00:00:00+00:00 [queued]>
[2026-06-07T03:45:52.440+0000] {taskinstance.py:2306} INFO - Starting attempt 1 of 1
[2026-06-07T03:45:52.465+0000] {taskinstance.py:2330} INFO - Executing <Task(PythonOperator): run_evidently_drift_check> on 2026-05-28 00:00:00+00:00
[2026-06-07T03:45:52.482+0000] {standard_task_runner.py:63} INFO - Started process 4683 to run task
[2026-06-07T03:45:52.490+0000] {standard_task_runner.py:90} INFO - Running: ['***', 'tasks', 'run', 'drift_check_dag', 'run_evidently_drift_check', 'scheduled__2026-05-28T00:00:00+00:00', '--job-id', '10', '--raw', '--subdir', 'DAGS_FOLDER/drift_check_dag.py', '--cfg-path', '/tmp/tmp0ywcikhx']
[2026-06-07T03:45:52.495+0000] {standard_task_runner.py:91} INFO - Job 10: Subtask run_evidently_drift_check
[2026-06-07T03:45:52.566+0000] {task_command.py:426} INFO - Running <TaskInstance: drift_check_dag.run_evidently_drift_check scheduled__2026-05-28T00:00:00+00:00 [running]> on host 3d1b04a56ed8
[2026-06-07T03:45:52.739+0000] {taskinstance.py:2648} INFO - Exporting env vars: AIRFLOW_CTX_DAG_OWNER='***' AIRFLOW_CTX_DAG_ID='drift_check_dag' AIRFLOW_CTX_TASK_ID='run_evidently_drift_check' AIRFLOW_CTX_EXECUTION_DATE='2026-05-28T00:00:00+00:00' AIRFLOW_CTX_TRY_NUMBER='1' AIRFLOW_CTX_DAG_RUN_ID='scheduled__2026-05-28T00:00:00+00:00'
[2026-06-07T03:45:52.740+0000] {taskinstance.py:430} INFO - ::endgroup::
[2026-06-07T03:45:52.753+0000] {logging_mixin.py:188} INFO - Connecting to Redis...
[2026-06-07T03:46:01.784+0000] {logging_mixin.py:188} INFO - Loading reference data...
[2026-06-07T03:47:07.692+0000] {logging_mixin.py:188} INFO - Reference data shape: (564914, 10)
[2026-06-07T03:47:07.716+0000] {logging_mixin.py:188} INFO - Loading current data...
[2026-06-07T03:47:07.719+0000] {logging_mixin.py:188} INFO - Current data shape: (22, 12)
[2026-06-07T03:47:07.792+0000] {logging_mixin.py:188} INFO - Evaluating drift on 9 features: ['credit_score', 'loan_amount', 'employment_status', 'annual_income', 'gender', 'education_level', 'interest_rate', 'marital_status', 'loan_purpose']
[2026-06-07T03:47:22.256+0000] {logging_mixin.py:188} INFO - Drift report saved successfully to /opt/***/data/drift_report.html
[2026-06-07T03:47:22.281+0000] {logging_mixin.py:188} INFO - Trimmed 22 processed items from 'prediction_log'.
[2026-06-07T03:47:22.379+0000] {python.py:237} INFO - Done. Returned value was: None
[2026-06-07T03:47:22.379+0000] {taskinstance.py:441} INFO - ::group::Post task execution logs
[2026-06-07T03:47:22.405+0000] {taskinstance.py:1206} INFO - Marking task as SUCCESS. dag_id=drift_check_dag, task_id=run_evidently_drift_check, run_id=scheduled__2026-05-28T00:00:00+00:00, execution_date=20260528T000000, start_date=20260607T034552, end_date=20260607T034722
[2026-06-07T03:47:22.541+0000] {local_task_job_runner.py:240} INFO - Task exited with return code 0
[2026-06-07T03:47:22.584+0000] {taskinstance.py:3503} INFO - 0 downstream tasks scheduled from follow-on schedule check
[2026-06-07T03:47:22.594+0000] {local_task_job_runner.py:222} INFO - ::endgroup::
