[2026-06-06T07:49:54.601+0000] {processor.py:161} INFO - Started process (PID=6368) to work on /opt/airflow/dags/drift_check_dag.py
[2026-06-06T07:49:54.602+0000] {processor.py:830} INFO - Processing file /opt/airflow/dags/drift_check_dag.py for tasks to queue
[2026-06-06T07:49:54.604+0000] {logging_mixin.py:188} INFO - [2026-06-06T07:49:54.604+0000] {dagbag.py:545} INFO - Filling up the DagBag from /opt/airflow/dags/drift_check_dag.py
[2026-06-06T07:49:54.998+0000] {logging_mixin.py:188} INFO - [2026-06-06T07:49:54.992+0000] {dagbag.py:355} ERROR - Failed to import: /opt/airflow/dags/drift_check_dag.py
Traceback (most recent call last):
  File "/home/airflow/.local/lib/python3.11/site-packages/airflow/models/dagbag.py", line 351, in parse
    loader.exec_module(new_module)
  File "<frozen importlib._bootstrap_external>", line 940, in exec_module
  File "<frozen importlib._bootstrap>", line 241, in _call_with_frames_removed
  File "/opt/airflow/dags/drift_check_dag.py", line 8, in <module>
    from evidently.report import Report
ModuleNotFoundError: No module named 'evidently'
[2026-06-06T07:49:55.000+0000] {processor.py:842} WARNING - No viable dags retrieved from /opt/airflow/dags/drift_check_dag.py
[2026-06-06T07:49:55.026+0000] {processor.py:183} INFO - Processing /opt/airflow/dags/drift_check_dag.py took 0.433 seconds
[2026-06-06T07:50:25.933+0000] {processor.py:161} INFO - Started process (PID=6421) to work on /opt/airflow/dags/drift_check_dag.py
[2026-06-06T07:50:25.935+0000] {processor.py:830} INFO - Processing file /opt/airflow/dags/drift_check_dag.py for tasks to queue
[2026-06-06T07:50:25.938+0000] {logging_mixin.py:188} INFO - [2026-06-06T07:50:25.938+0000] {dagbag.py:545} INFO - Filling up the DagBag from /opt/airflow/dags/drift_check_dag.py
[2026-06-06T07:50:26.318+0000] {logging_mixin.py:188} INFO - [2026-06-06T07:50:26.314+0000] {dagbag.py:355} ERROR - Failed to import: /opt/airflow/dags/drift_check_dag.py
Traceback (most recent call last):
  File "/home/airflow/.local/lib/python3.11/site-packages/airflow/models/dagbag.py", line 351, in parse
    loader.exec_module(new_module)
  File "<frozen importlib._bootstrap_external>", line 940, in exec_module
  File "<frozen importlib._bootstrap>", line 241, in _call_with_frames_removed
  File "/opt/airflow/dags/drift_check_dag.py", line 8, in <module>
    from evidently.report import Report
ModuleNotFoundError: No module named 'evidently'
[2026-06-06T07:50:26.319+0000] {processor.py:842} WARNING - No viable dags retrieved from /opt/airflow/dags/drift_check_dag.py
[2026-06-06T07:50:26.336+0000] {processor.py:183} INFO - Processing /opt/airflow/dags/drift_check_dag.py took 0.410 seconds
[2026-06-06T07:50:56.677+0000] {processor.py:161} INFO - Started process (PID=6467) to work on /opt/airflow/dags/drift_check_dag.py
[2026-06-06T07:50:56.678+0000] {processor.py:830} INFO - Processing file /opt/airflow/dags/drift_check_dag.py for tasks to queue
[2026-06-06T07:50:56.679+0000] {logging_mixin.py:188} INFO - [2026-06-06T07:50:56.679+0000] {dagbag.py:545} INFO - Filling up the DagBag from /opt/airflow/dags/drift_check_dag.py
[2026-06-06T07:50:56.971+0000] {logging_mixin.py:188} INFO - [2026-06-06T07:50:56.967+0000] {dagbag.py:355} ERROR - Failed to import: /opt/airflow/dags/drift_check_dag.py
Traceback (most recent call last):
  File "/home/airflow/.local/lib/python3.11/site-packages/airflow/models/dagbag.py", line 351, in parse
    loader.exec_module(new_module)
  File "<frozen importlib._bootstrap_external>", line 940, in exec_module
  File "<frozen importlib._bootstrap>", line 241, in _call_with_frames_removed
  File "/opt/airflow/dags/drift_check_dag.py", line 8, in <module>
    from evidently.report import Report
ModuleNotFoundError: No module named 'evidently'
[2026-06-06T07:50:56.973+0000] {processor.py:842} WARNING - No viable dags retrieved from /opt/airflow/dags/drift_check_dag.py
[2026-06-06T07:50:56.998+0000] {processor.py:183} INFO - Processing /opt/airflow/dags/drift_check_dag.py took 0.327 seconds
[2026-06-06T07:51:27.130+0000] {processor.py:161} INFO - Started process (PID=6520) to work on /opt/airflow/dags/drift_check_dag.py
[2026-06-06T07:51:27.132+0000] {processor.py:830} INFO - Processing file /opt/airflow/dags/drift_check_dag.py for tasks to queue
[2026-06-06T07:51:27.134+0000] {logging_mixin.py:188} INFO - [2026-06-06T07:51:27.134+0000] {dagbag.py:545} INFO - Filling up the DagBag from /opt/airflow/dags/drift_check_dag.py
[2026-06-06T07:51:27.470+0000] {logging_mixin.py:188} INFO - [2026-06-06T07:51:27.465+0000] {dagbag.py:355} ERROR - Failed to import: /opt/airflow/dags/drift_check_dag.py
Traceback (most recent call last):
  File "/home/airflow/.local/lib/python3.11/site-packages/airflow/models/dagbag.py", line 351, in parse
    loader.exec_module(new_module)
  File "<frozen importlib._bootstrap_external>", line 940, in exec_module
  File "<frozen importlib._bootstrap>", line 241, in _call_with_frames_removed
  File "/opt/airflow/dags/drift_check_dag.py", line 8, in <module>
    from evidently.report import Report
ModuleNotFoundError: No module named 'evidently'
[2026-06-06T07:51:27.471+0000] {processor.py:842} WARNING - No viable dags retrieved from /opt/airflow/dags/drift_check_dag.py
[2026-06-06T07:51:27.500+0000] {processor.py:183} INFO - Processing /opt/airflow/dags/drift_check_dag.py took 0.375 seconds
[2026-06-06T07:52:01.265+0000] {processor.py:161} INFO - Started process (PID=6548) to work on /opt/airflow/dags/drift_check_dag.py
[2026-06-06T07:52:01.362+0000] {processor.py:830} INFO - Processing file /opt/airflow/dags/drift_check_dag.py for tasks to queue
[2026-06-06T07:52:01.381+0000] {logging_mixin.py:188} INFO - [2026-06-06T07:52:01.380+0000] {dagbag.py:545} INFO - Filling up the DagBag from /opt/airflow/dags/drift_check_dag.py
[2026-06-06T07:52:03.457+0000] {logging_mixin.py:188} INFO - [2026-06-06T07:52:03.451+0000] {dagbag.py:355} ERROR - Failed to import: /opt/airflow/dags/drift_check_dag.py
Traceback (most recent call last):
  File "/home/airflow/.local/lib/python3.11/site-packages/airflow/models/dagbag.py", line 351, in parse
    loader.exec_module(new_module)
  File "<frozen importlib._bootstrap_external>", line 940, in exec_module
  File "<frozen importlib._bootstrap>", line 241, in _call_with_frames_removed
  File "/opt/airflow/dags/drift_check_dag.py", line 8, in <module>
    from evidently.report import Report
ModuleNotFoundError: No module named 'evidently'
[2026-06-06T07:52:03.459+0000] {processor.py:842} WARNING - No viable dags retrieved from /opt/airflow/dags/drift_check_dag.py
[2026-06-06T07:52:03.495+0000] {processor.py:183} INFO - Processing /opt/airflow/dags/drift_check_dag.py took 4.097 seconds
[2026-06-06T07:55:58.137+0000] {processor.py:161} INFO - Started process (PID=324) to work on /opt/airflow/dags/drift_check_dag.py
[2026-06-06T07:55:58.190+0000] {processor.py:830} INFO - Processing file /opt/airflow/dags/drift_check_dag.py for tasks to queue
[2026-06-06T07:55:58.194+0000] {logging_mixin.py:188} INFO - [2026-06-06T07:55:58.193+0000] {dagbag.py:545} INFO - Filling up the DagBag from /opt/airflow/dags/drift_check_dag.py
[2026-06-06T07:56:18.535+0000] {logging_mixin.py:188} INFO - [2026-06-06T07:56:18.470+0000] {dagbag.py:355} ERROR - Failed to import: /opt/airflow/dags/drift_check_dag.py
Traceback (most recent call last):
  File "/home/airflow/.local/lib/python3.11/site-packages/airflow/models/dagbag.py", line 351, in parse
    loader.exec_module(new_module)
  File "<frozen importlib._bootstrap_external>", line 940, in exec_module
  File "<frozen importlib._bootstrap>", line 241, in _call_with_frames_removed
  File "/opt/airflow/dags/drift_check_dag.py", line 8, in <module>
    from evidently.report import Report
ModuleNotFoundError: No module named 'evidently.report'
[2026-06-06T07:56:18.538+0000] {processor.py:842} WARNING - No viable dags retrieved from /opt/airflow/dags/drift_check_dag.py
[2026-06-06T07:56:18.676+0000] {processor.py:183} INFO - Processing /opt/airflow/dags/drift_check_dag.py took 20.586 seconds
[2026-06-06T07:56:49.155+0000] {processor.py:161} INFO - Started process (PID=417) to work on /opt/airflow/dags/drift_check_dag.py
[2026-06-06T07:56:49.157+0000] {processor.py:830} INFO - Processing file /opt/airflow/dags/drift_check_dag.py for tasks to queue
[2026-06-06T07:56:49.162+0000] {logging_mixin.py:188} INFO - [2026-06-06T07:56:49.162+0000] {dagbag.py:545} INFO - Filling up the DagBag from /opt/airflow/dags/drift_check_dag.py
[2026-06-06T07:56:54.665+0000] {logging_mixin.py:188} INFO - [2026-06-06T07:56:54.661+0000] {dagbag.py:355} ERROR - Failed to import: /opt/airflow/dags/drift_check_dag.py
Traceback (most recent call last):
  File "/home/airflow/.local/lib/python3.11/site-packages/airflow/models/dagbag.py", line 351, in parse
    loader.exec_module(new_module)
  File "<frozen importlib._bootstrap_external>", line 940, in exec_module
  File "<frozen importlib._bootstrap>", line 241, in _call_with_frames_removed
  File "/opt/airflow/dags/drift_check_dag.py", line 8, in <module>
    from evidently.report import Report
ModuleNotFoundError: No module named 'evidently.report'
[2026-06-06T07:56:54.666+0000] {processor.py:842} WARNING - No viable dags retrieved from /opt/airflow/dags/drift_check_dag.py
[2026-06-06T07:56:54.683+0000] {processor.py:183} INFO - Processing /opt/airflow/dags/drift_check_dag.py took 5.543 seconds
[2026-06-06T07:57:24.867+0000] {processor.py:161} INFO - Started process (PID=471) to work on /opt/airflow/dags/drift_check_dag.py
[2026-06-06T07:57:24.869+0000] {processor.py:830} INFO - Processing file /opt/airflow/dags/drift_check_dag.py for tasks to queue
[2026-06-06T07:57:24.874+0000] {logging_mixin.py:188} INFO - [2026-06-06T07:57:24.873+0000] {dagbag.py:545} INFO - Filling up the DagBag from /opt/airflow/dags/drift_check_dag.py
[2026-06-06T07:57:29.509+0000] {logging_mixin.py:188} INFO - [2026-06-06T07:57:29.504+0000] {dagbag.py:355} ERROR - Failed to import: /opt/airflow/dags/drift_check_dag.py
Traceback (most recent call last):
  File "/home/airflow/.local/lib/python3.11/site-packages/airflow/models/dagbag.py", line 351, in parse
    loader.exec_module(new_module)
  File "<frozen importlib._bootstrap_external>", line 940, in exec_module
  File "<frozen importlib._bootstrap>", line 241, in _call_with_frames_removed
  File "/opt/airflow/dags/drift_check_dag.py", line 8, in <module>
    from evidently.report import Report
ModuleNotFoundError: No module named 'evidently.report'
[2026-06-06T07:57:29.511+0000] {processor.py:842} WARNING - No viable dags retrieved from /opt/airflow/dags/drift_check_dag.py
[2026-06-06T07:57:29.536+0000] {processor.py:183} INFO - Processing /opt/airflow/dags/drift_check_dag.py took 4.685 seconds
[2026-06-06T07:58:00.223+0000] {processor.py:161} INFO - Started process (PID=532) to work on /opt/airflow/dags/drift_check_dag.py
[2026-06-06T07:58:00.226+0000] {processor.py:830} INFO - Processing file /opt/airflow/dags/drift_check_dag.py for tasks to queue
[2026-06-06T07:58:00.232+0000] {logging_mixin.py:188} INFO - [2026-06-06T07:58:00.231+0000] {dagbag.py:545} INFO - Filling up the DagBag from /opt/airflow/dags/drift_check_dag.py
[2026-06-06T07:58:05.195+0000] {logging_mixin.py:188} INFO - [2026-06-06T07:58:05.191+0000] {dagbag.py:355} ERROR - Failed to import: /opt/airflow/dags/drift_check_dag.py
Traceback (most recent call last):
  File "/home/airflow/.local/lib/python3.11/site-packages/airflow/models/dagbag.py", line 351, in parse
    loader.exec_module(new_module)
  File "<frozen importlib._bootstrap_external>", line 940, in exec_module
  File "<frozen importlib._bootstrap>", line 241, in _call_with_frames_removed
  File "/opt/airflow/dags/drift_check_dag.py", line 8, in <module>
    from evidently.report import Report
ModuleNotFoundError: No module named 'evidently.report'
[2026-06-06T07:58:05.196+0000] {processor.py:842} WARNING - No viable dags retrieved from /opt/airflow/dags/drift_check_dag.py
[2026-06-06T07:58:05.211+0000] {processor.py:183} INFO - Processing /opt/airflow/dags/drift_check_dag.py took 5.007 seconds
[2026-06-06T07:58:35.385+0000] {processor.py:161} INFO - Started process (PID=593) to work on /opt/airflow/dags/drift_check_dag.py
[2026-06-06T07:58:35.389+0000] {processor.py:830} INFO - Processing file /opt/airflow/dags/drift_check_dag.py for tasks to queue
[2026-06-06T07:58:35.394+0000] {logging_mixin.py:188} INFO - [2026-06-06T07:58:35.393+0000] {dagbag.py:545} INFO - Filling up the DagBag from /opt/airflow/dags/drift_check_dag.py
[2026-06-06T07:58:40.268+0000] {logging_mixin.py:188} INFO - [2026-06-06T07:58:40.264+0000] {dagbag.py:355} ERROR - Failed to import: /opt/airflow/dags/drift_check_dag.py
Traceback (most recent call last):
  File "/home/airflow/.local/lib/python3.11/site-packages/airflow/models/dagbag.py", line 351, in parse
    loader.exec_module(new_module)
  File "<frozen importlib._bootstrap_external>", line 940, in exec_module
  File "<frozen importlib._bootstrap>", line 241, in _call_with_frames_removed
  File "/opt/airflow/dags/drift_check_dag.py", line 8, in <module>
    from evidently.report import Report
ModuleNotFoundError: No module named 'evidently.report'
[2026-06-06T07:58:40.270+0000] {processor.py:842} WARNING - No viable dags retrieved from /opt/airflow/dags/drift_check_dag.py
[2026-06-06T07:58:40.289+0000] {processor.py:183} INFO - Processing /opt/airflow/dags/drift_check_dag.py took 4.928 seconds
[2026-06-06T07:59:10.753+0000] {processor.py:161} INFO - Started process (PID=648) to work on /opt/airflow/dags/drift_check_dag.py
[2026-06-06T07:59:10.756+0000] {processor.py:830} INFO - Processing file /opt/airflow/dags/drift_check_dag.py for tasks to queue
[2026-06-06T07:59:10.763+0000] {logging_mixin.py:188} INFO - [2026-06-06T07:59:10.762+0000] {dagbag.py:545} INFO - Filling up the DagBag from /opt/airflow/dags/drift_check_dag.py
[2026-06-06T07:59:16.306+0000] {logging_mixin.py:188} INFO - [2026-06-06T07:59:16.301+0000] {dagbag.py:355} ERROR - Failed to import: /opt/airflow/dags/drift_check_dag.py
Traceback (most recent call last):
  File "/home/airflow/.local/lib/python3.11/site-packages/airflow/models/dagbag.py", line 351, in parse
    loader.exec_module(new_module)
  File "<frozen importlib._bootstrap_external>", line 940, in exec_module
  File "<frozen importlib._bootstrap>", line 241, in _call_with_frames_removed
  File "/opt/airflow/dags/drift_check_dag.py", line 8, in <module>
    from evidently.report import Report
ModuleNotFoundError: No module named 'evidently.report'
[2026-06-06T07:59:16.308+0000] {processor.py:842} WARNING - No viable dags retrieved from /opt/airflow/dags/drift_check_dag.py
[2026-06-06T07:59:16.338+0000] {processor.py:183} INFO - Processing /opt/airflow/dags/drift_check_dag.py took 5.606 seconds
[2026-06-06T08:02:04.395+0000] {processor.py:161} INFO - Started process (PID=296) to work on /opt/airflow/dags/drift_check_dag.py
[2026-06-06T08:02:04.396+0000] {processor.py:830} INFO - Processing file /opt/airflow/dags/drift_check_dag.py for tasks to queue
[2026-06-06T08:02:04.400+0000] {logging_mixin.py:188} INFO - [2026-06-06T08:02:04.399+0000] {dagbag.py:545} INFO - Filling up the DagBag from /opt/airflow/dags/drift_check_dag.py
[2026-06-06T08:02:13.795+0000] {processor.py:840} INFO - DAG(s) 'drift_check_dag' retrieved from /opt/airflow/dags/drift_check_dag.py
[2026-06-06T08:02:14.283+0000] {logging_mixin.py:188} INFO - [2026-06-06T08:02:14.280+0000] {override.py:1829} INFO - Created Permission View: can delete on DAG:drift_check_dag
[2026-06-06T08:02:14.320+0000] {logging_mixin.py:188} INFO - [2026-06-06T08:02:14.319+0000] {override.py:1829} INFO - Created Permission View: can read on DAG:drift_check_dag
[2026-06-06T08:02:14.353+0000] {logging_mixin.py:188} INFO - [2026-06-06T08:02:14.352+0000] {override.py:1829} INFO - Created Permission View: can edit on DAG:drift_check_dag
[2026-06-06T08:02:14.360+0000] {logging_mixin.py:188} INFO - [2026-06-06T08:02:14.359+0000] {dag.py:3096} INFO - Sync 1 DAGs
[2026-06-06T08:02:14.404+0000] {logging_mixin.py:188} INFO - [2026-06-06T08:02:14.403+0000] {dag.py:3118} INFO - Creating ORM DAG for drift_check_dag
[2026-06-06T08:02:14.427+0000] {logging_mixin.py:188} INFO - [2026-06-06T08:02:14.427+0000] {dag.py:3954} INFO - Setting next_dagrun for drift_check_dag to None, run_after=None
[2026-06-06T08:02:14.509+0000] {processor.py:183} INFO - Processing /opt/airflow/dags/drift_check_dag.py took 10.130 seconds
[2026-06-06T08:02:47.139+0000] {processor.py:161} INFO - Started process (PID=402) to work on /opt/airflow/dags/drift_check_dag.py
[2026-06-06T08:02:47.187+0000] {processor.py:830} INFO - Processing file /opt/airflow/dags/drift_check_dag.py for tasks to queue
[2026-06-06T08:02:47.203+0000] {logging_mixin.py:188} INFO - [2026-06-06T08:02:47.202+0000] {dagbag.py:545} INFO - Filling up the DagBag from /opt/airflow/dags/drift_check_dag.py
[2026-06-06T08:02:56.962+0000] {processor.py:840} INFO - DAG(s) 'drift_check_dag' retrieved from /opt/airflow/dags/drift_check_dag.py
[2026-06-06T08:02:57.005+0000] {logging_mixin.py:188} INFO - [2026-06-06T08:02:57.004+0000] {dag.py:3096} INFO - Sync 1 DAGs
[2026-06-06T08:02:57.018+0000] {logging_mixin.py:188} INFO - [2026-06-06T08:02:57.018+0000] {dag.py:3954} INFO - Setting next_dagrun for drift_check_dag to None, run_after=None
[2026-06-06T08:02:57.058+0000] {processor.py:183} INFO - Processing /opt/airflow/dags/drift_check_dag.py took 9.959 seconds
[2026-06-06T08:03:27.735+0000] {processor.py:161} INFO - Started process (PID=458) to work on /opt/airflow/dags/drift_check_dag.py
[2026-06-06T08:03:27.740+0000] {processor.py:830} INFO - Processing file /opt/airflow/dags/drift_check_dag.py for tasks to queue
[2026-06-06T08:03:27.753+0000] {logging_mixin.py:188} INFO - [2026-06-06T08:03:27.748+0000] {dagbag.py:545} INFO - Filling up the DagBag from /opt/airflow/dags/drift_check_dag.py
[2026-06-06T08:03:35.219+0000] {processor.py:840} INFO - DAG(s) 'drift_check_dag' retrieved from /opt/airflow/dags/drift_check_dag.py
[2026-06-06T08:03:35.261+0000] {logging_mixin.py:188} INFO - [2026-06-06T08:03:35.261+0000] {dag.py:3096} INFO - Sync 1 DAGs
[2026-06-06T08:03:35.278+0000] {logging_mixin.py:188} INFO - [2026-06-06T08:03:35.278+0000] {dag.py:3954} INFO - Setting next_dagrun for drift_check_dag to None, run_after=None
[2026-06-06T08:03:35.304+0000] {processor.py:183} INFO - Processing /opt/airflow/dags/drift_check_dag.py took 7.593 seconds
[2026-06-06T08:04:05.498+0000] {processor.py:161} INFO - Started process (PID=530) to work on /opt/airflow/dags/drift_check_dag.py
[2026-06-06T08:04:05.499+0000] {processor.py:830} INFO - Processing file /opt/airflow/dags/drift_check_dag.py for tasks to queue
[2026-06-06T08:04:05.507+0000] {logging_mixin.py:188} INFO - [2026-06-06T08:04:05.503+0000] {dagbag.py:545} INFO - Filling up the DagBag from /opt/airflow/dags/drift_check_dag.py
[2026-06-06T08:04:15.511+0000] {processor.py:840} INFO - DAG(s) 'drift_check_dag' retrieved from /opt/airflow/dags/drift_check_dag.py
[2026-06-06T08:04:15.566+0000] {logging_mixin.py:188} INFO - [2026-06-06T08:04:15.565+0000] {dag.py:3096} INFO - Sync 1 DAGs
[2026-06-06T08:04:15.594+0000] {logging_mixin.py:188} INFO - [2026-06-06T08:04:15.593+0000] {dag.py:3954} INFO - Setting next_dagrun for drift_check_dag to None, run_after=None
[2026-06-06T08:04:15.630+0000] {processor.py:183} INFO - Processing /opt/airflow/dags/drift_check_dag.py took 10.166 seconds
[2026-06-06T08:04:46.237+0000] {processor.py:161} INFO - Started process (PID=591) to work on /opt/airflow/dags/drift_check_dag.py
[2026-06-06T08:04:46.238+0000] {processor.py:830} INFO - Processing file /opt/airflow/dags/drift_check_dag.py for tasks to queue
[2026-06-06T08:04:46.240+0000] {logging_mixin.py:188} INFO - [2026-06-06T08:04:46.239+0000] {dagbag.py:545} INFO - Filling up the DagBag from /opt/airflow/dags/drift_check_dag.py
[2026-06-06T08:04:54.665+0000] {processor.py:840} INFO - DAG(s) 'drift_check_dag' retrieved from /opt/airflow/dags/drift_check_dag.py
[2026-06-06T08:04:54.725+0000] {logging_mixin.py:188} INFO - [2026-06-06T08:04:54.725+0000] {dag.py:3096} INFO - Sync 1 DAGs
[2026-06-06T08:04:54.751+0000] {logging_mixin.py:188} INFO - [2026-06-06T08:04:54.750+0000] {dag.py:3954} INFO - Setting next_dagrun for drift_check_dag to None, run_after=None
[2026-06-06T08:04:54.803+0000] {processor.py:183} INFO - Processing /opt/airflow/dags/drift_check_dag.py took 8.573 seconds
[2026-06-06T08:05:25.388+0000] {processor.py:161} INFO - Started process (PID=657) to work on /opt/airflow/dags/drift_check_dag.py
[2026-06-06T08:05:25.389+0000] {processor.py:830} INFO - Processing file /opt/airflow/dags/drift_check_dag.py for tasks to queue
[2026-06-06T08:05:25.392+0000] {logging_mixin.py:188} INFO - [2026-06-06T08:05:25.391+0000] {dagbag.py:545} INFO - Filling up the DagBag from /opt/airflow/dags/drift_check_dag.py
[2026-06-06T08:05:30.928+0000] {processor.py:840} INFO - DAG(s) 'drift_check_dag' retrieved from /opt/airflow/dags/drift_check_dag.py
[2026-06-06T08:05:30.971+0000] {logging_mixin.py:188} INFO - [2026-06-06T08:05:30.970+0000] {dag.py:3096} INFO - Sync 1 DAGs
[2026-06-06T08:05:30.992+0000] {logging_mixin.py:188} INFO - [2026-06-06T08:05:30.992+0000] {dag.py:3954} INFO - Setting next_dagrun for drift_check_dag to None, run_after=None
[2026-06-06T08:05:31.022+0000] {processor.py:183} INFO - Processing /opt/airflow/dags/drift_check_dag.py took 5.645 seconds
[2026-06-06T08:06:01.665+0000] {processor.py:161} INFO - Started process (PID=719) to work on /opt/airflow/dags/drift_check_dag.py
[2026-06-06T08:06:01.668+0000] {processor.py:830} INFO - Processing file /opt/airflow/dags/drift_check_dag.py for tasks to queue
[2026-06-06T08:06:01.673+0000] {logging_mixin.py:188} INFO - [2026-06-06T08:06:01.672+0000] {dagbag.py:545} INFO - Filling up the DagBag from /opt/airflow/dags/drift_check_dag.py
[2026-06-06T08:06:05.097+0000] {processor.py:840} INFO - DAG(s) 'drift_check_dag' retrieved from /opt/airflow/dags/drift_check_dag.py
[2026-06-06T08:06:05.121+0000] {logging_mixin.py:188} INFO - [2026-06-06T08:06:05.121+0000] {dag.py:3096} INFO - Sync 1 DAGs
[2026-06-06T08:06:05.131+0000] {logging_mixin.py:188} INFO - [2026-06-06T08:06:05.131+0000] {dag.py:3954} INFO - Setting next_dagrun for drift_check_dag to None, run_after=None
[2026-06-06T08:06:05.151+0000] {processor.py:183} INFO - Processing /opt/airflow/dags/drift_check_dag.py took 3.504 seconds
[2026-06-06T08:06:35.506+0000] {processor.py:161} INFO - Started process (PID=780) to work on /opt/airflow/dags/drift_check_dag.py
[2026-06-06T08:06:35.508+0000] {processor.py:830} INFO - Processing file /opt/airflow/dags/drift_check_dag.py for tasks to queue
[2026-06-06T08:06:35.513+0000] {logging_mixin.py:188} INFO - [2026-06-06T08:06:35.513+0000] {dagbag.py:545} INFO - Filling up the DagBag from /opt/airflow/dags/drift_check_dag.py
[2026-06-06T08:06:39.120+0000] {processor.py:840} INFO - DAG(s) 'drift_check_dag' retrieved from /opt/airflow/dags/drift_check_dag.py
[2026-06-06T08:06:39.141+0000] {logging_mixin.py:188} INFO - [2026-06-06T08:06:39.140+0000] {dag.py:3096} INFO - Sync 1 DAGs
[2026-06-06T08:06:39.150+0000] {logging_mixin.py:188} INFO - [2026-06-06T08:06:39.150+0000] {dag.py:3954} INFO - Setting next_dagrun for drift_check_dag to None, run_after=None
[2026-06-06T08:06:39.170+0000] {processor.py:183} INFO - Processing /opt/airflow/dags/drift_check_dag.py took 3.684 seconds
[2026-06-06T08:07:08.877+0000] {processor.py:161} INFO - Started process (PID=834) to work on /opt/airflow/dags/drift_check_dag.py
[2026-06-06T08:07:08.881+0000] {processor.py:830} INFO - Processing file /opt/airflow/dags/drift_check_dag.py for tasks to queue
[2026-06-06T08:07:08.887+0000] {logging_mixin.py:188} INFO - [2026-06-06T08:07:08.885+0000] {dagbag.py:545} INFO - Filling up the DagBag from /opt/airflow/dags/drift_check_dag.py
[2026-06-06T08:07:15.063+0000] {processor.py:840} INFO - DAG(s) 'drift_check_dag' retrieved from /opt/airflow/dags/drift_check_dag.py
[2026-06-06T08:07:15.098+0000] {logging_mixin.py:188} INFO - [2026-06-06T08:07:15.097+0000] {dag.py:3096} INFO - Sync 1 DAGs
[2026-06-06T08:07:15.111+0000] {logging_mixin.py:188} INFO - [2026-06-06T08:07:15.111+0000] {dag.py:3954} INFO - Setting next_dagrun for drift_check_dag to None, run_after=None
[2026-06-06T08:07:15.141+0000] {processor.py:183} INFO - Processing /opt/airflow/dags/drift_check_dag.py took 6.286 seconds
[2026-06-06T08:07:45.404+0000] {processor.py:161} INFO - Started process (PID=909) to work on /opt/airflow/dags/drift_check_dag.py
[2026-06-06T08:07:45.405+0000] {processor.py:830} INFO - Processing file /opt/airflow/dags/drift_check_dag.py for tasks to queue
[2026-06-06T08:07:45.407+0000] {logging_mixin.py:188} INFO - [2026-06-06T08:07:45.406+0000] {dagbag.py:545} INFO - Filling up the DagBag from /opt/airflow/dags/drift_check_dag.py
[2026-06-06T08:07:49.982+0000] {processor.py:840} INFO - DAG(s) 'drift_check_dag' retrieved from /opt/airflow/dags/drift_check_dag.py
[2026-06-06T08:07:50.005+0000] {logging_mixin.py:188} INFO - [2026-06-06T08:07:50.005+0000] {dag.py:3096} INFO - Sync 1 DAGs
[2026-06-06T08:07:50.016+0000] {logging_mixin.py:188} INFO - [2026-06-06T08:07:50.016+0000] {dag.py:3954} INFO - Setting next_dagrun for drift_check_dag to None, run_after=None
[2026-06-06T08:07:50.041+0000] {processor.py:183} INFO - Processing /opt/airflow/dags/drift_check_dag.py took 4.645 seconds
[2026-06-06T08:08:20.357+0000] {processor.py:161} INFO - Started process (PID=970) to work on /opt/airflow/dags/drift_check_dag.py
[2026-06-06T08:08:20.359+0000] {processor.py:830} INFO - Processing file /opt/airflow/dags/drift_check_dag.py for tasks to queue
[2026-06-06T08:08:20.365+0000] {logging_mixin.py:188} INFO - [2026-06-06T08:08:20.364+0000] {dagbag.py:545} INFO - Filling up the DagBag from /opt/airflow/dags/drift_check_dag.py
[2026-06-06T08:08:24.377+0000] {processor.py:840} INFO - DAG(s) 'drift_check_dag' retrieved from /opt/airflow/dags/drift_check_dag.py
[2026-06-06T08:08:24.424+0000] {logging_mixin.py:188} INFO - [2026-06-06T08:08:24.423+0000] {dag.py:3096} INFO - Sync 1 DAGs
[2026-06-06T08:08:24.437+0000] {logging_mixin.py:188} INFO - [2026-06-06T08:08:24.437+0000] {dag.py:3954} INFO - Setting next_dagrun for drift_check_dag to None, run_after=None
[2026-06-06T08:08:24.459+0000] {processor.py:183} INFO - Processing /opt/airflow/dags/drift_check_dag.py took 4.125 seconds
[2026-06-06T08:08:54.598+0000] {processor.py:161} INFO - Started process (PID=1024) to work on /opt/airflow/dags/drift_check_dag.py
[2026-06-06T08:08:54.600+0000] {processor.py:830} INFO - Processing file /opt/airflow/dags/drift_check_dag.py for tasks to queue
[2026-06-06T08:08:54.604+0000] {logging_mixin.py:188} INFO - [2026-06-06T08:08:54.603+0000] {dagbag.py:545} INFO - Filling up the DagBag from /opt/airflow/dags/drift_check_dag.py
[2026-06-06T08:08:58.517+0000] {processor.py:840} INFO - DAG(s) 'drift_check_dag' retrieved from /opt/airflow/dags/drift_check_dag.py
[2026-06-06T08:08:58.555+0000] {logging_mixin.py:188} INFO - [2026-06-06T08:08:58.555+0000] {dag.py:3096} INFO - Sync 1 DAGs
[2026-06-06T08:08:58.569+0000] {logging_mixin.py:188} INFO - [2026-06-06T08:08:58.569+0000] {dag.py:3954} INFO - Setting next_dagrun for drift_check_dag to None, run_after=None
[2026-06-06T08:08:58.598+0000] {processor.py:183} INFO - Processing /opt/airflow/dags/drift_check_dag.py took 4.031 seconds
[2026-06-06T08:09:29.082+0000] {processor.py:161} INFO - Started process (PID=1097) to work on /opt/airflow/dags/drift_check_dag.py
[2026-06-06T08:09:29.083+0000] {processor.py:830} INFO - Processing file /opt/airflow/dags/drift_check_dag.py for tasks to queue
[2026-06-06T08:09:29.085+0000] {logging_mixin.py:188} INFO - [2026-06-06T08:09:29.085+0000] {dagbag.py:545} INFO - Filling up the DagBag from /opt/airflow/dags/drift_check_dag.py
[2026-06-06T08:09:32.240+0000] {processor.py:840} INFO - DAG(s) 'drift_check_dag' retrieved from /opt/airflow/dags/drift_check_dag.py
[2026-06-06T08:09:32.261+0000] {logging_mixin.py:188} INFO - [2026-06-06T08:09:32.261+0000] {dag.py:3096} INFO - Sync 1 DAGs
[2026-06-06T08:09:32.272+0000] {logging_mixin.py:188} INFO - [2026-06-06T08:09:32.271+0000] {dag.py:3954} INFO - Setting next_dagrun for drift_check_dag to None, run_after=None
[2026-06-06T08:09:32.289+0000] {processor.py:183} INFO - Processing /opt/airflow/dags/drift_check_dag.py took 3.213 seconds
[2026-06-06T08:10:02.673+0000] {processor.py:161} INFO - Started process (PID=1168) to work on /opt/airflow/dags/drift_check_dag.py
[2026-06-06T08:10:02.674+0000] {processor.py:830} INFO - Processing file /opt/airflow/dags/drift_check_dag.py for tasks to queue
[2026-06-06T08:10:02.678+0000] {logging_mixin.py:188} INFO - [2026-06-06T08:10:02.677+0000] {dagbag.py:545} INFO - Filling up the DagBag from /opt/airflow/dags/drift_check_dag.py
[2026-06-06T08:10:09.503+0000] {processor.py:840} INFO - DAG(s) 'drift_check_dag' retrieved from /opt/airflow/dags/drift_check_dag.py
[2026-06-06T08:10:09.698+0000] {logging_mixin.py:188} INFO - [2026-06-06T08:10:09.697+0000] {dag.py:3096} INFO - Sync 1 DAGs
[2026-06-06T08:10:09.751+0000] {logging_mixin.py:188} INFO - [2026-06-06T08:10:09.751+0000] {dag.py:3954} INFO - Setting next_dagrun for drift_check_dag to None, run_after=None
[2026-06-06T08:10:09.875+0000] {processor.py:183} INFO - Processing /opt/airflow/dags/drift_check_dag.py took 7.218 seconds
[2026-06-06T08:10:40.409+0000] {processor.py:161} INFO - Started process (PID=1224) to work on /opt/airflow/dags/drift_check_dag.py
[2026-06-06T08:10:40.410+0000] {processor.py:830} INFO - Processing file /opt/airflow/dags/drift_check_dag.py for tasks to queue
[2026-06-06T08:10:40.412+0000] {logging_mixin.py:188} INFO - [2026-06-06T08:10:40.412+0000] {dagbag.py:545} INFO - Filling up the DagBag from /opt/airflow/dags/drift_check_dag.py
[2026-06-06T08:10:44.545+0000] {processor.py:840} INFO - DAG(s) 'drift_check_dag' retrieved from /opt/airflow/dags/drift_check_dag.py
[2026-06-06T08:10:44.570+0000] {logging_mixin.py:188} INFO - [2026-06-06T08:10:44.570+0000] {dag.py:3096} INFO - Sync 1 DAGs
[2026-06-06T08:10:44.581+0000] {logging_mixin.py:188} INFO - [2026-06-06T08:10:44.581+0000] {dag.py:3954} INFO - Setting next_dagrun for drift_check_dag to None, run_after=None
[2026-06-06T08:10:44.604+0000] {processor.py:183} INFO - Processing /opt/airflow/dags/drift_check_dag.py took 4.206 seconds
[2026-06-06T08:11:14.878+0000] {processor.py:161} INFO - Started process (PID=1285) to work on /opt/airflow/dags/drift_check_dag.py
[2026-06-06T08:11:14.881+0000] {processor.py:830} INFO - Processing file /opt/airflow/dags/drift_check_dag.py for tasks to queue
[2026-06-06T08:11:14.887+0000] {logging_mixin.py:188} INFO - [2026-06-06T08:11:14.885+0000] {dagbag.py:545} INFO - Filling up the DagBag from /opt/airflow/dags/drift_check_dag.py
[2026-06-06T08:11:18.426+0000] {processor.py:840} INFO - DAG(s) 'drift_check_dag' retrieved from /opt/airflow/dags/drift_check_dag.py
[2026-06-06T08:11:18.450+0000] {logging_mixin.py:188} INFO - [2026-06-06T08:11:18.450+0000] {dag.py:3096} INFO - Sync 1 DAGs
[2026-06-06T08:11:18.460+0000] {logging_mixin.py:188} INFO - [2026-06-06T08:11:18.460+0000] {dag.py:3954} INFO - Setting next_dagrun for drift_check_dag to None, run_after=None
[2026-06-06T08:11:18.486+0000] {processor.py:183} INFO - Processing /opt/airflow/dags/drift_check_dag.py took 3.628 seconds
[2026-06-06T08:11:49.058+0000] {processor.py:161} INFO - Started process (PID=1346) to work on /opt/airflow/dags/drift_check_dag.py
[2026-06-06T08:11:49.063+0000] {processor.py:830} INFO - Processing file /opt/airflow/dags/drift_check_dag.py for tasks to queue
[2026-06-06T08:11:49.068+0000] {logging_mixin.py:188} INFO - [2026-06-06T08:11:49.067+0000] {dagbag.py:545} INFO - Filling up the DagBag from /opt/airflow/dags/drift_check_dag.py
[2026-06-06T08:11:52.773+0000] {processor.py:840} INFO - DAG(s) 'drift_check_dag' retrieved from /opt/airflow/dags/drift_check_dag.py
[2026-06-06T08:11:52.796+0000] {logging_mixin.py:188} INFO - [2026-06-06T08:11:52.796+0000] {dag.py:3096} INFO - Sync 1 DAGs
[2026-06-06T08:11:52.809+0000] {logging_mixin.py:188} INFO - [2026-06-06T08:11:52.809+0000] {dag.py:3954} INFO - Setting next_dagrun for drift_check_dag to None, run_after=None
[2026-06-06T08:11:52.832+0000] {processor.py:183} INFO - Processing /opt/airflow/dags/drift_check_dag.py took 3.800 seconds
[2026-06-06T08:12:23.212+0000] {processor.py:161} INFO - Started process (PID=1419) to work on /opt/airflow/dags/drift_check_dag.py
[2026-06-06T08:12:23.215+0000] {processor.py:830} INFO - Processing file /opt/airflow/dags/drift_check_dag.py for tasks to queue
[2026-06-06T08:12:23.219+0000] {logging_mixin.py:188} INFO - [2026-06-06T08:12:23.219+0000] {dagbag.py:545} INFO - Filling up the DagBag from /opt/airflow/dags/drift_check_dag.py
[2026-06-06T08:12:28.361+0000] {processor.py:840} INFO - DAG(s) 'drift_check_dag' retrieved from /opt/airflow/dags/drift_check_dag.py
[2026-06-06T08:12:28.392+0000] {logging_mixin.py:188} INFO - [2026-06-06T08:12:28.391+0000] {dag.py:3096} INFO - Sync 1 DAGs
[2026-06-06T08:12:28.404+0000] {logging_mixin.py:188} INFO - [2026-06-06T08:12:28.404+0000] {dag.py:3954} INFO - Setting next_dagrun for drift_check_dag to None, run_after=None
[2026-06-06T08:12:28.427+0000] {processor.py:183} INFO - Processing /opt/airflow/dags/drift_check_dag.py took 5.230 seconds
[2026-06-06T08:12:58.935+0000] {processor.py:161} INFO - Started process (PID=1473) to work on /opt/airflow/dags/drift_check_dag.py
[2026-06-06T08:12:58.937+0000] {processor.py:830} INFO - Processing file /opt/airflow/dags/drift_check_dag.py for tasks to queue
[2026-06-06T08:12:58.940+0000] {logging_mixin.py:188} INFO - [2026-06-06T08:12:58.940+0000] {dagbag.py:545} INFO - Filling up the DagBag from /opt/airflow/dags/drift_check_dag.py
[2026-06-06T08:13:02.139+0000] {processor.py:840} INFO - DAG(s) 'drift_check_dag' retrieved from /opt/airflow/dags/drift_check_dag.py
[2026-06-06T08:13:02.159+0000] {logging_mixin.py:188} INFO - [2026-06-06T08:13:02.159+0000] {dag.py:3096} INFO - Sync 1 DAGs
[2026-06-06T08:13:02.168+0000] {logging_mixin.py:188} INFO - [2026-06-06T08:13:02.167+0000] {dag.py:3954} INFO - Setting next_dagrun for drift_check_dag to None, run_after=None
[2026-06-06T08:13:02.191+0000] {processor.py:183} INFO - Processing /opt/airflow/dags/drift_check_dag.py took 3.275 seconds
[2026-06-06T08:13:32.684+0000] {processor.py:161} INFO - Started process (PID=1534) to work on /opt/airflow/dags/drift_check_dag.py
[2026-06-06T08:13:32.687+0000] {processor.py:830} INFO - Processing file /opt/airflow/dags/drift_check_dag.py for tasks to queue
[2026-06-06T08:13:32.691+0000] {logging_mixin.py:188} INFO - [2026-06-06T08:13:32.691+0000] {dagbag.py:545} INFO - Filling up the DagBag from /opt/airflow/dags/drift_check_dag.py
[2026-06-06T08:13:35.933+0000] {processor.py:840} INFO - DAG(s) 'drift_check_dag' retrieved from /opt/airflow/dags/drift_check_dag.py
[2026-06-06T08:13:35.952+0000] {logging_mixin.py:188} INFO - [2026-06-06T08:13:35.952+0000] {dag.py:3096} INFO - Sync 1 DAGs
[2026-06-06T08:13:35.961+0000] {logging_mixin.py:188} INFO - [2026-06-06T08:13:35.961+0000] {dag.py:3954} INFO - Setting next_dagrun for drift_check_dag to None, run_after=None
[2026-06-06T08:13:35.985+0000] {processor.py:183} INFO - Processing /opt/airflow/dags/drift_check_dag.py took 3.318 seconds
