[2026-06-06T04:55:10.974+0000] {processor.py:161} INFO - Started process (PID=2398) to work on /opt/airflow/dags/preprocess_data.py
[2026-06-06T04:55:10.975+0000] {processor.py:830} INFO - Processing file /opt/airflow/dags/preprocess_data.py for tasks to queue
[2026-06-06T04:55:10.977+0000] {logging_mixin.py:188} INFO - [2026-06-06T04:55:10.977+0000] {dagbag.py:545} INFO - Filling up the DagBag from /opt/airflow/dags/preprocess_data.py
[2026-06-06T04:55:11.685+0000] {processor.py:840} INFO - DAG(s) 'preprocess_loan_data' retrieved from /opt/airflow/dags/preprocess_data.py
[2026-06-06T04:55:11.901+0000] {logging_mixin.py:188} INFO - [2026-06-06T04:55:11.900+0000] {override.py:1829} INFO - Created Permission View: can delete on DAG:preprocess_loan_data
[2026-06-06T04:55:11.918+0000] {logging_mixin.py:188} INFO - [2026-06-06T04:55:11.918+0000] {override.py:1829} INFO - Created Permission View: can read on DAG:preprocess_loan_data
[2026-06-06T04:55:11.932+0000] {logging_mixin.py:188} INFO - [2026-06-06T04:55:11.931+0000] {override.py:1829} INFO - Created Permission View: can edit on DAG:preprocess_loan_data
[2026-06-06T04:55:11.933+0000] {logging_mixin.py:188} INFO - [2026-06-06T04:55:11.933+0000] {dag.py:3096} INFO - Sync 1 DAGs
[2026-06-06T04:55:11.952+0000] {logging_mixin.py:188} INFO - [2026-06-06T04:55:11.952+0000] {dag.py:3118} INFO - Creating ORM DAG for preprocess_loan_data
[2026-06-06T04:55:11.955+0000] {logging_mixin.py:188} INFO - [2026-06-06T04:55:11.955+0000] {dag.py:3954} INFO - Setting next_dagrun for preprocess_loan_data to None, run_after=None
[2026-06-06T04:55:11.984+0000] {processor.py:183} INFO - Processing /opt/airflow/dags/preprocess_data.py took 1.019 seconds
[2026-06-06T04:55:55.171+0000] {processor.py:161} INFO - Started process (PID=196) to work on /opt/airflow/dags/preprocess_data.py
[2026-06-06T04:55:55.173+0000] {processor.py:830} INFO - Processing file /opt/airflow/dags/preprocess_data.py for tasks to queue
[2026-06-06T04:55:55.176+0000] {logging_mixin.py:188} INFO - [2026-06-06T04:55:55.175+0000] {dagbag.py:545} INFO - Filling up the DagBag from /opt/airflow/dags/preprocess_data.py
[2026-06-06T04:55:57.991+0000] {processor.py:840} INFO - DAG(s) 'preprocess_loan_data' retrieved from /opt/airflow/dags/preprocess_data.py
[2026-06-06T04:55:58.021+0000] {logging_mixin.py:188} INFO - [2026-06-06T04:55:58.021+0000] {dag.py:3096} INFO - Sync 1 DAGs
[2026-06-06T04:55:58.036+0000] {logging_mixin.py:188} INFO - [2026-06-06T04:55:58.036+0000] {dag.py:3954} INFO - Setting next_dagrun for preprocess_loan_data to None, run_after=None
[2026-06-06T04:55:58.067+0000] {processor.py:183} INFO - Processing /opt/airflow/dags/preprocess_data.py took 2.908 seconds
[2026-06-06T04:56:28.217+0000] {processor.py:161} INFO - Started process (PID=223) to work on /opt/airflow/dags/preprocess_data.py
[2026-06-06T04:56:28.220+0000] {processor.py:830} INFO - Processing file /opt/airflow/dags/preprocess_data.py for tasks to queue
[2026-06-06T04:56:28.226+0000] {logging_mixin.py:188} INFO - [2026-06-06T04:56:28.226+0000] {dagbag.py:545} INFO - Filling up the DagBag from /opt/airflow/dags/preprocess_data.py
[2026-06-06T04:56:29.346+0000] {processor.py:840} INFO - DAG(s) 'preprocess_loan_data' retrieved from /opt/airflow/dags/preprocess_data.py
[2026-06-06T04:56:29.720+0000] {logging_mixin.py:188} INFO - [2026-06-06T04:56:29.720+0000] {dag.py:3096} INFO - Sync 1 DAGs
[2026-06-06T04:56:29.746+0000] {logging_mixin.py:188} INFO - [2026-06-06T04:56:29.745+0000] {dag.py:3954} INFO - Setting next_dagrun for preprocess_loan_data to None, run_after=None
[2026-06-06T04:56:29.805+0000] {processor.py:183} INFO - Processing /opt/airflow/dags/preprocess_data.py took 1.604 seconds
[2026-06-06T04:57:00.288+0000] {processor.py:161} INFO - Started process (PID=294) to work on /opt/airflow/dags/preprocess_data.py
[2026-06-06T04:57:00.293+0000] {processor.py:830} INFO - Processing file /opt/airflow/dags/preprocess_data.py for tasks to queue
[2026-06-06T04:57:00.298+0000] {logging_mixin.py:188} INFO - [2026-06-06T04:57:00.298+0000] {dagbag.py:545} INFO - Filling up the DagBag from /opt/airflow/dags/preprocess_data.py
[2026-06-06T04:57:01.494+0000] {processor.py:840} INFO - DAG(s) 'preprocess_loan_data' retrieved from /opt/airflow/dags/preprocess_data.py
[2026-06-06T04:57:01.537+0000] {logging_mixin.py:188} INFO - [2026-06-06T04:57:01.537+0000] {dag.py:3096} INFO - Sync 1 DAGs
[2026-06-06T04:57:01.552+0000] {logging_mixin.py:188} INFO - [2026-06-06T04:57:01.551+0000] {dag.py:3954} INFO - Setting next_dagrun for preprocess_loan_data to None, run_after=None
[2026-06-06T04:57:01.580+0000] {processor.py:183} INFO - Processing /opt/airflow/dags/preprocess_data.py took 1.319 seconds
[2026-06-06T04:57:31.958+0000] {processor.py:161} INFO - Started process (PID=327) to work on /opt/airflow/dags/preprocess_data.py
[2026-06-06T04:57:31.961+0000] {processor.py:830} INFO - Processing file /opt/airflow/dags/preprocess_data.py for tasks to queue
[2026-06-06T04:57:31.971+0000] {logging_mixin.py:188} INFO - [2026-06-06T04:57:31.966+0000] {dagbag.py:545} INFO - Filling up the DagBag from /opt/airflow/dags/preprocess_data.py
[2026-06-06T04:57:33.409+0000] {processor.py:840} INFO - DAG(s) 'preprocess_loan_data' retrieved from /opt/airflow/dags/preprocess_data.py
[2026-06-06T04:57:33.440+0000] {logging_mixin.py:188} INFO - [2026-06-06T04:57:33.439+0000] {dag.py:3096} INFO - Sync 1 DAGs
[2026-06-06T04:57:33.455+0000] {logging_mixin.py:188} INFO - [2026-06-06T04:57:33.454+0000] {dag.py:3954} INFO - Setting next_dagrun for preprocess_loan_data to None, run_after=None
[2026-06-06T04:57:33.484+0000] {processor.py:183} INFO - Processing /opt/airflow/dags/preprocess_data.py took 1.548 seconds
[2026-06-06T04:58:03.905+0000] {processor.py:161} INFO - Started process (PID=368) to work on /opt/airflow/dags/preprocess_data.py
[2026-06-06T04:58:03.909+0000] {processor.py:830} INFO - Processing file /opt/airflow/dags/preprocess_data.py for tasks to queue
[2026-06-06T04:58:03.932+0000] {logging_mixin.py:188} INFO - [2026-06-06T04:58:03.929+0000] {dagbag.py:545} INFO - Filling up the DagBag from /opt/airflow/dags/preprocess_data.py
[2026-06-06T04:58:05.493+0000] {processor.py:840} INFO - DAG(s) 'preprocess_loan_data' retrieved from /opt/airflow/dags/preprocess_data.py
[2026-06-06T04:58:05.531+0000] {logging_mixin.py:188} INFO - [2026-06-06T04:58:05.530+0000] {dag.py:3096} INFO - Sync 1 DAGs
[2026-06-06T04:58:05.558+0000] {logging_mixin.py:188} INFO - [2026-06-06T04:58:05.558+0000] {dag.py:3954} INFO - Setting next_dagrun for preprocess_loan_data to None, run_after=None
[2026-06-06T04:58:05.597+0000] {processor.py:183} INFO - Processing /opt/airflow/dags/preprocess_data.py took 1.724 seconds
[2026-06-06T04:58:36.023+0000] {processor.py:161} INFO - Started process (PID=394) to work on /opt/airflow/dags/preprocess_data.py
[2026-06-06T04:58:36.026+0000] {processor.py:830} INFO - Processing file /opt/airflow/dags/preprocess_data.py for tasks to queue
[2026-06-06T04:58:36.031+0000] {logging_mixin.py:188} INFO - [2026-06-06T04:58:36.030+0000] {dagbag.py:545} INFO - Filling up the DagBag from /opt/airflow/dags/preprocess_data.py
[2026-06-06T04:58:37.186+0000] {processor.py:840} INFO - DAG(s) 'preprocess_loan_data' retrieved from /opt/airflow/dags/preprocess_data.py
[2026-06-06T04:58:37.227+0000] {logging_mixin.py:188} INFO - [2026-06-06T04:58:37.227+0000] {dag.py:3096} INFO - Sync 1 DAGs
[2026-06-06T04:58:37.248+0000] {logging_mixin.py:188} INFO - [2026-06-06T04:58:37.248+0000] {dag.py:3954} INFO - Setting next_dagrun for preprocess_loan_data to None, run_after=None
[2026-06-06T04:58:37.283+0000] {processor.py:183} INFO - Processing /opt/airflow/dags/preprocess_data.py took 1.280 seconds
[2026-06-06T04:59:07.679+0000] {processor.py:161} INFO - Started process (PID=420) to work on /opt/airflow/dags/preprocess_data.py
[2026-06-06T04:59:07.681+0000] {processor.py:830} INFO - Processing file /opt/airflow/dags/preprocess_data.py for tasks to queue
[2026-06-06T04:59:07.682+0000] {logging_mixin.py:188} INFO - [2026-06-06T04:59:07.682+0000] {dagbag.py:545} INFO - Filling up the DagBag from /opt/airflow/dags/preprocess_data.py
[2026-06-06T04:59:08.313+0000] {processor.py:840} INFO - DAG(s) 'preprocess_loan_data' retrieved from /opt/airflow/dags/preprocess_data.py
[2026-06-06T04:59:08.343+0000] {logging_mixin.py:188} INFO - [2026-06-06T04:59:08.343+0000] {dag.py:3096} INFO - Sync 1 DAGs
[2026-06-06T04:59:08.356+0000] {logging_mixin.py:188} INFO - [2026-06-06T04:59:08.356+0000] {dag.py:3954} INFO - Setting next_dagrun for preprocess_loan_data to None, run_after=None
[2026-06-06T04:59:08.378+0000] {processor.py:183} INFO - Processing /opt/airflow/dags/preprocess_data.py took 0.707 seconds
[2026-06-06T04:59:38.830+0000] {processor.py:161} INFO - Started process (PID=453) to work on /opt/airflow/dags/preprocess_data.py
[2026-06-06T04:59:38.835+0000] {processor.py:830} INFO - Processing file /opt/airflow/dags/preprocess_data.py for tasks to queue
[2026-06-06T04:59:38.843+0000] {logging_mixin.py:188} INFO - [2026-06-06T04:59:38.841+0000] {dagbag.py:545} INFO - Filling up the DagBag from /opt/airflow/dags/preprocess_data.py
[2026-06-06T04:59:39.571+0000] {processor.py:840} INFO - DAG(s) 'preprocess_loan_data' retrieved from /opt/airflow/dags/preprocess_data.py
[2026-06-06T04:59:39.607+0000] {logging_mixin.py:188} INFO - [2026-06-06T04:59:39.606+0000] {dag.py:3096} INFO - Sync 1 DAGs
[2026-06-06T04:59:39.627+0000] {logging_mixin.py:188} INFO - [2026-06-06T04:59:39.627+0000] {dag.py:3954} INFO - Setting next_dagrun for preprocess_loan_data to None, run_after=None
[2026-06-06T04:59:39.684+0000] {processor.py:183} INFO - Processing /opt/airflow/dags/preprocess_data.py took 0.880 seconds
