[2026-06-06T05:10:11.719+0000] {processor.py:161} INFO - Started process (PID=335) to work on /opt/airflow/dags/train_model.py
[2026-06-06T05:10:11.721+0000] {processor.py:830} INFO - Processing file /opt/airflow/dags/train_model.py for tasks to queue
[2026-06-06T05:10:11.724+0000] {logging_mixin.py:188} INFO - [2026-06-06T05:10:11.724+0000] {dagbag.py:545} INFO - Filling up the DagBag from /opt/airflow/dags/train_model.py
[2026-06-06T05:10:17.274+0000] {processor.py:840} INFO - DAG(s) 'train_loan_model' retrieved from /opt/airflow/dags/train_model.py
[2026-06-06T05:10:17.579+0000] {logging_mixin.py:188} INFO - [2026-06-06T05:10:17.578+0000] {override.py:1829} INFO - Created Permission View: can delete on DAG:train_loan_model
[2026-06-06T05:10:17.596+0000] {logging_mixin.py:188} INFO - [2026-06-06T05:10:17.595+0000] {override.py:1829} INFO - Created Permission View: can edit on DAG:train_loan_model
[2026-06-06T05:10:17.606+0000] {logging_mixin.py:188} INFO - [2026-06-06T05:10:17.606+0000] {override.py:1829} INFO - Created Permission View: can read on DAG:train_loan_model
[2026-06-06T05:10:17.608+0000] {logging_mixin.py:188} INFO - [2026-06-06T05:10:17.607+0000] {dag.py:3096} INFO - Sync 1 DAGs
[2026-06-06T05:10:17.626+0000] {logging_mixin.py:188} INFO - [2026-06-06T05:10:17.625+0000] {dag.py:3118} INFO - Creating ORM DAG for train_loan_model
[2026-06-06T05:10:17.627+0000] {logging_mixin.py:188} INFO - [2026-06-06T05:10:17.627+0000] {dag.py:3954} INFO - Setting next_dagrun for train_loan_model to None, run_after=None
[2026-06-06T05:10:17.652+0000] {processor.py:183} INFO - Processing /opt/airflow/dags/train_model.py took 5.945 seconds
[2026-06-06T05:10:47.990+0000] {processor.py:161} INFO - Started process (PID=425) to work on /opt/airflow/dags/train_model.py
[2026-06-06T05:10:47.991+0000] {processor.py:830} INFO - Processing file /opt/airflow/dags/train_model.py for tasks to queue
[2026-06-06T05:10:47.994+0000] {logging_mixin.py:188} INFO - [2026-06-06T05:10:47.993+0000] {dagbag.py:545} INFO - Filling up the DagBag from /opt/airflow/dags/train_model.py
[2026-06-06T05:10:51.281+0000] {processor.py:840} INFO - DAG(s) 'train_loan_model' retrieved from /opt/airflow/dags/train_model.py
[2026-06-06T05:10:51.465+0000] {logging_mixin.py:188} INFO - [2026-06-06T05:10:51.464+0000] {dag.py:3096} INFO - Sync 1 DAGs
[2026-06-06T05:10:51.479+0000] {logging_mixin.py:188} INFO - [2026-06-06T05:10:51.479+0000] {dag.py:3954} INFO - Setting next_dagrun for train_loan_model to None, run_after=None
[2026-06-06T05:10:51.501+0000] {processor.py:183} INFO - Processing /opt/airflow/dags/train_model.py took 3.518 seconds
[2026-06-06T05:11:22.044+0000] {processor.py:161} INFO - Started process (PID=477) to work on /opt/airflow/dags/train_model.py
[2026-06-06T05:11:22.053+0000] {processor.py:830} INFO - Processing file /opt/airflow/dags/train_model.py for tasks to queue
[2026-06-06T05:11:22.066+0000] {logging_mixin.py:188} INFO - [2026-06-06T05:11:22.065+0000] {dagbag.py:545} INFO - Filling up the DagBag from /opt/airflow/dags/train_model.py
[2026-06-06T05:11:27.097+0000] {processor.py:840} INFO - DAG(s) 'train_loan_model' retrieved from /opt/airflow/dags/train_model.py
[2026-06-06T05:11:27.141+0000] {logging_mixin.py:188} INFO - [2026-06-06T05:11:27.139+0000] {dag.py:3096} INFO - Sync 1 DAGs
[2026-06-06T05:11:27.163+0000] {logging_mixin.py:188} INFO - [2026-06-06T05:11:27.162+0000] {dag.py:3954} INFO - Setting next_dagrun for train_loan_model to None, run_after=None
[2026-06-06T05:11:27.196+0000] {processor.py:183} INFO - Processing /opt/airflow/dags/train_model.py took 5.183 seconds
[2026-06-06T05:11:57.720+0000] {processor.py:161} INFO - Started process (PID=529) to work on /opt/airflow/dags/train_model.py
[2026-06-06T05:11:57.722+0000] {processor.py:830} INFO - Processing file /opt/airflow/dags/train_model.py for tasks to queue
[2026-06-06T05:11:57.726+0000] {logging_mixin.py:188} INFO - [2026-06-06T05:11:57.726+0000] {dagbag.py:545} INFO - Filling up the DagBag from /opt/airflow/dags/train_model.py
[2026-06-06T05:12:02.558+0000] {processor.py:840} INFO - DAG(s) 'train_loan_model' retrieved from /opt/airflow/dags/train_model.py
[2026-06-06T05:12:02.616+0000] {logging_mixin.py:188} INFO - [2026-06-06T05:12:02.615+0000] {dag.py:3096} INFO - Sync 1 DAGs
[2026-06-06T05:12:02.639+0000] {logging_mixin.py:188} INFO - [2026-06-06T05:12:02.639+0000] {dag.py:3954} INFO - Setting next_dagrun for train_loan_model to None, run_after=None
[2026-06-06T05:12:02.686+0000] {processor.py:183} INFO - Processing /opt/airflow/dags/train_model.py took 4.977 seconds
[2026-06-06T05:12:33.148+0000] {processor.py:161} INFO - Started process (PID=570) to work on /opt/airflow/dags/train_model.py
[2026-06-06T05:12:33.150+0000] {processor.py:830} INFO - Processing file /opt/airflow/dags/train_model.py for tasks to queue
[2026-06-06T05:12:33.155+0000] {logging_mixin.py:188} INFO - [2026-06-06T05:12:33.154+0000] {dagbag.py:545} INFO - Filling up the DagBag from /opt/airflow/dags/train_model.py
[2026-06-06T05:12:37.355+0000] {processor.py:840} INFO - DAG(s) 'train_loan_model' retrieved from /opt/airflow/dags/train_model.py
[2026-06-06T05:12:37.406+0000] {logging_mixin.py:188} INFO - [2026-06-06T05:12:37.405+0000] {dag.py:3096} INFO - Sync 1 DAGs
[2026-06-06T05:12:37.427+0000] {logging_mixin.py:188} INFO - [2026-06-06T05:12:37.427+0000] {dag.py:3954} INFO - Setting next_dagrun for train_loan_model to None, run_after=None
[2026-06-06T05:12:37.475+0000] {processor.py:183} INFO - Processing /opt/airflow/dags/train_model.py took 4.341 seconds
[2026-06-06T05:13:08.364+0000] {processor.py:161} INFO - Started process (PID=634) to work on /opt/airflow/dags/train_model.py
[2026-06-06T05:13:08.367+0000] {processor.py:830} INFO - Processing file /opt/airflow/dags/train_model.py for tasks to queue
[2026-06-06T05:13:08.372+0000] {logging_mixin.py:188} INFO - [2026-06-06T05:13:08.371+0000] {dagbag.py:545} INFO - Filling up the DagBag from /opt/airflow/dags/train_model.py
[2026-06-06T05:13:14.991+0000] {processor.py:840} INFO - DAG(s) 'train_loan_model' retrieved from /opt/airflow/dags/train_model.py
[2026-06-06T05:13:15.051+0000] {logging_mixin.py:188} INFO - [2026-06-06T05:13:15.050+0000] {dag.py:3096} INFO - Sync 1 DAGs
[2026-06-06T05:13:15.080+0000] {logging_mixin.py:188} INFO - [2026-06-06T05:13:15.079+0000] {dag.py:3954} INFO - Setting next_dagrun for train_loan_model to None, run_after=None
[2026-06-06T05:13:15.136+0000] {processor.py:183} INFO - Processing /opt/airflow/dags/train_model.py took 6.787 seconds
[2026-06-06T05:13:46.113+0000] {processor.py:161} INFO - Started process (PID=693) to work on /opt/airflow/dags/train_model.py
[2026-06-06T05:13:46.115+0000] {processor.py:830} INFO - Processing file /opt/airflow/dags/train_model.py for tasks to queue
[2026-06-06T05:13:46.120+0000] {logging_mixin.py:188} INFO - [2026-06-06T05:13:46.120+0000] {dagbag.py:545} INFO - Filling up the DagBag from /opt/airflow/dags/train_model.py
[2026-06-06T05:13:52.895+0000] {processor.py:840} INFO - DAG(s) 'train_loan_model' retrieved from /opt/airflow/dags/train_model.py
[2026-06-06T05:13:52.953+0000] {logging_mixin.py:188} INFO - [2026-06-06T05:13:52.952+0000] {dag.py:3096} INFO - Sync 1 DAGs
[2026-06-06T05:13:52.980+0000] {logging_mixin.py:188} INFO - [2026-06-06T05:13:52.979+0000] {dag.py:3954} INFO - Setting next_dagrun for train_loan_model to None, run_after=None
[2026-06-06T05:13:53.023+0000] {processor.py:183} INFO - Processing /opt/airflow/dags/train_model.py took 6.931 seconds
[2026-06-06T05:14:23.629+0000] {processor.py:161} INFO - Started process (PID=751) to work on /opt/airflow/dags/train_model.py
[2026-06-06T05:14:23.632+0000] {processor.py:830} INFO - Processing file /opt/airflow/dags/train_model.py for tasks to queue
[2026-06-06T05:14:23.636+0000] {logging_mixin.py:188} INFO - [2026-06-06T05:14:23.635+0000] {dagbag.py:545} INFO - Filling up the DagBag from /opt/airflow/dags/train_model.py
[2026-06-06T05:14:28.934+0000] {processor.py:840} INFO - DAG(s) 'train_loan_model' retrieved from /opt/airflow/dags/train_model.py
[2026-06-06T05:14:28.994+0000] {logging_mixin.py:188} INFO - [2026-06-06T05:14:28.992+0000] {dag.py:3096} INFO - Sync 1 DAGs
[2026-06-06T05:14:29.021+0000] {logging_mixin.py:188} INFO - [2026-06-06T05:14:29.020+0000] {dag.py:3954} INFO - Setting next_dagrun for train_loan_model to None, run_after=None
[2026-06-06T05:14:29.074+0000] {processor.py:183} INFO - Processing /opt/airflow/dags/train_model.py took 5.457 seconds
[2026-06-06T05:14:59.684+0000] {processor.py:161} INFO - Started process (PID=792) to work on /opt/airflow/dags/train_model.py
[2026-06-06T05:14:59.699+0000] {processor.py:830} INFO - Processing file /opt/airflow/dags/train_model.py for tasks to queue
[2026-06-06T05:14:59.705+0000] {logging_mixin.py:188} INFO - [2026-06-06T05:14:59.704+0000] {dagbag.py:545} INFO - Filling up the DagBag from /opt/airflow/dags/train_model.py
[2026-06-06T05:15:06.215+0000] {processor.py:840} INFO - DAG(s) 'train_loan_model' retrieved from /opt/airflow/dags/train_model.py
[2026-06-06T05:15:06.284+0000] {logging_mixin.py:188} INFO - [2026-06-06T05:15:06.284+0000] {dag.py:3096} INFO - Sync 1 DAGs
[2026-06-06T05:15:06.305+0000] {logging_mixin.py:188} INFO - [2026-06-06T05:15:06.305+0000] {dag.py:3954} INFO - Setting next_dagrun for train_loan_model to None, run_after=None
[2026-06-06T05:15:06.345+0000] {processor.py:183} INFO - Processing /opt/airflow/dags/train_model.py took 6.709 seconds
[2026-06-06T05:15:36.916+0000] {processor.py:161} INFO - Started process (PID=868) to work on /opt/airflow/dags/train_model.py
[2026-06-06T05:15:36.919+0000] {processor.py:830} INFO - Processing file /opt/airflow/dags/train_model.py for tasks to queue
[2026-06-06T05:15:36.938+0000] {logging_mixin.py:188} INFO - [2026-06-06T05:15:36.935+0000] {dagbag.py:545} INFO - Filling up the DagBag from /opt/airflow/dags/train_model.py
[2026-06-06T05:15:43.450+0000] {processor.py:840} INFO - DAG(s) 'train_loan_model' retrieved from /opt/airflow/dags/train_model.py
[2026-06-06T05:15:43.523+0000] {logging_mixin.py:188} INFO - [2026-06-06T05:15:43.522+0000] {dag.py:3096} INFO - Sync 1 DAGs
[2026-06-06T05:15:43.552+0000] {logging_mixin.py:188} INFO - [2026-06-06T05:15:43.551+0000] {dag.py:3954} INFO - Setting next_dagrun for train_loan_model to None, run_after=None
[2026-06-06T05:15:43.615+0000] {processor.py:183} INFO - Processing /opt/airflow/dags/train_model.py took 6.753 seconds
[2026-06-06T05:16:14.368+0000] {processor.py:161} INFO - Started process (PID=938) to work on /opt/airflow/dags/train_model.py
[2026-06-06T05:16:14.385+0000] {processor.py:830} INFO - Processing file /opt/airflow/dags/train_model.py for tasks to queue
[2026-06-06T05:16:14.452+0000] {logging_mixin.py:188} INFO - [2026-06-06T05:16:14.435+0000] {dagbag.py:545} INFO - Filling up the DagBag from /opt/airflow/dags/train_model.py
[2026-06-06T05:16:37.320+0000] {processor.py:840} INFO - DAG(s) 'train_loan_model' retrieved from /opt/airflow/dags/train_model.py
[2026-06-06T05:16:37.461+0000] {logging_mixin.py:188} INFO - [2026-06-06T05:16:37.460+0000] {dag.py:3096} INFO - Sync 1 DAGs
[2026-06-06T05:16:37.509+0000] {logging_mixin.py:188} INFO - [2026-06-06T05:16:37.509+0000] {dag.py:3954} INFO - Setting next_dagrun for train_loan_model to None, run_after=None
[2026-06-06T05:16:37.839+0000] {processor.py:183} INFO - Processing /opt/airflow/dags/train_model.py took 23.515 seconds
[2026-06-06T05:17:09.296+0000] {processor.py:161} INFO - Started process (PID=1002) to work on /opt/airflow/dags/train_model.py
[2026-06-06T05:17:09.301+0000] {processor.py:830} INFO - Processing file /opt/airflow/dags/train_model.py for tasks to queue
[2026-06-06T05:17:09.383+0000] {logging_mixin.py:188} INFO - [2026-06-06T05:17:09.346+0000] {dagbag.py:545} INFO - Filling up the DagBag from /opt/airflow/dags/train_model.py
[2026-06-06T05:17:27.517+0000] {processor.py:840} INFO - DAG(s) 'train_loan_model' retrieved from /opt/airflow/dags/train_model.py
[2026-06-06T05:17:27.668+0000] {logging_mixin.py:188} INFO - [2026-06-06T05:17:27.666+0000] {dag.py:3096} INFO - Sync 1 DAGs
[2026-06-06T05:17:27.727+0000] {logging_mixin.py:188} INFO - [2026-06-06T05:17:27.726+0000] {dag.py:3954} INFO - Setting next_dagrun for train_loan_model to None, run_after=None
[2026-06-06T05:17:27.827+0000] {processor.py:183} INFO - Processing /opt/airflow/dags/train_model.py took 18.619 seconds
[2026-06-06T05:17:59.451+0000] {processor.py:161} INFO - Started process (PID=1056) to work on /opt/airflow/dags/train_model.py
[2026-06-06T05:17:59.464+0000] {processor.py:830} INFO - Processing file /opt/airflow/dags/train_model.py for tasks to queue
[2026-06-06T05:17:59.498+0000] {logging_mixin.py:188} INFO - [2026-06-06T05:17:59.496+0000] {dagbag.py:545} INFO - Filling up the DagBag from /opt/airflow/dags/train_model.py
[2026-06-06T05:18:15.498+0000] {processor.py:840} INFO - DAG(s) 'train_loan_model' retrieved from /opt/airflow/dags/train_model.py
[2026-06-06T05:18:15.616+0000] {logging_mixin.py:188} INFO - [2026-06-06T05:18:15.615+0000] {dag.py:3096} INFO - Sync 1 DAGs
[2026-06-06T05:18:15.732+0000] {logging_mixin.py:188} INFO - [2026-06-06T05:18:15.729+0000] {dag.py:3954} INFO - Setting next_dagrun for train_loan_model to None, run_after=None
[2026-06-06T05:18:15.938+0000] {processor.py:183} INFO - Processing /opt/airflow/dags/train_model.py took 16.557 seconds
[2026-06-06T05:18:46.742+0000] {processor.py:161} INFO - Started process (PID=1103) to work on /opt/airflow/dags/train_model.py
[2026-06-06T05:18:46.752+0000] {processor.py:830} INFO - Processing file /opt/airflow/dags/train_model.py for tasks to queue
[2026-06-06T05:18:46.765+0000] {logging_mixin.py:188} INFO - [2026-06-06T05:18:46.764+0000] {dagbag.py:545} INFO - Filling up the DagBag from /opt/airflow/dags/train_model.py
[2026-06-06T05:19:00.228+0000] {processor.py:840} INFO - DAG(s) 'train_loan_model' retrieved from /opt/airflow/dags/train_model.py
[2026-06-06T05:19:00.306+0000] {logging_mixin.py:188} INFO - [2026-06-06T05:19:00.304+0000] {dag.py:3096} INFO - Sync 1 DAGs
[2026-06-06T05:19:00.418+0000] {logging_mixin.py:188} INFO - [2026-06-06T05:19:00.418+0000] {dag.py:3954} INFO - Setting next_dagrun for train_loan_model to None, run_after=None
[2026-06-06T05:19:00.534+0000] {processor.py:183} INFO - Processing /opt/airflow/dags/train_model.py took 13.886 seconds
[2026-06-06T05:19:30.955+0000] {processor.py:161} INFO - Started process (PID=1172) to work on /opt/airflow/dags/train_model.py
[2026-06-06T05:19:30.957+0000] {processor.py:830} INFO - Processing file /opt/airflow/dags/train_model.py for tasks to queue
[2026-06-06T05:19:30.961+0000] {logging_mixin.py:188} INFO - [2026-06-06T05:19:30.961+0000] {dagbag.py:545} INFO - Filling up the DagBag from /opt/airflow/dags/train_model.py
[2026-06-06T05:19:36.832+0000] {processor.py:840} INFO - DAG(s) 'train_loan_model' retrieved from /opt/airflow/dags/train_model.py
[2026-06-06T05:19:36.876+0000] {logging_mixin.py:188} INFO - [2026-06-06T05:19:36.876+0000] {dag.py:3096} INFO - Sync 1 DAGs
[2026-06-06T05:19:36.896+0000] {logging_mixin.py:188} INFO - [2026-06-06T05:19:36.895+0000] {dag.py:3954} INFO - Setting next_dagrun for train_loan_model to None, run_after=None
[2026-06-06T05:19:36.925+0000] {processor.py:183} INFO - Processing /opt/airflow/dags/train_model.py took 5.986 seconds
[2026-06-06T05:20:07.170+0000] {processor.py:161} INFO - Started process (PID=1221) to work on /opt/airflow/dags/train_model.py
[2026-06-06T05:20:07.172+0000] {processor.py:830} INFO - Processing file /opt/airflow/dags/train_model.py for tasks to queue
[2026-06-06T05:20:07.175+0000] {logging_mixin.py:188} INFO - [2026-06-06T05:20:07.175+0000] {dagbag.py:545} INFO - Filling up the DagBag from /opt/airflow/dags/train_model.py
[2026-06-06T05:20:11.360+0000] {processor.py:840} INFO - DAG(s) 'train_loan_model' retrieved from /opt/airflow/dags/train_model.py
[2026-06-06T05:20:11.444+0000] {logging_mixin.py:188} INFO - [2026-06-06T05:20:11.442+0000] {dag.py:3096} INFO - Sync 1 DAGs
[2026-06-06T05:20:11.480+0000] {logging_mixin.py:188} INFO - [2026-06-06T05:20:11.480+0000] {dag.py:3954} INFO - Setting next_dagrun for train_loan_model to None, run_after=None
[2026-06-06T05:20:11.545+0000] {processor.py:183} INFO - Processing /opt/airflow/dags/train_model.py took 4.386 seconds
[2026-06-06T05:20:41.784+0000] {processor.py:161} INFO - Started process (PID=1262) to work on /opt/airflow/dags/train_model.py
[2026-06-06T05:20:41.786+0000] {processor.py:830} INFO - Processing file /opt/airflow/dags/train_model.py for tasks to queue
[2026-06-06T05:20:41.790+0000] {logging_mixin.py:188} INFO - [2026-06-06T05:20:41.789+0000] {dagbag.py:545} INFO - Filling up the DagBag from /opt/airflow/dags/train_model.py
[2026-06-06T05:20:45.769+0000] {processor.py:840} INFO - DAG(s) 'train_loan_model' retrieved from /opt/airflow/dags/train_model.py
[2026-06-06T05:20:45.883+0000] {logging_mixin.py:188} INFO - [2026-06-06T05:20:45.880+0000] {dag.py:3096} INFO - Sync 1 DAGs
[2026-06-06T05:20:45.917+0000] {logging_mixin.py:188} INFO - [2026-06-06T05:20:45.916+0000] {dag.py:3954} INFO - Setting next_dagrun for train_loan_model to None, run_after=None
[2026-06-06T05:20:45.969+0000] {processor.py:183} INFO - Processing /opt/airflow/dags/train_model.py took 4.196 seconds
[2026-06-06T05:21:16.711+0000] {processor.py:161} INFO - Started process (PID=1303) to work on /opt/airflow/dags/train_model.py
[2026-06-06T05:21:16.715+0000] {processor.py:830} INFO - Processing file /opt/airflow/dags/train_model.py for tasks to queue
[2026-06-06T05:21:16.731+0000] {logging_mixin.py:188} INFO - [2026-06-06T05:21:16.730+0000] {dagbag.py:545} INFO - Filling up the DagBag from /opt/airflow/dags/train_model.py
[2026-06-06T05:21:21.190+0000] {processor.py:840} INFO - DAG(s) 'train_loan_model' retrieved from /opt/airflow/dags/train_model.py
[2026-06-06T05:21:21.270+0000] {logging_mixin.py:188} INFO - [2026-06-06T05:21:21.268+0000] {dag.py:3096} INFO - Sync 1 DAGs
[2026-06-06T05:21:21.319+0000] {logging_mixin.py:188} INFO - [2026-06-06T05:21:21.317+0000] {dag.py:3954} INFO - Setting next_dagrun for train_loan_model to None, run_after=None
[2026-06-06T05:21:21.404+0000] {processor.py:183} INFO - Processing /opt/airflow/dags/train_model.py took 4.715 seconds
[2026-06-06T05:21:51.641+0000] {processor.py:161} INFO - Started process (PID=1344) to work on /opt/airflow/dags/train_model.py
[2026-06-06T05:21:51.644+0000] {processor.py:830} INFO - Processing file /opt/airflow/dags/train_model.py for tasks to queue
[2026-06-06T05:21:51.650+0000] {logging_mixin.py:188} INFO - [2026-06-06T05:21:51.648+0000] {dagbag.py:545} INFO - Filling up the DagBag from /opt/airflow/dags/train_model.py
[2026-06-06T05:22:03.730+0000] {processor.py:840} INFO - DAG(s) 'train_loan_model' retrieved from /opt/airflow/dags/train_model.py
[2026-06-06T05:22:03.892+0000] {logging_mixin.py:188} INFO - [2026-06-06T05:22:03.891+0000] {dag.py:3096} INFO - Sync 1 DAGs
[2026-06-06T05:22:04.013+0000] {logging_mixin.py:188} INFO - [2026-06-06T05:22:04.011+0000] {dag.py:3954} INFO - Setting next_dagrun for train_loan_model to None, run_after=None
[2026-06-06T05:22:04.117+0000] {processor.py:183} INFO - Processing /opt/airflow/dags/train_model.py took 12.500 seconds
[2026-06-06T05:22:30.272+0000] {processor.py:161} INFO - Started process (PID=1414) to work on /opt/airflow/dags/train_model.py
[2026-06-06T05:22:30.274+0000] {processor.py:830} INFO - Processing file /opt/airflow/dags/train_model.py for tasks to queue
[2026-06-06T05:22:30.279+0000] {logging_mixin.py:188} INFO - [2026-06-06T05:22:30.278+0000] {dagbag.py:545} INFO - Filling up the DagBag from /opt/airflow/dags/train_model.py
[2026-06-06T05:22:34.923+0000] {processor.py:840} INFO - DAG(s) 'train_loan_model' retrieved from /opt/airflow/dags/train_model.py
[2026-06-06T05:22:34.962+0000] {logging_mixin.py:188} INFO - [2026-06-06T05:22:34.959+0000] {dag.py:3096} INFO - Sync 1 DAGs
[2026-06-06T05:22:34.981+0000] {logging_mixin.py:188} INFO - [2026-06-06T05:22:34.980+0000] {dag.py:3954} INFO - Setting next_dagrun for train_loan_model to None, run_after=None
[2026-06-06T05:22:35.035+0000] {processor.py:183} INFO - Processing /opt/airflow/dags/train_model.py took 4.785 seconds
[2026-06-06T05:26:31.309+0000] {processor.py:161} INFO - Started process (PID=294) to work on /opt/airflow/dags/train_model.py
[2026-06-06T05:26:31.312+0000] {processor.py:830} INFO - Processing file /opt/airflow/dags/train_model.py for tasks to queue
[2026-06-06T05:26:31.320+0000] {logging_mixin.py:188} INFO - [2026-06-06T05:26:31.319+0000] {dagbag.py:545} INFO - Filling up the DagBag from /opt/airflow/dags/train_model.py
[2026-06-06T05:26:41.163+0000] {processor.py:840} INFO - DAG(s) 'train_loan_model' retrieved from /opt/airflow/dags/train_model.py
[2026-06-06T05:26:41.594+0000] {logging_mixin.py:188} INFO - [2026-06-06T05:26:41.593+0000] {dag.py:3096} INFO - Sync 1 DAGs
[2026-06-06T05:26:41.654+0000] {logging_mixin.py:188} INFO - [2026-06-06T05:26:41.653+0000] {dag.py:3954} INFO - Setting next_dagrun for train_loan_model to None, run_after=None
[2026-06-06T05:26:41.746+0000] {processor.py:183} INFO - Processing /opt/airflow/dags/train_model.py took 10.478 seconds
[2026-06-06T05:27:12.846+0000] {processor.py:161} INFO - Started process (PID=355) to work on /opt/airflow/dags/train_model.py
[2026-06-06T05:27:12.889+0000] {processor.py:830} INFO - Processing file /opt/airflow/dags/train_model.py for tasks to queue
[2026-06-06T05:27:12.894+0000] {logging_mixin.py:188} INFO - [2026-06-06T05:27:12.893+0000] {dagbag.py:545} INFO - Filling up the DagBag from /opt/airflow/dags/train_model.py
[2026-06-06T05:27:28.417+0000] {processor.py:840} INFO - DAG(s) 'train_loan_model' retrieved from /opt/airflow/dags/train_model.py
[2026-06-06T05:27:28.723+0000] {logging_mixin.py:188} INFO - [2026-06-06T05:27:28.713+0000] {dag.py:3096} INFO - Sync 1 DAGs
[2026-06-06T05:27:28.876+0000] {logging_mixin.py:188} INFO - [2026-06-06T05:27:28.875+0000] {dag.py:3954} INFO - Setting next_dagrun for train_loan_model to None, run_after=None
[2026-06-06T05:27:29.102+0000] {processor.py:183} INFO - Processing /opt/airflow/dags/train_model.py took 16.344 seconds
[2026-06-06T05:28:01.514+0000] {processor.py:161} INFO - Started process (PID=431) to work on /opt/airflow/dags/train_model.py
[2026-06-06T05:28:01.543+0000] {processor.py:830} INFO - Processing file /opt/airflow/dags/train_model.py for tasks to queue
[2026-06-06T05:28:01.580+0000] {logging_mixin.py:188} INFO - [2026-06-06T05:28:01.579+0000] {dagbag.py:545} INFO - Filling up the DagBag from /opt/airflow/dags/train_model.py
[2026-06-06T05:28:21.648+0000] {processor.py:840} INFO - DAG(s) 'train_loan_model' retrieved from /opt/airflow/dags/train_model.py
[2026-06-06T05:28:21.913+0000] {logging_mixin.py:188} INFO - [2026-06-06T05:28:21.912+0000] {dag.py:3096} INFO - Sync 1 DAGs
[2026-06-06T05:28:21.957+0000] {logging_mixin.py:188} INFO - [2026-06-06T05:28:21.956+0000] {dag.py:3954} INFO - Setting next_dagrun for train_loan_model to None, run_after=None
[2026-06-06T05:28:22.165+0000] {processor.py:183} INFO - Processing /opt/airflow/dags/train_model.py took 20.722 seconds
[2026-06-06T05:28:53.338+0000] {processor.py:161} INFO - Started process (PID=502) to work on /opt/airflow/dags/train_model.py
[2026-06-06T05:28:53.353+0000] {processor.py:830} INFO - Processing file /opt/airflow/dags/train_model.py for tasks to queue
[2026-06-06T05:28:53.394+0000] {logging_mixin.py:188} INFO - [2026-06-06T05:28:53.373+0000] {dagbag.py:545} INFO - Filling up the DagBag from /opt/airflow/dags/train_model.py
[2026-06-06T05:29:06.126+0000] {processor.py:840} INFO - DAG(s) 'train_loan_model' retrieved from /opt/airflow/dags/train_model.py
[2026-06-06T05:29:06.663+0000] {logging_mixin.py:188} INFO - [2026-06-06T05:29:06.662+0000] {dag.py:3096} INFO - Sync 1 DAGs
[2026-06-06T05:29:06.760+0000] {logging_mixin.py:188} INFO - [2026-06-06T05:29:06.760+0000] {dag.py:3954} INFO - Setting next_dagrun for train_loan_model to None, run_after=None
[2026-06-06T05:29:07.185+0000] {processor.py:183} INFO - Processing /opt/airflow/dags/train_model.py took 13.881 seconds
[2026-06-06T05:29:39.557+0000] {processor.py:161} INFO - Started process (PID=547) to work on /opt/airflow/dags/train_model.py
[2026-06-06T05:29:39.572+0000] {processor.py:830} INFO - Processing file /opt/airflow/dags/train_model.py for tasks to queue
[2026-06-06T05:29:39.589+0000] {logging_mixin.py:188} INFO - [2026-06-06T05:29:39.588+0000] {dagbag.py:545} INFO - Filling up the DagBag from /opt/airflow/dags/train_model.py
[2026-06-06T05:29:51.402+0000] {processor.py:840} INFO - DAG(s) 'train_loan_model' retrieved from /opt/airflow/dags/train_model.py
[2026-06-06T05:29:51.517+0000] {logging_mixin.py:188} INFO - [2026-06-06T05:29:51.516+0000] {dag.py:3096} INFO - Sync 1 DAGs
[2026-06-06T05:29:51.617+0000] {logging_mixin.py:188} INFO - [2026-06-06T05:29:51.617+0000] {dag.py:3954} INFO - Setting next_dagrun for train_loan_model to None, run_after=None
[2026-06-06T05:29:51.740+0000] {processor.py:183} INFO - Processing /opt/airflow/dags/train_model.py took 12.403 seconds
[2026-06-06T05:30:22.684+0000] {processor.py:161} INFO - Started process (PID=606) to work on /opt/airflow/dags/train_model.py
[2026-06-06T05:30:22.689+0000] {processor.py:830} INFO - Processing file /opt/airflow/dags/train_model.py for tasks to queue
[2026-06-06T05:30:22.733+0000] {logging_mixin.py:188} INFO - [2026-06-06T05:30:22.732+0000] {dagbag.py:545} INFO - Filling up the DagBag from /opt/airflow/dags/train_model.py
[2026-06-06T05:30:51.218+0000] {processor.py:840} INFO - DAG(s) 'train_loan_model' retrieved from /opt/airflow/dags/train_model.py
[2026-06-06T05:30:51.718+0000] {logging_mixin.py:188} INFO - [2026-06-06T05:30:51.717+0000] {dag.py:3096} INFO - Sync 1 DAGs
[2026-06-06T05:30:52.132+0000] {logging_mixin.py:188} INFO - [2026-06-06T05:30:52.131+0000] {dag.py:3954} INFO - Setting next_dagrun for train_loan_model to None, run_after=None
[2026-06-06T05:30:52.410+0000] {processor.py:183} INFO - Processing /opt/airflow/dags/train_model.py took 29.795 seconds
[2026-06-06T05:31:23.930+0000] {processor.py:161} INFO - Started process (PID=662) to work on /opt/airflow/dags/train_model.py
[2026-06-06T05:31:23.936+0000] {processor.py:830} INFO - Processing file /opt/airflow/dags/train_model.py for tasks to queue
[2026-06-06T05:31:23.942+0000] {logging_mixin.py:188} INFO - [2026-06-06T05:31:23.941+0000] {dagbag.py:545} INFO - Filling up the DagBag from /opt/airflow/dags/train_model.py
[2026-06-06T05:31:35.052+0000] {processor.py:840} INFO - DAG(s) 'train_loan_model' retrieved from /opt/airflow/dags/train_model.py
[2026-06-06T05:31:35.126+0000] {logging_mixin.py:188} INFO - [2026-06-06T05:31:35.125+0000] {dag.py:3096} INFO - Sync 1 DAGs
[2026-06-06T05:31:35.158+0000] {logging_mixin.py:188} INFO - [2026-06-06T05:31:35.158+0000] {dag.py:3954} INFO - Setting next_dagrun for train_loan_model to None, run_after=None
[2026-06-06T05:31:35.209+0000] {processor.py:183} INFO - Processing /opt/airflow/dags/train_model.py took 11.335 seconds
[2026-06-06T05:32:05.735+0000] {processor.py:161} INFO - Started process (PID=735) to work on /opt/airflow/dags/train_model.py
[2026-06-06T05:32:05.753+0000] {processor.py:830} INFO - Processing file /opt/airflow/dags/train_model.py for tasks to queue
[2026-06-06T05:32:05.796+0000] {logging_mixin.py:188} INFO - [2026-06-06T05:32:05.795+0000] {dagbag.py:545} INFO - Filling up the DagBag from /opt/airflow/dags/train_model.py
[2026-06-06T05:32:26.651+0000] {processor.py:840} INFO - DAG(s) 'train_loan_model' retrieved from /opt/airflow/dags/train_model.py
[2026-06-06T05:32:26.906+0000] {logging_mixin.py:188} INFO - [2026-06-06T05:32:26.905+0000] {dag.py:3096} INFO - Sync 1 DAGs
[2026-06-06T05:32:27.014+0000] {logging_mixin.py:188} INFO - [2026-06-06T05:32:27.013+0000] {dag.py:3954} INFO - Setting next_dagrun for train_loan_model to None, run_after=None
[2026-06-06T05:32:27.269+0000] {processor.py:183} INFO - Processing /opt/airflow/dags/train_model.py took 21.591 seconds
[2026-06-06T05:32:59.028+0000] {processor.py:161} INFO - Started process (PID=788) to work on /opt/airflow/dags/train_model.py
[2026-06-06T05:32:59.050+0000] {processor.py:830} INFO - Processing file /opt/airflow/dags/train_model.py for tasks to queue
[2026-06-06T05:32:59.076+0000] {logging_mixin.py:188} INFO - [2026-06-06T05:32:59.075+0000] {dagbag.py:545} INFO - Filling up the DagBag from /opt/airflow/dags/train_model.py
[2026-06-06T05:33:15.224+0000] {processor.py:840} INFO - DAG(s) 'train_loan_model' retrieved from /opt/airflow/dags/train_model.py
[2026-06-06T05:33:15.487+0000] {logging_mixin.py:188} INFO - [2026-06-06T05:33:15.482+0000] {dag.py:3096} INFO - Sync 1 DAGs
[2026-06-06T05:33:15.712+0000] {logging_mixin.py:188} INFO - [2026-06-06T05:33:15.709+0000] {dag.py:3954} INFO - Setting next_dagrun for train_loan_model to None, run_after=None
[2026-06-06T05:33:16.000+0000] {processor.py:183} INFO - Processing /opt/airflow/dags/train_model.py took 17.098 seconds
[2026-06-06T05:33:47.209+0000] {processor.py:161} INFO - Started process (PID=834) to work on /opt/airflow/dags/train_model.py
[2026-06-06T05:33:47.230+0000] {processor.py:830} INFO - Processing file /opt/airflow/dags/train_model.py for tasks to queue
[2026-06-06T05:33:47.307+0000] {logging_mixin.py:188} INFO - [2026-06-06T05:33:47.270+0000] {dagbag.py:545} INFO - Filling up the DagBag from /opt/airflow/dags/train_model.py
[2026-06-06T05:34:02.418+0000] {processor.py:840} INFO - DAG(s) 'train_loan_model' retrieved from /opt/airflow/dags/train_model.py
[2026-06-06T05:34:02.538+0000] {logging_mixin.py:188} INFO - [2026-06-06T05:34:02.537+0000] {dag.py:3096} INFO - Sync 1 DAGs
[2026-06-06T05:34:02.703+0000] {logging_mixin.py:188} INFO - [2026-06-06T05:34:02.702+0000] {dag.py:3954} INFO - Setting next_dagrun for train_loan_model to None, run_after=None
[2026-06-06T05:34:02.862+0000] {processor.py:183} INFO - Processing /opt/airflow/dags/train_model.py took 15.787 seconds
[2026-06-06T05:34:34.040+0000] {processor.py:161} INFO - Started process (PID=880) to work on /opt/airflow/dags/train_model.py
[2026-06-06T05:34:34.122+0000] {processor.py:830} INFO - Processing file /opt/airflow/dags/train_model.py for tasks to queue
[2026-06-06T05:34:34.138+0000] {logging_mixin.py:188} INFO - [2026-06-06T05:34:34.137+0000] {dagbag.py:545} INFO - Filling up the DagBag from /opt/airflow/dags/train_model.py
