[2026-06-06T10:01:08.213+0000] {local_task_job_runner.py:120} INFO - ::group::Pre task execution logs
[2026-06-06T10:01:08.238+0000] {taskinstance.py:2076} INFO - Dependencies all met for dep_context=non-requeueable deps ti=<TaskInstance: train_loan_model.train_and_register_model manual__2026-06-06T10:01:04.452011+00:00 [queued]>
[2026-06-06T10:01:08.245+0000] {taskinstance.py:2076} INFO - Dependencies all met for dep_context=requeueable deps ti=<TaskInstance: train_loan_model.train_and_register_model manual__2026-06-06T10:01:04.452011+00:00 [queued]>
[2026-06-06T10:01:08.245+0000] {taskinstance.py:2306} INFO - Starting attempt 1 of 1
[2026-06-06T10:01:08.259+0000] {taskinstance.py:2330} INFO - Executing <Task(PythonOperator): train_and_register_model> on 2026-06-06 10:01:04.452011+00:00
[2026-06-06T10:01:08.267+0000] {standard_task_runner.py:63} INFO - Started process 13266 to run task
[2026-06-06T10:01:08.271+0000] {standard_task_runner.py:90} INFO - Running: ['***', 'tasks', 'run', 'train_loan_model', 'train_and_register_model', 'manual__2026-06-06T10:01:04.452011+00:00', '--job-id', '46', '--raw', '--subdir', 'DAGS_FOLDER/train_model.py', '--cfg-path', '/tmp/tmpydzrxfaa']
[2026-06-06T10:01:08.275+0000] {standard_task_runner.py:91} INFO - Job 46: Subtask train_and_register_model
[2026-06-06T10:01:08.326+0000] {task_command.py:426} INFO - Running <TaskInstance: train_loan_model.train_and_register_model manual__2026-06-06T10:01:04.452011+00:00 [running]> on host 7d2c0e5f18b2
[2026-06-06T10:01:08.412+0000] {taskinstance.py:2648} INFO - Exporting env vars: AIRFLOW_CTX_DAG_OWNER='***' AIRFLOW_CTX_DAG_ID='train_loan_model' AIRFLOW_CTX_TASK_ID='train_and_register_model' AIRFLOW_CTX_EXECUTION_DATE='2026-06-06T10:01:04.452011+00:00' AIRFLOW_CTX_TRY_NUMBER='1' AIRFLOW_CTX_DAG_RUN_ID='manual__2026-06-06T10:01:04.452011+00:00'
[2026-06-06T10:01:08.414+0000] {taskinstance.py:430} INFO - ::endgroup::
[2026-06-06T10:01:08.425+0000] {logging_mixin.py:188} INFO - Connecting to Redis...
[2026-06-06T10:01:08.955+0000] {logging_mixin.py:188} INFO - Loading preprocessed data from Redis key 'preprocess'...
[2026-06-06T10:01:12.632+0000] {logging_mixin.py:188} INFO - Loaded 564914 rows with columns: ['gender', 'marital_status', 'education_level', 'employment_status', 'loan_purpose', 'annual_income', 'loan_amount', 'credit_score', 'interest_rate', 'loan_paid_back']
[2026-06-06T10:01:13.353+0000] {logging_mixin.py:188} INFO - Connecting to MLflow at http://mlflow:5000...
[2026-06-06T10:01:13.493+0000] {logging_mixin.py:188} INFO - Training logistic regression model...
[2026-06-06T10:01:19.175+0000] {logging_mixin.py:188} INFO - Accuracy: 0.8990, F1: 0.9398, ROC-AUC: 0.8645
[2026-06-06T10:01:19.175+0000] {logging_mixin.py:188} INFO - Logging model to MLflow...
[2026-06-06T10:01:19.253+0000] {logging_mixin.py:188} WARNING - /home/***/.local/lib/python3.11/site-packages/mlflow/types/utils.py:407 UserWarning: Hint: Inferred schema contains integer column(s). Integer columns in Python cannot represent missing values. If your input data contains missing values at inference time, it will be encoded as floats and will cause a schema enforcement error. The best way to avoid this problem is to infer the model schema based on a realistic data sample (training dataset) that includes missing values. Alternatively, you can declare integer columns as doubles (float64) whenever these columns may have missing values. See `Handling Integers With Missing Values <https://www.mlflow.org/docs/latest/models.html#handling-integers-with-missing-values>`_ for more details.
[2026-06-06T10:01:19.262+0000] {logging_mixin.py:188} WARNING - /home/***/.local/lib/python3.11/site-packages/mlflow/types/utils.py:407 UserWarning: Hint: Inferred schema contains integer column(s). Integer columns in Python cannot represent missing values. If your input data contains missing values at inference time, it will be encoded as floats and will cause a schema enforcement error. The best way to avoid this problem is to infer the model schema based on a realistic data sample (training dataset) that includes missing values. Alternatively, you can declare integer columns as doubles (float64) whenever these columns may have missing values. See `Handling Integers With Missing Values <https://www.mlflow.org/docs/latest/models.html#handling-integers-with-missing-values>`_ for more details.
[2026-06-06T10:01:23.176+0000] {logging_mixin.py:188} WARNING - Downloading artifacts:   0%|          | 0/7 [00:00<?, ?it/s]
[2026-06-06T10:01:23.177+0000] {logging_mixin.py:188} WARNING - Downloading artifacts:  14%|█▍        | 1/7 [00:00<00:00, 8160.12it/s]
[2026-06-06T10:01:23.177+0000] {logging_mixin.py:188} WARNING - Downloading artifacts:  29%|██▊       | 2/7 [00:00<00:00, 4038.81it/s]
[2026-06-06T10:01:23.178+0000] {logging_mixin.py:188} WARNING - Downloading artifacts:  43%|████▎     | 3/7 [00:00<00:00, 3604.39it/s]
[2026-06-06T10:01:23.178+0000] {logging_mixin.py:188} WARNING - Downloading artifacts:  57%|█████▋    | 4/7 [00:00<00:00, 3494.53it/s]
[2026-06-06T10:01:23.178+0000] {logging_mixin.py:188} WARNING - Downloading artifacts:  71%|███████▏  | 5/7 [00:00<00:00, 3433.45it/s]
[2026-06-06T10:01:23.179+0000] {logging_mixin.py:188} WARNING - Downloading artifacts:  86%|████████▌ | 6/7 [00:00<00:00, 3333.22it/s]
[2026-06-06T10:01:23.179+0000] {logging_mixin.py:188} WARNING - Downloading artifacts: 100%|██████████| 7/7 [00:00<00:00, 3290.39it/s]
[2026-06-06T10:01:23.179+0000] {logging_mixin.py:188} WARNING - Downloading artifacts: 100%|██████████| 7/7 [00:00<00:00, 2823.09it/s]
[2026-06-06T10:01:23.226+0000] {logging_mixin.py:188} INFO - Registering model as 'loan_logistic_regression'...
[2026-06-06T10:01:23.258+0000] {logging_mixin.py:188} WARNING - Registered model 'loan_logistic_regression' already exists. Creating a new version of this model...
[2026-06-06T10:01:23.305+0000] {logging_mixin.py:188} WARNING - 2026/06/06 10:01:23 INFO mlflow.store.model_registry.abstract_store: Waiting up to 300 seconds for model version to finish creation. Model name: loan_logistic_regression, version 8
[2026-06-06T10:01:23.306+0000] {logging_mixin.py:188} WARNING - Created version '8' of model 'loan_logistic_regression'.
[2026-06-06T10:01:23.306+0000] {logging_mixin.py:188} INFO - Model logged to MLflow run_id: 48303f4dc4be407ba8af49d3b71b5dc2
[2026-06-06T10:01:23.306+0000] {logging_mixin.py:188} INFO - Model registered as: loan_logistic_regression
[2026-06-06T10:01:23.321+0000] {logging_mixin.py:188} WARNING - 2026/06/06 10:01:23 INFO mlflow.tracking._tracking_service.client: 🏃 View run logistic_regression_training at: http://mlflow:5000/#/experiments/1/runs/48303f4dc4be407ba8af49d3b71b5dc2.
[2026-06-06T10:01:23.321+0000] {logging_mixin.py:188} WARNING - 2026/06/06 10:01:23 INFO mlflow.tracking._tracking_service.client: 🧪 View experiment at: http://mlflow:5000/#/experiments/1.
[2026-06-06T10:01:23.692+0000] {python.py:237} INFO - Done. Returned value was: None
[2026-06-06T10:01:23.693+0000] {taskinstance.py:441} INFO - ::group::Post task execution logs
[2026-06-06T10:01:23.700+0000] {taskinstance.py:1206} INFO - Marking task as SUCCESS. dag_id=train_loan_model, task_id=train_and_register_model, run_id=manual__2026-06-06T10:01:04.452011+00:00, execution_date=20260606T100104, start_date=20260606T100108, end_date=20260606T100123
[2026-06-06T10:01:23.759+0000] {local_task_job_runner.py:240} INFO - Task exited with return code 0
[2026-06-06T10:01:23.772+0000] {taskinstance.py:3503} INFO - 0 downstream tasks scheduled from follow-on schedule check
[2026-06-06T10:01:23.774+0000] {local_task_job_runner.py:222} INFO - ::endgroup::
