[2026-06-07T07:36:45.034+0000] {local_task_job_runner.py:120} INFO - ::group::Pre task execution logs
[2026-06-07T07:36:45.124+0000] {taskinstance.py:2076} INFO - Dependencies all met for dep_context=non-requeueable deps ti=<TaskInstance: drift_check_dag.run_evidently_drift_check manual__2026-06-07T07:36:21.291605+00:00 [queued]>
[2026-06-07T07:36:45.132+0000] {taskinstance.py:2076} INFO - Dependencies all met for dep_context=requeueable deps ti=<TaskInstance: drift_check_dag.run_evidently_drift_check manual__2026-06-07T07:36:21.291605+00:00 [queued]>
[2026-06-07T07:36:45.133+0000] {taskinstance.py:2306} INFO - Starting attempt 1 of 1
[2026-06-07T07:36:45.149+0000] {taskinstance.py:2330} INFO - Executing <Task(PythonOperator): run_evidently_drift_check> on 2026-06-07 07:36:21.291605+00:00
[2026-06-07T07:36:45.179+0000] {standard_task_runner.py:63} INFO - Started process 3654 to run task
[2026-06-07T07:36:45.183+0000] {standard_task_runner.py:90} INFO - Running: ['***', 'tasks', 'run', 'drift_check_dag', 'run_evidently_drift_check', 'manual__2026-06-07T07:36:21.291605+00:00', '--job-id', '20', '--raw', '--subdir', 'DAGS_FOLDER/drift_check_dag.py', '--cfg-path', '/tmp/tmpioqa8rcf']
[2026-06-07T07:36:45.190+0000] {standard_task_runner.py:91} INFO - Job 20: Subtask run_evidently_drift_check
[2026-06-07T07:36:45.302+0000] {task_command.py:426} INFO - Running <TaskInstance: drift_check_dag.run_evidently_drift_check manual__2026-06-07T07:36:21.291605+00:00 [running]> on host ddee8681fe95
[2026-06-07T07:36:45.605+0000] {taskinstance.py:2648} INFO - Exporting env vars: AIRFLOW_CTX_DAG_OWNER='***' AIRFLOW_CTX_DAG_ID='drift_check_dag' AIRFLOW_CTX_TASK_ID='run_evidently_drift_check' AIRFLOW_CTX_EXECUTION_DATE='2026-06-07T07:36:21.291605+00:00' AIRFLOW_CTX_TRY_NUMBER='1' AIRFLOW_CTX_DAG_RUN_ID='manual__2026-06-07T07:36:21.291605+00:00'
[2026-06-07T07:36:45.610+0000] {taskinstance.py:430} INFO - ::endgroup::
[2026-06-07T07:36:45.626+0000] {logging_mixin.py:188} INFO - Connecting to Redis...
[2026-06-07T07:36:49.138+0000] {logging_mixin.py:188} INFO - Loading reference data...
[2026-06-07T07:37:48.627+0000] {logging_mixin.py:188} INFO - Reference data shape: (564914, 10)
[2026-06-07T07:37:48.628+0000] {taskinstance.py:441} INFO - ::group::Post task execution logs
[2026-06-07T07:37:48.629+0000] {taskinstance.py:2506} INFO - Current data 'prediction_log' not found or empty in Redis. Skipping drift check.
[2026-06-07T07:37:49.064+0000] {taskinstance.py:1206} INFO - Marking task as SKIPPED. dag_id=drift_check_dag, task_id=run_evidently_drift_check, run_id=manual__2026-06-07T07:36:21.291605+00:00, execution_date=20260607T073621, start_date=20260607T073645, end_date=20260607T073749
[2026-06-07T07:37:49.197+0000] {local_task_job_runner.py:240} INFO - Task exited with return code 0
[2026-06-07T07:37:49.248+0000] {taskinstance.py:3503} INFO - 0 downstream tasks scheduled from follow-on schedule check
[2026-06-07T07:37:49.256+0000] {local_task_job_runner.py:222} INFO - ::endgroup::
