[2026-06-06T05:26:49.750+0000] {local_task_job_runner.py:120} INFO - ::group::Pre task execution logs
[2026-06-06T05:26:49.804+0000] {taskinstance.py:2076} INFO - Dependencies all met for dep_context=non-requeueable deps ti=<TaskInstance: train_loan_model.train_and_register_model manual__2026-06-06T05:15:43+00:00 [queued]>
[2026-06-06T05:26:49.821+0000] {taskinstance.py:2076} INFO - Dependencies all met for dep_context=requeueable deps ti=<TaskInstance: train_loan_model.train_and_register_model manual__2026-06-06T05:15:43+00:00 [queued]>
[2026-06-06T05:26:49.822+0000] {taskinstance.py:2306} INFO - Starting attempt 2 of 2
[2026-06-06T05:26:49.856+0000] {taskinstance.py:2330} INFO - Executing <Task(PythonOperator): train_and_register_model> on 2026-06-06 05:15:43+00:00
[2026-06-06T05:26:49.877+0000] {standard_task_runner.py:63} INFO - Started process 337 to run task
[2026-06-06T05:26:49.884+0000] {standard_task_runner.py:90} INFO - Running: ['***', 'tasks', 'run', 'train_loan_model', 'train_and_register_model', 'manual__2026-06-06T05:15:43+00:00', '--job-id', '16', '--raw', '--subdir', 'DAGS_FOLDER/train_model.py', '--cfg-path', '/tmp/tmpnxhbj_rk']
[2026-06-06T05:26:49.891+0000] {standard_task_runner.py:91} INFO - Job 16: Subtask train_and_register_model
[2026-06-06T05:26:50.011+0000] {task_command.py:426} INFO - Running <TaskInstance: train_loan_model.train_and_register_model manual__2026-06-06T05:15:43+00:00 [running]> on host fdc5e6c54d31
[2026-06-06T05:26:50.175+0000] {taskinstance.py:2648} INFO - Exporting env vars: AIRFLOW_CTX_DAG_OWNER='***' AIRFLOW_CTX_DAG_ID='train_loan_model' AIRFLOW_CTX_TASK_ID='train_and_register_model' AIRFLOW_CTX_EXECUTION_DATE='2026-06-06T05:15:43+00:00' AIRFLOW_CTX_TRY_NUMBER='2' AIRFLOW_CTX_DAG_RUN_ID='manual__2026-06-06T05:15:43+00:00'
[2026-06-06T05:26:50.177+0000] {taskinstance.py:430} INFO - ::endgroup::
[2026-06-06T05:26:50.226+0000] {logging_mixin.py:188} INFO - Connecting to Redis...
[2026-06-06T05:26:51.943+0000] {logging_mixin.py:188} INFO - Loading preprocessed data from Redis key 'preprocess'...
[2026-06-06T05:26:52.899+0000] {logging_mixin.py:188} WARNING - /opt/***/dags/train_model.py:70 FutureWarning: Passing literal json to 'read_json' is deprecated and will be removed in a future version. To read from a literal string, wrap it in a 'StringIO' object.
[2026-06-06T05:27:07.913+0000] {logging_mixin.py:188} INFO - Loaded 547754 rows with columns: ['gender', 'marital_status', 'education_level', 'employment_status', 'loan_purpose', 'annual_income', 'loan_amount', 'credit_score', 'interest_rate', 'loan_paid_back']
[2026-06-06T05:27:09.691+0000] {logging_mixin.py:188} INFO - Connecting to MLflow at http://mlflow:5000...
[2026-06-06T05:27:09.957+0000] {logging_mixin.py:188} WARNING - 2026/06/06 05:27:09 WARNING mlflow.utils.git_utils: Failed to import Git (the Git executable is probably not on your PATH), so Git SHA is not available. Error: Failed to initialize: Bad git executable.
The git executable must be specified in one of the following ways:
    - be included in your $PATH
    - be set via $GIT_PYTHON_GIT_EXECUTABLE
    - explicitly set via git.refresh(<full-path-to-git-executable>)

All git commands will error until this is rectified.

This initial message can be silenced or aggravated in the future by setting the
$GIT_PYTHON_REFRESH environment variable. Use one of the following values:
    - quiet|q|silence|s|silent|none|n|0: for no message or exception
    - warn|w|warning|log|l|1: for a warning message (logging level CRITICAL, displayed by default)
    - error|e|exception|raise|r|2: for a raised exception

Example:
    export GIT_PYTHON_REFRESH=quiet
[2026-06-06T05:27:10.126+0000] {logging_mixin.py:188} INFO - Training logistic regression model...
[2026-06-06T05:31:29.890+0000] {logging_mixin.py:188} WARNING - /home/***/.local/lib/python3.11/site-packages/sklearn/linear_model/_logistic.py:599 ConvergenceWarning: lbfgs failed to converge after 1000 iteration(s) (status=1):
STOP: TOTAL NO. OF ITERATIONS REACHED LIMIT

Increase the number of iterations to improve the convergence (max_iter=1000).
You might also want to scale the data as shown in:
    https://scikit-learn.org/stable/modules/preprocessing.html
Please also refer to the documentation for alternative solver options:
    https://scikit-learn.org/stable/modules/linear_model.html#logistic-regression
[2026-06-06T05:31:34.406+0000] {logging_mixin.py:188} INFO - Accuracy: 0.9040, F1: 0.9433, ROC-AUC: 0.8597
[2026-06-06T05:31:34.406+0000] {logging_mixin.py:188} INFO - Logging model to MLflow...
[2026-06-06T05:31:34.701+0000] {logging_mixin.py:188} WARNING - /home/***/.local/lib/python3.11/site-packages/mlflow/types/utils.py:407 UserWarning: Hint: Inferred schema contains integer column(s). Integer columns in Python cannot represent missing values. If your input data contains missing values at inference time, it will be encoded as floats and will cause a schema enforcement error. The best way to avoid this problem is to infer the model schema based on a realistic data sample (training dataset) that includes missing values. Alternatively, you can declare integer columns as doubles (float64) whenever these columns may have missing values. See `Handling Integers With Missing Values <https://www.mlflow.org/docs/latest/models.html#handling-integers-with-missing-values>`_ for more details.
[2026-06-06T05:31:34.722+0000] {logging_mixin.py:188} WARNING - /home/***/.local/lib/python3.11/site-packages/mlflow/types/utils.py:407 UserWarning: Hint: Inferred schema contains integer column(s). Integer columns in Python cannot represent missing values. If your input data contains missing values at inference time, it will be encoded as floats and will cause a schema enforcement error. The best way to avoid this problem is to infer the model schema based on a realistic data sample (training dataset) that includes missing values. Alternatively, you can declare integer columns as doubles (float64) whenever these columns may have missing values. See `Handling Integers With Missing Values <https://www.mlflow.org/docs/latest/models.html#handling-integers-with-missing-values>`_ for more details.
[2026-06-06T05:32:19.531+0000] {logging_mixin.py:188} WARNING - 2026/06/06 05:32:19 INFO mlflow.tracking._tracking_service.client: 🏃 View run logistic_regression_training at: http://mlflow:5000/#/experiments/1/runs/9c97dea3a94a46f0a162a48cf1a790b9.
[2026-06-06T05:32:19.538+0000] {logging_mixin.py:188} WARNING - 2026/06/06 05:32:19 INFO mlflow.tracking._tracking_service.client: 🧪 View experiment at: http://mlflow:5000/#/experiments/1.
[2026-06-06T05:32:19.804+0000] {taskinstance.py:441} INFO - ::group::Post task execution logs
[2026-06-06T05:32:19.822+0000] {taskinstance.py:2905} ERROR - Task failed with exception
Traceback (most recent call last):
  File "/home/airflow/.local/lib/python3.11/site-packages/airflow/models/taskinstance.py", line 465, in _execute_task
    result = _execute_callable(context=context, **execute_callable_kwargs)
             ^^^^^^^^^^^^^^^^^^^^^^^^^^^^^^^^^^^^^^^^^^^^^^^^^^^^^^^^^^^^^
  File "/home/airflow/.local/lib/python3.11/site-packages/airflow/models/taskinstance.py", line 432, in _execute_callable
    return execute_callable(context=context, **execute_callable_kwargs)
           ^^^^^^^^^^^^^^^^^^^^^^^^^^^^^^^^^^^^^^^^^^^^^^^^^^^^^^^^^^^^
  File "/home/airflow/.local/lib/python3.11/site-packages/airflow/models/baseoperator.py", line 401, in wrapper
    return func(self, *args, **kwargs)
           ^^^^^^^^^^^^^^^^^^^^^^^^^^^
  File "/home/airflow/.local/lib/python3.11/site-packages/airflow/operators/python.py", line 235, in execute
    return_value = self.execute_callable()
                   ^^^^^^^^^^^^^^^^^^^^^^^
  File "/home/airflow/.local/lib/python3.11/site-packages/airflow/operators/python.py", line 252, in execute_callable
    return self.python_callable(*self.op_args, **self.op_kwargs)
           ^^^^^^^^^^^^^^^^^^^^^^^^^^^^^^^^^^^^^^^^^^^^^^^^^^^^^
  File "/opt/airflow/dags/train_model.py", line 121, in train_logistic_regression
    model_info = mlflow.sklearn.log_model(
                 ^^^^^^^^^^^^^^^^^^^^^^^^^
  File "/home/airflow/.local/lib/python3.11/site-packages/mlflow/sklearn/__init__.py", line 412, in log_model
    return Model.log(
           ^^^^^^^^^^
  File "/home/airflow/.local/lib/python3.11/site-packages/mlflow/models/model.py", line 735, in log
    mlflow.tracking.fluent.log_artifacts(local_path, mlflow_model.artifact_path, run_id)
  File "/home/airflow/.local/lib/python3.11/site-packages/mlflow/tracking/fluent.py", line 1161, in log_artifacts
    MlflowClient().log_artifacts(run_id, local_dir, artifact_path)
  File "/home/airflow/.local/lib/python3.11/site-packages/mlflow/tracking/client.py", line 1971, in log_artifacts
    self._tracking_client.log_artifacts(run_id, local_dir, artifact_path)
  File "/home/airflow/.local/lib/python3.11/site-packages/mlflow/tracking/_tracking_service/client.py", line 853, in log_artifacts
    self._get_artifact_repo(run_id).log_artifacts(local_dir, artifact_path)
  File "/home/airflow/.local/lib/python3.11/site-packages/mlflow/store/artifact/local_artifact_repo.py", line 66, in log_artifacts
    mkdir(artifact_dir)
  File "/home/airflow/.local/lib/python3.11/site-packages/mlflow/utils/file_utils.py", line 211, in mkdir
    raise e
  File "/home/airflow/.local/lib/python3.11/site-packages/mlflow/utils/file_utils.py", line 208, in mkdir
    os.makedirs(target, exist_ok=True)
  File "<frozen os>", line 215, in makedirs
  File "<frozen os>", line 215, in makedirs
  File "<frozen os>", line 215, in makedirs
  [Previous line repeated 2 more times]
  File "<frozen os>", line 225, in makedirs
PermissionError: [Errno 13] Permission denied: '/mlflow'
[2026-06-06T05:32:20.020+0000] {taskinstance.py:1206} INFO - Marking task as FAILED. dag_id=train_loan_model, task_id=train_and_register_model, run_id=manual__2026-06-06T05:15:43+00:00, execution_date=20260606T051543, start_date=20260606T052649, end_date=20260606T053220
[2026-06-06T05:32:20.112+0000] {standard_task_runner.py:110} ERROR - Failed to execute job 16 for task train_and_register_model ([Errno 13] Permission denied: '/mlflow'; 337)
[2026-06-06T05:32:20.856+0000] {local_task_job_runner.py:240} INFO - Task exited with return code 1
[2026-06-06T05:32:20.939+0000] {taskinstance.py:3503} INFO - 0 downstream tasks scheduled from follow-on schedule check
[2026-06-06T05:32:20.958+0000] {local_task_job_runner.py:222} INFO - ::endgroup::
