[2026-06-06T05:15:49.790+0000] {local_task_job_runner.py:120} INFO - ::group::Pre task execution logs
[2026-06-06T05:15:50.033+0000] {taskinstance.py:2076} INFO - Dependencies all met for dep_context=non-requeueable deps ti=<TaskInstance: train_loan_model.train_and_register_model manual__2026-06-06T05:15:43+00:00 [queued]>
[2026-06-06T05:15:50.053+0000] {taskinstance.py:2076} INFO - Dependencies all met for dep_context=requeueable deps ti=<TaskInstance: train_loan_model.train_and_register_model manual__2026-06-06T05:15:43+00:00 [queued]>
[2026-06-06T05:15:50.053+0000] {taskinstance.py:2306} INFO - Starting attempt 1 of 2
[2026-06-06T05:15:50.079+0000] {taskinstance.py:2330} INFO - Executing <Task(PythonOperator): train_and_register_model> on 2026-06-06 05:15:43+00:00
[2026-06-06T05:15:50.108+0000] {standard_task_runner.py:63} INFO - Started process 914 to run task
[2026-06-06T05:15:50.115+0000] {standard_task_runner.py:90} INFO - Running: ['***', 'tasks', 'run', 'train_loan_model', 'train_and_register_model', 'manual__2026-06-06T05:15:43+00:00', '--job-id', '14', '--raw', '--subdir', 'DAGS_FOLDER/train_model.py', '--cfg-path', '/tmp/tmpdc3zmudo']
[2026-06-06T05:15:50.126+0000] {standard_task_runner.py:91} INFO - Job 14: Subtask train_and_register_model
[2026-06-06T05:15:50.288+0000] {task_command.py:426} INFO - Running <TaskInstance: train_loan_model.train_and_register_model manual__2026-06-06T05:15:43+00:00 [running]> on host e766d202c6f1
[2026-06-06T05:15:50.533+0000] {taskinstance.py:2648} INFO - Exporting env vars: AIRFLOW_CTX_DAG_OWNER='***' AIRFLOW_CTX_DAG_ID='train_loan_model' AIRFLOW_CTX_TASK_ID='train_and_register_model' AIRFLOW_CTX_EXECUTION_DATE='2026-06-06T05:15:43+00:00' AIRFLOW_CTX_TRY_NUMBER='1' AIRFLOW_CTX_DAG_RUN_ID='manual__2026-06-06T05:15:43+00:00'
[2026-06-06T05:15:50.546+0000] {taskinstance.py:430} INFO - ::endgroup::
[2026-06-06T05:15:50.591+0000] {logging_mixin.py:188} INFO - Connecting to Redis...
[2026-06-06T05:15:52.646+0000] {logging_mixin.py:188} INFO - Loading preprocessed data from Redis key 'preprocess'...
[2026-06-06T05:15:54.125+0000] {logging_mixin.py:188} WARNING - /opt/***/dags/train_model.py:70 FutureWarning: Passing literal json to 'read_json' is deprecated and will be removed in a future version. To read from a literal string, wrap it in a 'StringIO' object.
[2026-06-06T05:16:03.979+0000] {logging_mixin.py:188} INFO - Loaded 547754 rows with columns: ['gender', 'marital_status', 'education_level', 'employment_status', 'loan_purpose', 'annual_income', 'loan_amount', 'credit_score', 'interest_rate', 'loan_paid_back']
[2026-06-06T05:16:05.738+0000] {logging_mixin.py:188} INFO - Connecting to MLflow at http://mlflow:5000...
[2026-06-06T05:16:06.097+0000] {logging_mixin.py:188} WARNING - 2026/06/06 05:16:06 WARNING mlflow.utils.git_utils: Failed to import Git (the Git executable is probably not on your PATH), so Git SHA is not available. Error: Failed to initialize: Bad git executable.
The git executable must be specified in one of the following ways:
    - be included in your $PATH
    - be set via $GIT_PYTHON_GIT_EXECUTABLE
    - explicitly set via git.refresh(<full-path-to-git-executable>)

All git commands will error until this is rectified.

This initial message can be silenced or aggravated in the future by setting the
$GIT_PYTHON_REFRESH environment variable. Use one of the following values:
    - quiet|q|silence|s|silent|none|n|0: for no message or exception
    - warn|w|warning|log|l|1: for a warning message (logging level CRITICAL, displayed by default)
    - error|e|exception|raise|r|2: for a raised exception

Example:
    export GIT_PYTHON_REFRESH=quiet
[2026-06-06T05:16:06.172+0000] {logging_mixin.py:188} INFO - Training logistic regression model...
[2026-06-06T05:19:28.543+0000] {logging_mixin.py:188} WARNING - /home/***/.local/lib/python3.11/site-packages/sklearn/linear_model/_logistic.py:599 ConvergenceWarning: lbfgs failed to converge after 1000 iteration(s) (status=1):
STOP: TOTAL NO. OF ITERATIONS REACHED LIMIT

Increase the number of iterations to improve the convergence (max_iter=1000).
You might also want to scale the data as shown in:
    https://scikit-learn.org/stable/modules/preprocessing.html
Please also refer to the documentation for alternative solver options:
    https://scikit-learn.org/stable/modules/linear_model.html#logistic-regression
[2026-06-06T05:19:31.855+0000] {logging_mixin.py:188} INFO - Accuracy: 0.9040, F1: 0.9433, ROC-AUC: 0.8597
[2026-06-06T05:19:31.856+0000] {logging_mixin.py:188} INFO - Logging and registering model as 'loan_logistic_regression'...
[2026-06-06T05:19:31.858+0000] {logging_mixin.py:188} WARNING - 2026/06/06 05:19:31 WARNING mlflow.models.model: `artifact_path` is deprecated. Please use `name` instead.
[2026-06-06T05:19:32.036+0000] {logging_mixin.py:188} INFO - 🏃 View run logistic_regression_training at: http://mlflow:5000/#/experiments/1/runs/ff507f7b04db4027b7865b2460d0d39d
[2026-06-06T05:19:32.037+0000] {logging_mixin.py:188} INFO - 🧪 View experiment at: http://mlflow:5000/#/experiments/1
[2026-06-06T05:19:32.106+0000] {taskinstance.py:441} INFO - ::group::Post task execution logs
[2026-06-06T05:19:32.110+0000] {taskinstance.py:2905} ERROR - Task failed with exception
Traceback (most recent call last):
  File "/home/airflow/.local/lib/python3.11/site-packages/airflow/models/taskinstance.py", line 465, in _execute_task
    result = _execute_callable(context=context, **execute_callable_kwargs)
             ^^^^^^^^^^^^^^^^^^^^^^^^^^^^^^^^^^^^^^^^^^^^^^^^^^^^^^^^^^^^^
  File "/home/airflow/.local/lib/python3.11/site-packages/airflow/models/taskinstance.py", line 432, in _execute_callable
    return execute_callable(context=context, **execute_callable_kwargs)
           ^^^^^^^^^^^^^^^^^^^^^^^^^^^^^^^^^^^^^^^^^^^^^^^^^^^^^^^^^^^^
  File "/home/airflow/.local/lib/python3.11/site-packages/airflow/models/baseoperator.py", line 401, in wrapper
    return func(self, *args, **kwargs)
           ^^^^^^^^^^^^^^^^^^^^^^^^^^^
  File "/home/airflow/.local/lib/python3.11/site-packages/airflow/operators/python.py", line 235, in execute
    return_value = self.execute_callable()
                   ^^^^^^^^^^^^^^^^^^^^^^^
  File "/home/airflow/.local/lib/python3.11/site-packages/airflow/operators/python.py", line 252, in execute_callable
    return self.python_callable(*self.op_args, **self.op_kwargs)
           ^^^^^^^^^^^^^^^^^^^^^^^^^^^^^^^^^^^^^^^^^^^^^^^^^^^^^
  File "/opt/airflow/dags/train_model.py", line 121, in train_logistic_regression
    mlflow.sklearn.log_model(
  File "/home/airflow/.local/lib/python3.11/site-packages/mlflow/sklearn/__init__.py", line 478, in log_model
    return Model.log(
           ^^^^^^^^^^
  File "/home/airflow/.local/lib/python3.11/site-packages/mlflow/models/model.py", line 1167, in log
    model = _create_logged_model(
            ^^^^^^^^^^^^^^^^^^^^^
  File "/home/airflow/.local/lib/python3.11/site-packages/mlflow/tracking/fluent.py", line 2605, in _create_logged_model
    return MlflowClient()._create_logged_model(
           ^^^^^^^^^^^^^^^^^^^^^^^^^^^^^^^^^^^^
  File "/home/airflow/.local/lib/python3.11/site-packages/mlflow/tracking/client.py", line 5814, in _create_logged_model
    return self._tracking_client.create_logged_model(
           ^^^^^^^^^^^^^^^^^^^^^^^^^^^^^^^^^^^^^^^^^^
  File "/home/airflow/.local/lib/python3.11/site-packages/mlflow/telemetry/track.py", line 30, in wrapper
    result = func(*args, **kwargs)
             ^^^^^^^^^^^^^^^^^^^^^
  File "/home/airflow/.local/lib/python3.11/site-packages/mlflow/tracking/_tracking_service/client.py", line 879, in create_logged_model
    return self.store.create_logged_model(
           ^^^^^^^^^^^^^^^^^^^^^^^^^^^^^^^
  File "/home/airflow/.local/lib/python3.11/site-packages/mlflow/store/tracking/rest_store.py", line 1187, in create_logged_model
    response_proto = self._call_endpoint(CreateLoggedModel, req_body)
                     ^^^^^^^^^^^^^^^^^^^^^^^^^^^^^^^^^^^^^^^^^^^^^^^^
  File "/home/airflow/.local/lib/python3.11/site-packages/mlflow/store/tracking/rest_store.py", line 243, in _call_endpoint
    return call_endpoint(
           ^^^^^^^^^^^^^^
  File "/home/airflow/.local/lib/python3.11/site-packages/mlflow/utils/rest_utils.py", line 670, in call_endpoint
    response = verify_rest_response(
               ^^^^^^^^^^^^^^^^^^^^^
  File "/home/airflow/.local/lib/python3.11/site-packages/mlflow/utils/rest_utils.py", line 386, in verify_rest_response
    raise MlflowException(
mlflow.exceptions.MlflowException: API request to endpoint /api/2.0/mlflow/logged-models failed with error code 404 != 200. Response body: '<!doctype html>
<html lang=en>
<title>404 Not Found</title>
<h1>Not Found</h1>
<p>The requested URL was not found on the server. If you entered the URL manually please check your spelling and try again.</p>
'
[2026-06-06T05:19:32.162+0000] {taskinstance.py:1206} INFO - Marking task as UP_FOR_RETRY. dag_id=train_loan_model, task_id=train_and_register_model, run_id=manual__2026-06-06T05:15:43+00:00, execution_date=20260606T051543, start_date=20260606T051550, end_date=20260606T051932
[2026-06-06T05:19:32.194+0000] {standard_task_runner.py:110} ERROR - Failed to execute job 14 for task train_and_register_model (API request to endpoint /api/2.0/mlflow/logged-models failed with error code 404 != 200. Response body: '<!doctype html>
<html lang=en>
<title>404 Not Found</title>
<h1>Not Found</h1>
<p>The requested URL was not found on the server. If you entered the URL manually please check your spelling and try again.</p>
'; 914)
[2026-06-06T05:19:32.393+0000] {local_task_job_runner.py:240} INFO - Task exited with return code 1
[2026-06-06T05:19:32.426+0000] {taskinstance.py:3503} INFO - 0 downstream tasks scheduled from follow-on schedule check
[2026-06-06T05:19:32.429+0000] {local_task_job_runner.py:222} INFO - ::endgroup::
