[2026-06-07T07:28:53.699+0000] {local_task_job_runner.py:120} INFO - ::group::Pre task execution logs
[2026-06-07T07:28:53.791+0000] {taskinstance.py:2076} INFO - Dependencies all met for dep_context=non-requeueable deps ti=<TaskInstance: drift_check_dag.run_evidently_drift_check manual__2026-06-07T07:28:45.080569+00:00 [queued]>
[2026-06-07T07:28:53.808+0000] {taskinstance.py:2076} INFO - Dependencies all met for dep_context=requeueable deps ti=<TaskInstance: drift_check_dag.run_evidently_drift_check manual__2026-06-07T07:28:45.080569+00:00 [queued]>
[2026-06-07T07:28:53.809+0000] {taskinstance.py:2306} INFO - Starting attempt 1 of 1
[2026-06-07T07:28:53.834+0000] {taskinstance.py:2330} INFO - Executing <Task(PythonOperator): run_evidently_drift_check> on 2026-06-07 07:28:45.080569+00:00
[2026-06-07T07:28:53.856+0000] {standard_task_runner.py:63} INFO - Started process 2967 to run task
[2026-06-07T07:28:53.861+0000] {standard_task_runner.py:90} INFO - Running: ['***', 'tasks', 'run', 'drift_check_dag', 'run_evidently_drift_check', 'manual__2026-06-07T07:28:45.080569+00:00', '--job-id', '18', '--raw', '--subdir', 'DAGS_FOLDER/drift_check_dag.py', '--cfg-path', '/tmp/tmp73diidhl']
[2026-06-07T07:28:53.863+0000] {standard_task_runner.py:91} INFO - Job 18: Subtask run_evidently_drift_check
[2026-06-07T07:28:53.978+0000] {task_command.py:426} INFO - Running <TaskInstance: drift_check_dag.run_evidently_drift_check manual__2026-06-07T07:28:45.080569+00:00 [running]> on host ddee8681fe95
[2026-06-07T07:28:54.190+0000] {taskinstance.py:2648} INFO - Exporting env vars: AIRFLOW_CTX_DAG_OWNER='***' AIRFLOW_CTX_DAG_ID='drift_check_dag' AIRFLOW_CTX_TASK_ID='run_evidently_drift_check' AIRFLOW_CTX_EXECUTION_DATE='2026-06-07T07:28:45.080569+00:00' AIRFLOW_CTX_TRY_NUMBER='1' AIRFLOW_CTX_DAG_RUN_ID='manual__2026-06-07T07:28:45.080569+00:00'
[2026-06-07T07:28:54.192+0000] {taskinstance.py:430} INFO - ::endgroup::
[2026-06-07T07:28:54.239+0000] {logging_mixin.py:188} INFO - Connecting to Redis...
[2026-06-07T07:29:04.894+0000] {logging_mixin.py:188} INFO - Loading reference data...
[2026-06-07T07:29:48.047+0000] {logging_mixin.py:188} INFO - Reference data shape: (564914, 10)
[2026-06-07T07:29:48.067+0000] {logging_mixin.py:188} INFO - Loading current data...
[2026-06-07T07:29:48.068+0000] {logging_mixin.py:188} INFO - Current data shape: (19, 12)
[2026-06-07T07:29:48.236+0000] {logging_mixin.py:188} INFO - Evaluating drift on 9 features: ['education_level', 'loan_purpose', 'loan_amount', 'interest_rate', 'marital_status', 'annual_income', 'credit_score', 'gender', 'employment_status']
[2026-06-07T07:29:50.317+0000] {logging_mixin.py:188} WARNING - /home/***/.local/lib/python3.11/site-packages/numpy/lib/function_base.py:2897 RuntimeWarning: invalid value encountered in divide
[2026-06-07T07:29:56.607+0000] {logging_mixin.py:188} WARNING - /home/***/.local/lib/python3.11/site-packages/numpy/lib/function_base.py:2897 RuntimeWarning: invalid value encountered in divide
[2026-06-07T07:30:01.890+0000] {logging_mixin.py:188} INFO - Drift report saved successfully to /opt/***/data/drift_report.html
[2026-06-07T07:30:01.899+0000] {logging_mixin.py:188} INFO - Trimmed 19 processed items from 'prediction_log'.
[2026-06-07T07:30:01.978+0000] {python.py:237} INFO - Done. Returned value was: None
[2026-06-07T07:30:01.979+0000] {taskinstance.py:441} INFO - ::group::Post task execution logs
[2026-06-07T07:30:01.988+0000] {taskinstance.py:1206} INFO - Marking task as SUCCESS. dag_id=drift_check_dag, task_id=run_evidently_drift_check, run_id=manual__2026-06-07T07:28:45.080569+00:00, execution_date=20260607T072845, start_date=20260607T072853, end_date=20260607T073001
[2026-06-07T07:30:02.078+0000] {local_task_job_runner.py:240} INFO - Task exited with return code 0
[2026-06-07T07:30:02.096+0000] {taskinstance.py:3503} INFO - 0 downstream tasks scheduled from follow-on schedule check
[2026-06-07T07:30:02.099+0000] {local_task_job_runner.py:222} INFO - ::endgroup::
