[2026-06-06T07:34:38.378+0000] {local_task_job_runner.py:120} INFO - ::group::Pre task execution logs
[2026-06-06T07:34:38.401+0000] {taskinstance.py:2076} INFO - Dependencies all met for dep_context=non-requeueable deps ti=<TaskInstance: preprocess_loan_data.preprocess_and_save_to_redis manual__2026-06-06T07:34:36+00:00 [queued]>
[2026-06-06T07:34:38.406+0000] {taskinstance.py:2076} INFO - Dependencies all met for dep_context=requeueable deps ti=<TaskInstance: preprocess_loan_data.preprocess_and_save_to_redis manual__2026-06-06T07:34:36+00:00 [queued]>
[2026-06-06T07:34:38.407+0000] {taskinstance.py:2306} INFO - Starting attempt 1 of 2
[2026-06-06T07:34:38.417+0000] {taskinstance.py:2330} INFO - Executing <Task(PythonOperator): preprocess_and_save_to_redis> on 2026-06-06 07:34:36+00:00
[2026-06-06T07:34:38.423+0000] {standard_task_runner.py:63} INFO - Started process 5035 to run task
[2026-06-06T07:34:38.425+0000] {standard_task_runner.py:90} INFO - Running: ['***', 'tasks', 'run', 'preprocess_loan_data', 'preprocess_and_save_to_redis', 'manual__2026-06-06T07:34:36+00:00', '--job-id', '33', '--raw', '--subdir', 'DAGS_FOLDER/preprocess_data.py', '--cfg-path', '/tmp/tmpj2vzitkm']
[2026-06-06T07:34:38.428+0000] {standard_task_runner.py:91} INFO - Job 33: Subtask preprocess_and_save_to_redis
[2026-06-06T07:34:38.469+0000] {task_command.py:426} INFO - Running <TaskInstance: preprocess_loan_data.preprocess_and_save_to_redis manual__2026-06-06T07:34:36+00:00 [running]> on host bc05c2d40a98
[2026-06-06T07:34:38.540+0000] {taskinstance.py:2648} INFO - Exporting env vars: AIRFLOW_CTX_DAG_OWNER='***' AIRFLOW_CTX_DAG_ID='preprocess_loan_data' AIRFLOW_CTX_TASK_ID='preprocess_and_save_to_redis' AIRFLOW_CTX_EXECUTION_DATE='2026-06-06T07:34:36+00:00' AIRFLOW_CTX_TRY_NUMBER='1' AIRFLOW_CTX_DAG_RUN_ID='manual__2026-06-06T07:34:36+00:00'
[2026-06-06T07:34:38.541+0000] {taskinstance.py:430} INFO - ::endgroup::
[2026-06-06T07:34:38.551+0000] {logging_mixin.py:188} INFO - Connecting to MariaDB...
[2026-06-06T07:34:38.571+0000] {logging_mixin.py:188} INFO - Reading loan data from MariaDB...
[2026-06-06T07:34:48.298+0000] {logging_mixin.py:188} INFO - Loaded 593994 rows.
[2026-06-06T07:34:48.299+0000] {logging_mixin.py:188} INFO - Dropping id, grade_subgrade, and debt_to_income_ratio columns...
[2026-06-06T07:34:48.414+0000] {logging_mixin.py:188} INFO - Removing outliers from numeric columns: ['annual_income', 'credit_score', 'loan_amount', 'interest_rate']
[2026-06-06T07:34:48.916+0000] {logging_mixin.py:188} INFO - Outlier removal complete. Rows: 593994 -> 564914
[2026-06-06T07:34:48.917+0000] {logging_mixin.py:188} INFO - Connecting to Redis...
[2026-06-06T07:34:48.917+0000] {logging_mixin.py:188} INFO - Saving preprocessed data to Redis key 'preprocess'...
[2026-06-06T07:34:50.708+0000] {logging_mixin.py:188} INFO - Saved 564914 rows to Redis key 'preprocess'.
[2026-06-06T07:34:50.812+0000] {python.py:237} INFO - Done. Returned value was: None
[2026-06-06T07:34:50.813+0000] {taskinstance.py:441} INFO - ::group::Post task execution logs
[2026-06-06T07:34:50.823+0000] {taskinstance.py:1206} INFO - Marking task as SUCCESS. dag_id=preprocess_loan_data, task_id=preprocess_and_save_to_redis, run_id=manual__2026-06-06T07:34:36+00:00, execution_date=20260606T073436, start_date=20260606T073438, end_date=20260606T073450
[2026-06-06T07:34:50.887+0000] {local_task_job_runner.py:240} INFO - Task exited with return code 0
[2026-06-06T07:34:50.901+0000] {taskinstance.py:3503} INFO - 0 downstream tasks scheduled from follow-on schedule check
[2026-06-06T07:34:50.904+0000] {local_task_job_runner.py:222} INFO - ::endgroup::
