[2026-06-06T15:36:57.895+0000] {local_task_job_runner.py:120} INFO - ::group::Pre task execution logs
[2026-06-06T15:36:57.940+0000] {taskinstance.py:2076} INFO - Dependencies all met for dep_context=non-requeueable deps ti=<TaskInstance: drift_check_dag.run_evidently_drift_check manual__2026-06-06T15:36:51.115877+00:00 [queued]>
[2026-06-06T15:36:57.948+0000] {taskinstance.py:2076} INFO - Dependencies all met for dep_context=requeueable deps ti=<TaskInstance: drift_check_dag.run_evidently_drift_check manual__2026-06-06T15:36:51.115877+00:00 [queued]>
[2026-06-06T15:36:57.949+0000] {taskinstance.py:2306} INFO - Starting attempt 1 of 1
[2026-06-06T15:36:57.963+0000] {taskinstance.py:2330} INFO - Executing <Task(PythonOperator): run_evidently_drift_check> on 2026-06-06 15:36:51.115877+00:00
[2026-06-06T15:36:57.975+0000] {standard_task_runner.py:63} INFO - Started process 49741 to run task
[2026-06-06T15:36:57.979+0000] {standard_task_runner.py:90} INFO - Running: ['***', 'tasks', 'run', 'drift_check_dag', 'run_evidently_drift_check', 'manual__2026-06-06T15:36:51.115877+00:00', '--job-id', '59', '--raw', '--subdir', 'DAGS_FOLDER/drift_check_dag.py', '--cfg-path', '/tmp/tmpf838m9zp']
[2026-06-06T15:36:57.983+0000] {standard_task_runner.py:91} INFO - Job 59: Subtask run_evidently_drift_check
[2026-06-06T15:36:58.051+0000] {task_command.py:426} INFO - Running <TaskInstance: drift_check_dag.run_evidently_drift_check manual__2026-06-06T15:36:51.115877+00:00 [running]> on host 7d2c0e5f18b2
[2026-06-06T15:36:58.180+0000] {taskinstance.py:2648} INFO - Exporting env vars: AIRFLOW_CTX_DAG_OWNER='***' AIRFLOW_CTX_DAG_ID='drift_check_dag' AIRFLOW_CTX_TASK_ID='run_evidently_drift_check' AIRFLOW_CTX_EXECUTION_DATE='2026-06-06T15:36:51.115877+00:00' AIRFLOW_CTX_TRY_NUMBER='1' AIRFLOW_CTX_DAG_RUN_ID='manual__2026-06-06T15:36:51.115877+00:00'
[2026-06-06T15:36:58.183+0000] {taskinstance.py:430} INFO - ::endgroup::
[2026-06-06T15:36:58.204+0000] {logging_mixin.py:188} INFO - Connecting to Redis...
[2026-06-06T15:36:59.072+0000] {logging_mixin.py:188} INFO - Loading reference data...
[2026-06-06T15:37:04.923+0000] {logging_mixin.py:188} INFO - Reference data shape: (564914, 10)
[2026-06-06T15:37:04.927+0000] {taskinstance.py:441} INFO - ::group::Post task execution logs
[2026-06-06T15:37:04.928+0000] {taskinstance.py:2506} INFO - Current data 'prediction_log' not found or empty in Redis. Skipping drift check.
[2026-06-06T15:37:05.133+0000] {taskinstance.py:1206} INFO - Marking task as SKIPPED. dag_id=drift_check_dag, task_id=run_evidently_drift_check, run_id=manual__2026-06-06T15:36:51.115877+00:00, execution_date=20260606T153651, start_date=20260606T153657, end_date=20260606T153705
[2026-06-06T15:37:05.168+0000] {local_task_job_runner.py:240} INFO - Task exited with return code 0
[2026-06-06T15:37:05.183+0000] {taskinstance.py:3503} INFO - 0 downstream tasks scheduled from follow-on schedule check
[2026-06-06T15:37:05.186+0000] {local_task_job_runner.py:222} INFO - ::endgroup::
