[2026-06-06T04:14:06.565+0000] {local_task_job_runner.py:120} INFO - ::group::Pre task execution logs
[2026-06-06T04:14:06.611+0000] {taskinstance.py:2076} INFO - Dependencies all met for dep_context=non-requeueable deps ti=<TaskInstance: transfer_train_data_to_mariadb.transfer_csv_to_mariadb manual__2026-06-06T04:09:01.453780+00:00 [queued]>
[2026-06-06T04:14:06.625+0000] {taskinstance.py:2076} INFO - Dependencies all met for dep_context=requeueable deps ti=<TaskInstance: transfer_train_data_to_mariadb.transfer_csv_to_mariadb manual__2026-06-06T04:09:01.453780+00:00 [queued]>
[2026-06-06T04:14:06.627+0000] {taskinstance.py:2306} INFO - Starting attempt 2 of 2
[2026-06-06T04:14:06.649+0000] {taskinstance.py:2330} INFO - Executing <Task(PythonOperator): transfer_csv_to_mariadb> on 2026-06-06 04:09:01.453780+00:00
[2026-06-06T04:14:06.661+0000] {standard_task_runner.py:63} INFO - Started process 671 to run task
[2026-06-06T04:14:06.668+0000] {standard_task_runner.py:90} INFO - Running: ['***', 'tasks', 'run', 'transfer_train_data_to_mariadb', 'transfer_csv_to_mariadb', 'manual__2026-06-06T04:09:01.453780+00:00', '--job-id', '7', '--raw', '--subdir', 'DAGS_FOLDER/transfer_data.py', '--cfg-path', '/tmp/tmp3jx1i6uu']
[2026-06-06T04:14:06.674+0000] {standard_task_runner.py:91} INFO - Job 7: Subtask transfer_csv_to_mariadb
[2026-06-06T04:14:06.754+0000] {task_command.py:426} INFO - Running <TaskInstance: transfer_train_data_to_mariadb.transfer_csv_to_mariadb manual__2026-06-06T04:09:01.453780+00:00 [running]> on host bb64ce7429e4
[2026-06-06T04:14:06.949+0000] {taskinstance.py:2648} INFO - Exporting env vars: AIRFLOW_CTX_DAG_OWNER='***' AIRFLOW_CTX_DAG_ID='transfer_train_data_to_mariadb' AIRFLOW_CTX_TASK_ID='transfer_csv_to_mariadb' AIRFLOW_CTX_EXECUTION_DATE='2026-06-06T04:09:01.453780+00:00' AIRFLOW_CTX_TRY_NUMBER='2' AIRFLOW_CTX_DAG_RUN_ID='manual__2026-06-06T04:09:01.453780+00:00'
[2026-06-06T04:14:06.952+0000] {taskinstance.py:430} INFO - ::endgroup::
[2026-06-06T04:14:07.022+0000] {logging_mixin.py:188} INFO - Reading data from /opt/***/data/train.csv...
[2026-06-06T04:14:09.212+0000] {logging_mixin.py:188} INFO - Cleaning data...
[2026-06-06T04:14:09.398+0000] {logging_mixin.py:188} INFO - Connecting to MariaDB...
[2026-06-06T04:14:09.418+0000] {logging_mixin.py:188} INFO - Replacing existing data in loan_data table...
[2026-06-06T04:20:48.612+0000] {logging_mixin.py:188} INFO - Transferring 593994 rows to MariaDB ColumnStore...
[2026-06-06T04:25:11.108+0000] {logging_mixin.py:188} INFO - Data transfer complete.
[2026-06-06T04:25:11.133+0000] {python.py:237} INFO - Done. Returned value was: None
[2026-06-06T04:25:11.135+0000] {taskinstance.py:441} INFO - ::group::Post task execution logs
[2026-06-06T04:25:11.154+0000] {taskinstance.py:1206} INFO - Marking task as SUCCESS. dag_id=transfer_train_data_to_mariadb, task_id=transfer_csv_to_mariadb, run_id=manual__2026-06-06T04:09:01.453780+00:00, execution_date=20260606T040901, start_date=20260606T041406, end_date=20260606T042511
[2026-06-06T04:25:11.240+0000] {local_task_job_runner.py:240} INFO - Task exited with return code 0
[2026-06-06T04:25:11.278+0000] {taskinstance.py:3503} INFO - 0 downstream tasks scheduled from follow-on schedule check
[2026-06-06T04:25:11.282+0000] {local_task_job_runner.py:222} INFO - ::endgroup::
