[2026-06-07T08:18:46.310+0000] {local_task_job_runner.py:120} INFO - ::group::Pre task execution logs
[2026-06-07T08:18:46.362+0000] {taskinstance.py:2076} INFO - Dependencies all met for dep_context=non-requeueable deps ti=<TaskInstance: drift_check_dag.run_evidently_drift_check manual__2026-06-07T08:18:28.329155+00:00 [queued]>
[2026-06-07T08:18:46.370+0000] {taskinstance.py:2076} INFO - Dependencies all met for dep_context=requeueable deps ti=<TaskInstance: drift_check_dag.run_evidently_drift_check manual__2026-06-07T08:18:28.329155+00:00 [queued]>
[2026-06-07T08:18:46.371+0000] {taskinstance.py:2306} INFO - Starting attempt 1 of 1
[2026-06-07T08:18:46.381+0000] {taskinstance.py:2330} INFO - Executing <Task(PythonOperator): run_evidently_drift_check> on 2026-06-07 08:18:28.329155+00:00
[2026-06-07T08:18:46.400+0000] {standard_task_runner.py:63} INFO - Started process 1535 to run task
[2026-06-07T08:18:46.409+0000] {standard_task_runner.py:90} INFO - Running: ['***', 'tasks', 'run', 'drift_check_dag', 'run_evidently_drift_check', 'manual__2026-06-07T08:18:28.329155+00:00', '--job-id', '26', '--raw', '--subdir', 'DAGS_FOLDER/drift_check_dag.py', '--cfg-path', '/tmp/tmp83uzmzuy']
[2026-06-07T08:18:46.411+0000] {standard_task_runner.py:91} INFO - Job 26: Subtask run_evidently_drift_check
[2026-06-07T08:18:46.484+0000] {task_command.py:426} INFO - Running <TaskInstance: drift_check_dag.run_evidently_drift_check manual__2026-06-07T08:18:28.329155+00:00 [running]> on host 7377d7ae2523
[2026-06-07T08:18:46.662+0000] {taskinstance.py:2648} INFO - Exporting env vars: AIRFLOW_CTX_DAG_OWNER='***' AIRFLOW_CTX_DAG_ID='drift_check_dag' AIRFLOW_CTX_TASK_ID='run_evidently_drift_check' AIRFLOW_CTX_EXECUTION_DATE='2026-06-07T08:18:28.329155+00:00' AIRFLOW_CTX_TRY_NUMBER='1' AIRFLOW_CTX_DAG_RUN_ID='manual__2026-06-07T08:18:28.329155+00:00'
[2026-06-07T08:18:46.664+0000] {taskinstance.py:430} INFO - ::endgroup::
[2026-06-07T08:18:46.695+0000] {logging_mixin.py:188} INFO - Connecting to Redis...
[2026-06-07T08:18:47.396+0000] {logging_mixin.py:188} INFO - Loading reference data...
[2026-06-07T08:19:18.246+0000] {logging_mixin.py:188} INFO - Reference data shape: (564914, 10)
[2026-06-07T08:19:18.249+0000] {taskinstance.py:441} INFO - ::group::Post task execution logs
[2026-06-07T08:19:18.250+0000] {taskinstance.py:2506} INFO - Not enough new prediction data. Found 0 new records, need more than 10. Skipping drift check.
[2026-06-07T08:19:18.774+0000] {taskinstance.py:1206} INFO - Marking task as SKIPPED. dag_id=drift_check_dag, task_id=run_evidently_drift_check, run_id=manual__2026-06-07T08:18:28.329155+00:00, execution_date=20260607T081828, start_date=20260607T081846, end_date=20260607T081918
[2026-06-07T08:19:18.910+0000] {local_task_job_runner.py:240} INFO - Task exited with return code 0
[2026-06-07T08:19:18.934+0000] {taskinstance.py:3503} INFO - 0 downstream tasks scheduled from follow-on schedule check
[2026-06-07T08:19:18.936+0000] {local_task_job_runner.py:222} INFO - ::endgroup::
