[2026-06-06T14:43:06.216+0000] {local_task_job_runner.py:120} INFO - ::group::Pre task execution logs
[2026-06-06T14:43:06.256+0000] {taskinstance.py:2076} INFO - Dependencies all met for dep_context=non-requeueable deps ti=<TaskInstance: drift_check_dag.run_evidently_drift_check scheduled__2026-05-28T00:00:00+00:00 [queued]>
[2026-06-06T14:43:06.266+0000] {taskinstance.py:2076} INFO - Dependencies all met for dep_context=requeueable deps ti=<TaskInstance: drift_check_dag.run_evidently_drift_check scheduled__2026-05-28T00:00:00+00:00 [queued]>
[2026-06-06T14:43:06.267+0000] {taskinstance.py:2306} INFO - Starting attempt 1 of 1
[2026-06-06T14:43:06.284+0000] {taskinstance.py:2330} INFO - Executing <Task(PythonOperator): run_evidently_drift_check> on 2026-05-28 00:00:00+00:00
[2026-06-06T14:43:06.294+0000] {standard_task_runner.py:63} INFO - Started process 43877 to run task
[2026-06-06T14:43:06.299+0000] {standard_task_runner.py:90} INFO - Running: ['***', 'tasks', 'run', 'drift_check_dag', 'run_evidently_drift_check', 'scheduled__2026-05-28T00:00:00+00:00', '--job-id', '49', '--raw', '--subdir', 'DAGS_FOLDER/drift_check_dag.py', '--cfg-path', '/tmp/tmp4_6kal8h']
[2026-06-06T14:43:06.303+0000] {standard_task_runner.py:91} INFO - Job 49: Subtask run_evidently_drift_check
[2026-06-06T14:43:06.374+0000] {task_command.py:426} INFO - Running <TaskInstance: drift_check_dag.run_evidently_drift_check scheduled__2026-05-28T00:00:00+00:00 [running]> on host 7d2c0e5f18b2
[2026-06-06T14:43:06.513+0000] {taskinstance.py:2648} INFO - Exporting env vars: AIRFLOW_CTX_DAG_OWNER='***' AIRFLOW_CTX_DAG_ID='drift_check_dag' AIRFLOW_CTX_TASK_ID='run_evidently_drift_check' AIRFLOW_CTX_EXECUTION_DATE='2026-05-28T00:00:00+00:00' AIRFLOW_CTX_TRY_NUMBER='1' AIRFLOW_CTX_DAG_RUN_ID='scheduled__2026-05-28T00:00:00+00:00'
[2026-06-06T14:43:06.516+0000] {taskinstance.py:430} INFO - ::endgroup::
[2026-06-06T14:43:06.539+0000] {logging_mixin.py:188} INFO - Connecting to Redis...
[2026-06-06T14:43:07.636+0000] {logging_mixin.py:188} INFO - Loading reference data...
[2026-06-06T14:43:12.654+0000] {logging_mixin.py:188} INFO - Reference data shape: (564914, 10)
[2026-06-06T14:43:12.656+0000] {taskinstance.py:441} INFO - ::group::Post task execution logs
[2026-06-06T14:43:12.657+0000] {taskinstance.py:2506} INFO - Current data 'prediction_log' not found or empty in Redis. Skipping drift check.
[2026-06-06T14:43:12.857+0000] {taskinstance.py:1206} INFO - Marking task as SKIPPED. dag_id=drift_check_dag, task_id=run_evidently_drift_check, run_id=scheduled__2026-05-28T00:00:00+00:00, execution_date=20260528T000000, start_date=20260606T144306, end_date=20260606T144312
[2026-06-06T14:43:12.921+0000] {local_task_job_runner.py:240} INFO - Task exited with return code 0
[2026-06-06T14:43:12.939+0000] {taskinstance.py:3503} INFO - 0 downstream tasks scheduled from follow-on schedule check
[2026-06-06T14:43:12.941+0000] {local_task_job_runner.py:222} INFO - ::endgroup::
