[2026-06-07T08:19:56.149+0000] {local_task_job_runner.py:120} INFO - ::group::Pre task execution logs
[2026-06-07T08:19:56.220+0000] {taskinstance.py:2076} INFO - Dependencies all met for dep_context=non-requeueable deps ti=<TaskInstance: drift_check_dag.run_evidently_drift_check manual__2026-06-07T08:19:48.362190+00:00 [queued]>
[2026-06-07T08:19:56.238+0000] {taskinstance.py:2076} INFO - Dependencies all met for dep_context=requeueable deps ti=<TaskInstance: drift_check_dag.run_evidently_drift_check manual__2026-06-07T08:19:48.362190+00:00 [queued]>
[2026-06-07T08:19:56.239+0000] {taskinstance.py:2306} INFO - Starting attempt 1 of 1
[2026-06-07T08:19:56.264+0000] {taskinstance.py:2330} INFO - Executing <Task(PythonOperator): run_evidently_drift_check> on 2026-06-07 08:19:48.362190+00:00
[2026-06-07T08:19:56.286+0000] {standard_task_runner.py:63} INFO - Started process 1618 to run task
[2026-06-07T08:19:56.294+0000] {standard_task_runner.py:90} INFO - Running: ['***', 'tasks', 'run', 'drift_check_dag', 'run_evidently_drift_check', 'manual__2026-06-07T08:19:48.362190+00:00', '--job-id', '27', '--raw', '--subdir', 'DAGS_FOLDER/drift_check_dag.py', '--cfg-path', '/tmp/tmp1o2o1rsp']
[2026-06-07T08:19:56.300+0000] {standard_task_runner.py:91} INFO - Job 27: Subtask run_evidently_drift_check
[2026-06-07T08:19:56.418+0000] {task_command.py:426} INFO - Running <TaskInstance: drift_check_dag.run_evidently_drift_check manual__2026-06-07T08:19:48.362190+00:00 [running]> on host 7377d7ae2523
[2026-06-07T08:19:56.662+0000] {taskinstance.py:2648} INFO - Exporting env vars: AIRFLOW_CTX_DAG_OWNER='***' AIRFLOW_CTX_DAG_ID='drift_check_dag' AIRFLOW_CTX_TASK_ID='run_evidently_drift_check' AIRFLOW_CTX_EXECUTION_DATE='2026-06-07T08:19:48.362190+00:00' AIRFLOW_CTX_TRY_NUMBER='1' AIRFLOW_CTX_DAG_RUN_ID='manual__2026-06-07T08:19:48.362190+00:00'
[2026-06-07T08:19:56.666+0000] {taskinstance.py:430} INFO - ::endgroup::
[2026-06-07T08:19:56.713+0000] {logging_mixin.py:188} INFO - Connecting to Redis...
[2026-06-07T08:19:57.475+0000] {logging_mixin.py:188} INFO - Loading reference data...
[2026-06-07T08:20:08.398+0000] {logging_mixin.py:188} INFO - Reference data shape: (564914, 10)
[2026-06-07T08:20:08.428+0000] {logging_mixin.py:188} INFO - Loading current data...
[2026-06-07T08:20:08.429+0000] {logging_mixin.py:188} INFO - Current data shape: (17, 12)
[2026-06-07T08:20:08.494+0000] {logging_mixin.py:188} INFO - Evaluating drift on 9 features: ['loan_purpose', 'loan_amount', 'annual_income', 'education_level', 'gender', 'marital_status', 'employment_status', 'credit_score', 'interest_rate']
[2026-06-07T08:20:09.425+0000] {logging_mixin.py:188} WARNING - /home/***/.local/lib/python3.11/site-packages/numpy/lib/function_base.py:2897 RuntimeWarning: invalid value encountered in divide
[2026-06-07T08:20:13.910+0000] {logging_mixin.py:188} WARNING - /home/***/.local/lib/python3.11/site-packages/numpy/lib/function_base.py:2897 RuntimeWarning: invalid value encountered in divide
[2026-06-07T08:20:18.430+0000] {logging_mixin.py:188} INFO - Drift report saved successfully to /opt/***/data/drift_report.html
[2026-06-07T08:20:18.476+0000] {logging_mixin.py:188} INFO - Updated last processed index to 32. Kept all items in 'prediction_log'.
[2026-06-07T08:20:18.546+0000] {python.py:237} INFO - Done. Returned value was: None
[2026-06-07T08:20:18.547+0000] {taskinstance.py:441} INFO - ::group::Post task execution logs
[2026-06-07T08:20:18.561+0000] {taskinstance.py:1206} INFO - Marking task as SUCCESS. dag_id=drift_check_dag, task_id=run_evidently_drift_check, run_id=manual__2026-06-07T08:19:48.362190+00:00, execution_date=20260607T081948, start_date=20260607T081956, end_date=20260607T082018
[2026-06-07T08:20:18.652+0000] {local_task_job_runner.py:240} INFO - Task exited with return code 0
[2026-06-07T08:20:18.673+0000] {taskinstance.py:3503} INFO - 0 downstream tasks scheduled from follow-on schedule check
[2026-06-07T08:20:18.691+0000] {local_task_job_runner.py:222} INFO - ::endgroup::
