[2026-06-07T08:28:10.868+0000] {local_task_job_runner.py:120} INFO - ::group::Pre task execution logs
[2026-06-07T08:28:10.896+0000] {taskinstance.py:2076} INFO - Dependencies all met for dep_context=non-requeueable deps ti=<TaskInstance: drift_check_dag.run_evidently_drift_check manual__2026-06-07T08:28:04.643249+00:00 [queued]>
[2026-06-07T08:28:10.908+0000] {taskinstance.py:2076} INFO - Dependencies all met for dep_context=requeueable deps ti=<TaskInstance: drift_check_dag.run_evidently_drift_check manual__2026-06-07T08:28:04.643249+00:00 [queued]>
[2026-06-07T08:28:10.909+0000] {taskinstance.py:2306} INFO - Starting attempt 1 of 1
[2026-06-07T08:28:10.929+0000] {taskinstance.py:2330} INFO - Executing <Task(PythonOperator): run_evidently_drift_check> on 2026-06-07 08:28:04.643249+00:00
[2026-06-07T08:28:10.944+0000] {standard_task_runner.py:63} INFO - Started process 421 to run task
[2026-06-07T08:28:10.949+0000] {standard_task_runner.py:90} INFO - Running: ['***', 'tasks', 'run', 'drift_check_dag', 'run_evidently_drift_check', 'manual__2026-06-07T08:28:04.643249+00:00', '--job-id', '30', '--raw', '--subdir', 'DAGS_FOLDER/drift_check_dag.py', '--cfg-path', '/tmp/tmpraksxj0v']
[2026-06-07T08:28:10.952+0000] {standard_task_runner.py:91} INFO - Job 30: Subtask run_evidently_drift_check
[2026-06-07T08:28:11.002+0000] {task_command.py:426} INFO - Running <TaskInstance: drift_check_dag.run_evidently_drift_check manual__2026-06-07T08:28:04.643249+00:00 [running]> on host c3fd536ed314
[2026-06-07T08:28:11.100+0000] {taskinstance.py:2648} INFO - Exporting env vars: AIRFLOW_CTX_DAG_OWNER='***' AIRFLOW_CTX_DAG_ID='drift_check_dag' AIRFLOW_CTX_TASK_ID='run_evidently_drift_check' AIRFLOW_CTX_EXECUTION_DATE='2026-06-07T08:28:04.643249+00:00' AIRFLOW_CTX_TRY_NUMBER='1' AIRFLOW_CTX_DAG_RUN_ID='manual__2026-06-07T08:28:04.643249+00:00'
[2026-06-07T08:28:11.101+0000] {taskinstance.py:430} INFO - ::endgroup::
[2026-06-07T08:28:11.131+0000] {logging_mixin.py:188} INFO - Connecting to Redis...
[2026-06-07T08:28:19.311+0000] {logging_mixin.py:188} INFO - Loading reference data...
[2026-06-07T08:28:47.593+0000] {logging_mixin.py:188} INFO - Reference data shape: (564914, 10)
[2026-06-07T08:28:47.763+0000] {taskinstance.py:441} INFO - ::group::Post task execution logs
[2026-06-07T08:28:47.764+0000] {taskinstance.py:2506} INFO - Not enough new prediction data. Found 0 new records, need more than 10. Skipping drift check.
[2026-06-07T08:28:48.568+0000] {taskinstance.py:1206} INFO - Marking task as SKIPPED. dag_id=drift_check_dag, task_id=run_evidently_drift_check, run_id=manual__2026-06-07T08:28:04.643249+00:00, execution_date=20260607T082804, start_date=20260607T082810, end_date=20260607T082848
[2026-06-07T08:28:48.923+0000] {local_task_job_runner.py:240} INFO - Task exited with return code 0
[2026-06-07T08:28:49.056+0000] {taskinstance.py:3503} INFO - 0 downstream tasks scheduled from follow-on schedule check
[2026-06-07T08:28:49.078+0000] {local_task_job_runner.py:222} INFO - ::endgroup::
