[2026-06-06T08:10:03.260+0000] {local_task_job_runner.py:120} INFO - ::group::Pre task execution logs
[2026-06-06T08:10:03.302+0000] {taskinstance.py:2076} INFO - Dependencies all met for dep_context=non-requeueable deps ti=<TaskInstance: drift_check_dag.run_evidently_drift_check manual__2026-06-06T08:09:55.778662+00:00 [queued]>
[2026-06-06T08:10:03.313+0000] {taskinstance.py:2076} INFO - Dependencies all met for dep_context=requeueable deps ti=<TaskInstance: drift_check_dag.run_evidently_drift_check manual__2026-06-06T08:09:55.778662+00:00 [queued]>
[2026-06-06T08:10:03.314+0000] {taskinstance.py:2306} INFO - Starting attempt 1 of 1
[2026-06-06T08:10:03.331+0000] {taskinstance.py:2330} INFO - Executing <Task(PythonOperator): run_evidently_drift_check> on 2026-06-06 08:09:55.778662+00:00
[2026-06-06T08:10:03.342+0000] {standard_task_runner.py:63} INFO - Started process 1172 to run task
[2026-06-06T08:10:03.347+0000] {standard_task_runner.py:90} INFO - Running: ['***', 'tasks', 'run', 'drift_check_dag', 'run_evidently_drift_check', 'manual__2026-06-06T08:09:55.778662+00:00', '--job-id', '39', '--raw', '--subdir', 'DAGS_FOLDER/drift_check_dag.py', '--cfg-path', '/tmp/tmp41c0flcq']
[2026-06-06T08:10:03.350+0000] {standard_task_runner.py:91} INFO - Job 39: Subtask run_evidently_drift_check
[2026-06-06T08:10:03.435+0000] {task_command.py:426} INFO - Running <TaskInstance: drift_check_dag.run_evidently_drift_check manual__2026-06-06T08:09:55.778662+00:00 [running]> on host 7d2c0e5f18b2
[2026-06-06T08:10:03.649+0000] {taskinstance.py:2648} INFO - Exporting env vars: AIRFLOW_CTX_DAG_OWNER='***' AIRFLOW_CTX_DAG_ID='drift_check_dag' AIRFLOW_CTX_TASK_ID='run_evidently_drift_check' AIRFLOW_CTX_EXECUTION_DATE='2026-06-06T08:09:55.778662+00:00' AIRFLOW_CTX_TRY_NUMBER='1' AIRFLOW_CTX_DAG_RUN_ID='manual__2026-06-06T08:09:55.778662+00:00'
[2026-06-06T08:10:03.651+0000] {taskinstance.py:430} INFO - ::endgroup::
[2026-06-06T08:10:03.671+0000] {logging_mixin.py:188} INFO - Connecting to Redis...
[2026-06-06T08:10:04.812+0000] {logging_mixin.py:188} INFO - Loading reference data...
[2026-06-06T08:10:11.476+0000] {logging_mixin.py:188} INFO - Reference data shape: (564914, 10)
[2026-06-06T08:10:11.487+0000] {logging_mixin.py:188} INFO - Loading current data...
[2026-06-06T08:10:11.522+0000] {logging_mixin.py:188} INFO - Current data shape: (15, 12)
[2026-06-06T08:10:11.625+0000] {logging_mixin.py:188} INFO - Evaluating drift on 9 features: ['education_level', 'interest_rate', 'loan_amount', 'marital_status', 'loan_purpose', 'employment_status', 'annual_income', 'gender', 'credit_score']
[2026-06-06T08:10:20.434+0000] {logging_mixin.py:188} INFO - Drift report saved successfully to /opt/***/data/drift_report.html
[2026-06-06T08:10:20.436+0000] {logging_mixin.py:188} INFO - Trimmed 15 processed items from 'prediction_log'.
[2026-06-06T08:10:20.493+0000] {python.py:237} INFO - Done. Returned value was: None
[2026-06-06T08:10:20.494+0000] {taskinstance.py:441} INFO - ::group::Post task execution logs
[2026-06-06T08:10:20.503+0000] {taskinstance.py:1206} INFO - Marking task as SUCCESS. dag_id=drift_check_dag, task_id=run_evidently_drift_check, run_id=manual__2026-06-06T08:09:55.778662+00:00, execution_date=20260606T080955, start_date=20260606T081003, end_date=20260606T081020
[2026-06-06T08:10:20.576+0000] {local_task_job_runner.py:240} INFO - Task exited with return code 0
[2026-06-06T08:10:20.587+0000] {taskinstance.py:3503} INFO - 0 downstream tasks scheduled from follow-on schedule check
[2026-06-06T08:10:20.594+0000] {local_task_job_runner.py:222} INFO - ::endgroup::
