[2026-06-07T06:46:38.614+0000] {local_task_job_runner.py:120} INFO - ::group::Pre task execution logs
[2026-06-07T06:46:38.641+0000] {taskinstance.py:2076} INFO - Dependencies all met for dep_context=non-requeueable deps ti=<TaskInstance: transfer_train_data_to_mariadb.transfer_csv_to_mariadb manual__2026-06-07T06:46:35.326486+00:00 [queued]>
[2026-06-07T06:46:38.649+0000] {taskinstance.py:2076} INFO - Dependencies all met for dep_context=requeueable deps ti=<TaskInstance: transfer_train_data_to_mariadb.transfer_csv_to_mariadb manual__2026-06-07T06:46:35.326486+00:00 [queued]>
[2026-06-07T06:46:38.649+0000] {taskinstance.py:2306} INFO - Starting attempt 1 of 2
[2026-06-07T06:46:38.661+0000] {taskinstance.py:2330} INFO - Executing <Task(PythonOperator): transfer_csv_to_mariadb> on 2026-06-07 06:46:35.326486+00:00
[2026-06-07T06:46:38.669+0000] {standard_task_runner.py:63} INFO - Started process 596 to run task
[2026-06-07T06:46:38.672+0000] {standard_task_runner.py:90} INFO - Running: ['***', 'tasks', 'run', 'transfer_train_data_to_mariadb', 'transfer_csv_to_mariadb', 'manual__2026-06-07T06:46:35.326486+00:00', '--job-id', '13', '--raw', '--subdir', 'DAGS_FOLDER/transfer_data.py', '--cfg-path', '/tmp/tmperebz727']
[2026-06-07T06:46:38.674+0000] {standard_task_runner.py:91} INFO - Job 13: Subtask transfer_csv_to_mariadb
[2026-06-07T06:46:38.731+0000] {task_command.py:426} INFO - Running <TaskInstance: transfer_train_data_to_mariadb.transfer_csv_to_mariadb manual__2026-06-07T06:46:35.326486+00:00 [running]> on host ddee8681fe95
[2026-06-07T06:46:38.853+0000] {taskinstance.py:2648} INFO - Exporting env vars: AIRFLOW_CTX_DAG_OWNER='***' AIRFLOW_CTX_DAG_ID='transfer_train_data_to_mariadb' AIRFLOW_CTX_TASK_ID='transfer_csv_to_mariadb' AIRFLOW_CTX_EXECUTION_DATE='2026-06-07T06:46:35.326486+00:00' AIRFLOW_CTX_TRY_NUMBER='1' AIRFLOW_CTX_DAG_RUN_ID='manual__2026-06-07T06:46:35.326486+00:00'
[2026-06-07T06:46:38.854+0000] {taskinstance.py:430} INFO - ::endgroup::
[2026-06-07T06:46:38.891+0000] {logging_mixin.py:188} INFO - Reading data from /opt/***/data/train.csv...
[2026-06-07T06:46:39.829+0000] {logging_mixin.py:188} INFO - Cleaning data...
[2026-06-07T06:46:40.050+0000] {logging_mixin.py:188} INFO - Connecting to MariaDB...
[2026-06-07T06:46:40.093+0000] {logging_mixin.py:188} INFO - Replacing existing data in loan_data table...
[2026-06-07T06:46:41.055+0000] {logging_mixin.py:188} INFO - Transferring 593994 rows to MariaDB ColumnStore...
[2026-06-07T06:57:59.501+0000] {logging_mixin.py:188} INFO - Data transfer complete.
[2026-06-07T06:58:00.240+0000] {python.py:237} INFO - Done. Returned value was: None
[2026-06-07T06:58:00.243+0000] {taskinstance.py:441} INFO - ::group::Post task execution logs
[2026-06-07T06:58:00.267+0000] {taskinstance.py:1206} INFO - Marking task as SUCCESS. dag_id=transfer_train_data_to_mariadb, task_id=transfer_csv_to_mariadb, run_id=manual__2026-06-07T06:46:35.326486+00:00, execution_date=20260607T064635, start_date=20260607T064638, end_date=20260607T065800
[2026-06-07T06:58:00.384+0000] {local_task_job_runner.py:240} INFO - Task exited with return code 0
[2026-06-07T06:58:00.702+0000] {taskinstance.py:3503} INFO - 1 downstream tasks scheduled from follow-on schedule check
[2026-06-07T06:58:00.705+0000] {local_task_job_runner.py:222} INFO - ::endgroup::
