[2026-06-06T15:37:47.464+0000] {local_task_job_runner.py:120} INFO - ::group::Pre task execution logs
[2026-06-06T15:37:47.493+0000] {taskinstance.py:2076} INFO - Dependencies all met for dep_context=non-requeueable deps ti=<TaskInstance: drift_check_dag.run_evidently_drift_check manual__2026-06-06T15:37:37.977088+00:00 [queued]>
[2026-06-06T15:37:47.499+0000] {taskinstance.py:2076} INFO - Dependencies all met for dep_context=requeueable deps ti=<TaskInstance: drift_check_dag.run_evidently_drift_check manual__2026-06-06T15:37:37.977088+00:00 [queued]>
[2026-06-06T15:37:47.499+0000] {taskinstance.py:2306} INFO - Starting attempt 1 of 1
[2026-06-06T15:37:47.511+0000] {taskinstance.py:2330} INFO - Executing <Task(PythonOperator): run_evidently_drift_check> on 2026-06-06 15:37:37.977088+00:00
[2026-06-06T15:37:47.520+0000] {standard_task_runner.py:63} INFO - Started process 49839 to run task
[2026-06-06T15:37:47.523+0000] {standard_task_runner.py:90} INFO - Running: ['***', 'tasks', 'run', 'drift_check_dag', 'run_evidently_drift_check', 'manual__2026-06-06T15:37:37.977088+00:00', '--job-id', '60', '--raw', '--subdir', 'DAGS_FOLDER/drift_check_dag.py', '--cfg-path', '/tmp/tmpjl_i712s']
[2026-06-06T15:37:47.527+0000] {standard_task_runner.py:91} INFO - Job 60: Subtask run_evidently_drift_check
[2026-06-06T15:37:47.582+0000] {task_command.py:426} INFO - Running <TaskInstance: drift_check_dag.run_evidently_drift_check manual__2026-06-06T15:37:37.977088+00:00 [running]> on host 7d2c0e5f18b2
[2026-06-06T15:37:47.665+0000] {taskinstance.py:2648} INFO - Exporting env vars: AIRFLOW_CTX_DAG_OWNER='***' AIRFLOW_CTX_DAG_ID='drift_check_dag' AIRFLOW_CTX_TASK_ID='run_evidently_drift_check' AIRFLOW_CTX_EXECUTION_DATE='2026-06-06T15:37:37.977088+00:00' AIRFLOW_CTX_TRY_NUMBER='1' AIRFLOW_CTX_DAG_RUN_ID='manual__2026-06-06T15:37:37.977088+00:00'
[2026-06-06T15:37:47.666+0000] {taskinstance.py:430} INFO - ::endgroup::
[2026-06-06T15:37:47.678+0000] {logging_mixin.py:188} INFO - Connecting to Redis...
[2026-06-06T15:37:48.294+0000] {logging_mixin.py:188} INFO - Loading reference data...
[2026-06-06T15:37:52.476+0000] {logging_mixin.py:188} INFO - Reference data shape: (564914, 10)
[2026-06-06T15:37:52.479+0000] {taskinstance.py:441} INFO - ::group::Post task execution logs
[2026-06-06T15:37:52.479+0000] {taskinstance.py:2506} INFO - Not enough new prediction data. Found 10, need more than 10. Skipping drift check.
[2026-06-06T15:37:52.680+0000] {taskinstance.py:1206} INFO - Marking task as SKIPPED. dag_id=drift_check_dag, task_id=run_evidently_drift_check, run_id=manual__2026-06-06T15:37:37.977088+00:00, execution_date=20260606T153737, start_date=20260606T153747, end_date=20260606T153752
[2026-06-06T15:37:52.724+0000] {local_task_job_runner.py:240} INFO - Task exited with return code 0
[2026-06-06T15:37:52.739+0000] {taskinstance.py:3503} INFO - 0 downstream tasks scheduled from follow-on schedule check
[2026-06-06T15:37:52.742+0000] {local_task_job_runner.py:222} INFO - ::endgroup::
