[2026-06-07T03:09:10.753+0000] {local_task_job_runner.py:120} INFO - ::group::Pre task execution logs
[2026-06-07T03:09:10.809+0000] {taskinstance.py:2076} INFO - Dependencies all met for dep_context=non-requeueable deps ti=<TaskInstance: train_loan_model.train_and_register_model manual__2026-06-07T03:09:06.414023+00:00 [queued]>
[2026-06-07T03:09:10.829+0000] {taskinstance.py:2076} INFO - Dependencies all met for dep_context=requeueable deps ti=<TaskInstance: train_loan_model.train_and_register_model manual__2026-06-07T03:09:06.414023+00:00 [queued]>
[2026-06-07T03:09:10.829+0000] {taskinstance.py:2306} INFO - Starting attempt 1 of 1
[2026-06-07T03:09:10.863+0000] {taskinstance.py:2330} INFO - Executing <Task(PythonOperator): train_and_register_model> on 2026-06-07 03:09:06.414023+00:00
[2026-06-07T03:09:10.885+0000] {standard_task_runner.py:63} INFO - Started process 1423 to run task
[2026-06-07T03:09:10.891+0000] {standard_task_runner.py:90} INFO - Running: ['***', 'tasks', 'run', 'train_loan_model', 'train_and_register_model', 'manual__2026-06-07T03:09:06.414023+00:00', '--job-id', '7', '--raw', '--subdir', 'DAGS_FOLDER/train_model.py', '--cfg-path', '/tmp/tmp5k7mdw5l']
[2026-06-07T03:09:10.895+0000] {standard_task_runner.py:91} INFO - Job 7: Subtask train_and_register_model
[2026-06-07T03:09:11.002+0000] {task_command.py:426} INFO - Running <TaskInstance: train_loan_model.train_and_register_model manual__2026-06-07T03:09:06.414023+00:00 [running]> on host 3d1b04a56ed8
[2026-06-07T03:09:11.297+0000] {taskinstance.py:2648} INFO - Exporting env vars: AIRFLOW_CTX_DAG_OWNER='***' AIRFLOW_CTX_DAG_ID='train_loan_model' AIRFLOW_CTX_TASK_ID='train_and_register_model' AIRFLOW_CTX_EXECUTION_DATE='2026-06-07T03:09:06.414023+00:00' AIRFLOW_CTX_TRY_NUMBER='1' AIRFLOW_CTX_DAG_RUN_ID='manual__2026-06-07T03:09:06.414023+00:00'
[2026-06-07T03:09:11.301+0000] {taskinstance.py:430} INFO - ::endgroup::
[2026-06-07T03:09:11.322+0000] {logging_mixin.py:188} INFO - Connecting to Redis...
[2026-06-07T03:09:11.780+0000] {logging_mixin.py:188} INFO - Loading preprocessed data from Redis key 'preprocess'...
[2026-06-07T03:09:52.224+0000] {logging_mixin.py:188} INFO - Loaded 564914 rows with columns: ['gender', 'marital_status', 'education_level', 'employment_status', 'loan_purpose', 'annual_income', 'loan_amount', 'credit_score', 'interest_rate', 'loan_paid_back']
[2026-06-07T03:09:53.119+0000] {logging_mixin.py:188} INFO - Connecting to MLflow at http://mlflow:5000...
[2026-06-07T03:09:53.307+0000] {logging_mixin.py:188} WARNING - 2026/06/07 03:09:53 INFO mlflow.tracking.fluent: Experiment with name 'loan_prediction' does not exist. Creating a new experiment.
[2026-06-07T03:09:53.955+0000] {logging_mixin.py:188} INFO - Training logistic regression model with GridSearchCV...
[2026-06-07T03:09:53.981+0000] {logging_mixin.py:188} WARNING - /home/***/.local/lib/python3.11/site-packages/joblib/parallel.py:1379 UserWarning: Loky-backed parallel loops cannot be called in a multiprocessing, setting n_jobs=1
[2026-06-07T03:15:09.344+0000] {logging_mixin.py:188} INFO - Best parameters from GridSearchCV: {'classifier__C': 100.0, 'classifier__solver': 'liblinear'}
[2026-06-07T03:15:09.808+0000] {logging_mixin.py:188} INFO - Accuracy: 0.8995, F1: 0.9400, ROC-AUC: 0.8652
[2026-06-07T03:15:09.808+0000] {logging_mixin.py:188} INFO - Logging model to MLflow...
[2026-06-07T03:15:09.902+0000] {logging_mixin.py:188} WARNING - /home/***/.local/lib/python3.11/site-packages/mlflow/types/utils.py:407 UserWarning: Hint: Inferred schema contains integer column(s). Integer columns in Python cannot represent missing values. If your input data contains missing values at inference time, it will be encoded as floats and will cause a schema enforcement error. The best way to avoid this problem is to infer the model schema based on a realistic data sample (training dataset) that includes missing values. Alternatively, you can declare integer columns as doubles (float64) whenever these columns may have missing values. See `Handling Integers With Missing Values <https://www.mlflow.org/docs/latest/models.html#handling-integers-with-missing-values>`_ for more details.
[2026-06-07T03:15:09.912+0000] {logging_mixin.py:188} WARNING - /home/***/.local/lib/python3.11/site-packages/mlflow/types/utils.py:407 UserWarning: Hint: Inferred schema contains integer column(s). Integer columns in Python cannot represent missing values. If your input data contains missing values at inference time, it will be encoded as floats and will cause a schema enforcement error. The best way to avoid this problem is to infer the model schema based on a realistic data sample (training dataset) that includes missing values. Alternatively, you can declare integer columns as doubles (float64) whenever these columns may have missing values. See `Handling Integers With Missing Values <https://www.mlflow.org/docs/latest/models.html#handling-integers-with-missing-values>`_ for more details.
[2026-06-07T03:15:43.897+0000] {logging_mixin.py:188} WARNING - Downloading artifacts:   0%|          | 0/7 [00:00<?, ?it/s]
[2026-06-07T03:15:43.900+0000] {logging_mixin.py:188} WARNING - Downloading artifacts:  14%|█▍        | 1/7 [00:00<00:00, 438.92it/s]
[2026-06-07T03:15:43.900+0000] {logging_mixin.py:188} WARNING - Downloading artifacts:  29%|██▊       | 2/7 [00:00<00:00, 685.34it/s]
[2026-06-07T03:15:43.901+0000] {logging_mixin.py:188} WARNING - Downloading artifacts:  43%|████▎     | 3/7 [00:00<00:00, 921.83it/s]
[2026-06-07T03:15:43.901+0000] {logging_mixin.py:188} WARNING - Downloading artifacts:  57%|█████▋    | 4/7 [00:00<00:00, 1125.46it/s]
[2026-06-07T03:15:43.901+0000] {logging_mixin.py:188} WARNING - Downloading artifacts:  71%|███████▏  | 5/7 [00:00<00:00, 1299.67it/s]
[2026-06-07T03:15:43.903+0000] {logging_mixin.py:188} WARNING - Downloading artifacts:  86%|████████▌ | 6/7 [00:00<00:00, 1448.31it/s]
[2026-06-07T03:15:43.904+0000] {logging_mixin.py:188} WARNING - Downloading artifacts: 100%|██████████| 7/7 [00:00<00:00, 1143.08it/s]
[2026-06-07T03:15:43.905+0000] {logging_mixin.py:188} WARNING - Downloading artifacts: 100%|██████████| 7/7 [00:00<00:00, 958.29it/s] 
[2026-06-07T03:15:44.080+0000] {logging_mixin.py:188} INFO - Registering model as 'loan_logistic_regression'...
[2026-06-07T03:15:44.460+0000] {logging_mixin.py:188} WARNING - Successfully registered model 'loan_logistic_regression'.
[2026-06-07T03:15:45.173+0000] {logging_mixin.py:188} WARNING - 2026/06/07 03:15:45 INFO mlflow.store.model_registry.abstract_store: Waiting up to 300 seconds for model version to finish creation. Model name: loan_logistic_regression, version 1
[2026-06-07T03:15:45.173+0000] {logging_mixin.py:188} WARNING - Created version '1' of model 'loan_logistic_regression'.
[2026-06-07T03:15:45.174+0000] {logging_mixin.py:188} INFO - Model logged to MLflow run_id: cbeea445f89d4784a4809d0a91b8f6e7
[2026-06-07T03:15:45.174+0000] {logging_mixin.py:188} INFO - Model registered as: loan_logistic_regression
[2026-06-07T03:15:45.273+0000] {logging_mixin.py:188} WARNING - 2026/06/07 03:15:45 INFO mlflow.tracking._tracking_service.client: 🏃 View run logistic_regression_training at: http://mlflow:5000/#/experiments/1/runs/cbeea445f89d4784a4809d0a91b8f6e7.
[2026-06-07T03:15:45.273+0000] {logging_mixin.py:188} WARNING - 2026/06/07 03:15:45 INFO mlflow.tracking._tracking_service.client: 🧪 View experiment at: http://mlflow:5000/#/experiments/1.
[2026-06-07T03:15:46.050+0000] {python.py:237} INFO - Done. Returned value was: None
[2026-06-07T03:15:46.051+0000] {taskinstance.py:441} INFO - ::group::Post task execution logs
[2026-06-07T03:15:46.075+0000] {taskinstance.py:1206} INFO - Marking task as SUCCESS. dag_id=train_loan_model, task_id=train_and_register_model, run_id=manual__2026-06-07T03:09:06.414023+00:00, execution_date=20260607T030906, start_date=20260607T030910, end_date=20260607T031546
[2026-06-07T03:15:46.186+0000] {local_task_job_runner.py:240} INFO - Task exited with return code 0
[2026-06-07T03:15:46.382+0000] {taskinstance.py:3503} INFO - 0 downstream tasks scheduled from follow-on schedule check
[2026-06-07T03:15:46.389+0000] {local_task_job_runner.py:222} INFO - ::endgroup::
