[2026-06-06T14:55:46.613+0000] {local_task_job_runner.py:120} INFO - ::group::Pre task execution logs
[2026-06-06T14:55:46.638+0000] {taskinstance.py:2076} INFO - Dependencies all met for dep_context=non-requeueable deps ti=<TaskInstance: preprocess_loan_data.preprocess_and_save_to_redis manual__2026-06-06T14:55:38.278655+00:00 [queued]>
[2026-06-06T14:55:46.644+0000] {taskinstance.py:2076} INFO - Dependencies all met for dep_context=requeueable deps ti=<TaskInstance: preprocess_loan_data.preprocess_and_save_to_redis manual__2026-06-06T14:55:38.278655+00:00 [queued]>
[2026-06-06T14:55:46.645+0000] {taskinstance.py:2306} INFO - Starting attempt 1 of 2
[2026-06-06T14:55:46.666+0000] {taskinstance.py:2330} INFO - Executing <Task(PythonOperator): preprocess_and_save_to_redis> on 2026-06-06 14:55:38.278655+00:00
[2026-06-06T14:55:46.672+0000] {standard_task_runner.py:63} INFO - Started process 45168 to run task
[2026-06-06T14:55:46.675+0000] {standard_task_runner.py:90} INFO - Running: ['***', 'tasks', 'run', 'preprocess_loan_data', 'preprocess_and_save_to_redis', 'manual__2026-06-06T14:55:38.278655+00:00', '--job-id', '53', '--raw', '--subdir', 'DAGS_FOLDER/preprocess_data.py', '--cfg-path', '/tmp/tmpckigq4pr']
[2026-06-06T14:55:46.678+0000] {standard_task_runner.py:91} INFO - Job 53: Subtask preprocess_and_save_to_redis
[2026-06-06T14:55:46.731+0000] {task_command.py:426} INFO - Running <TaskInstance: preprocess_loan_data.preprocess_and_save_to_redis manual__2026-06-06T14:55:38.278655+00:00 [running]> on host 7d2c0e5f18b2
[2026-06-06T14:55:46.823+0000] {taskinstance.py:2648} INFO - Exporting env vars: AIRFLOW_CTX_DAG_OWNER='***' AIRFLOW_CTX_DAG_ID='preprocess_loan_data' AIRFLOW_CTX_TASK_ID='preprocess_and_save_to_redis' AIRFLOW_CTX_EXECUTION_DATE='2026-06-06T14:55:38.278655+00:00' AIRFLOW_CTX_TRY_NUMBER='1' AIRFLOW_CTX_DAG_RUN_ID='manual__2026-06-06T14:55:38.278655+00:00'
[2026-06-06T14:55:46.825+0000] {taskinstance.py:430} INFO - ::endgroup::
[2026-06-06T14:55:46.836+0000] {logging_mixin.py:188} INFO - Connecting to MariaDB...
[2026-06-06T14:55:46.847+0000] {logging_mixin.py:188} INFO - Reading loan data from MariaDB...
[2026-06-06T14:55:57.145+0000] {logging_mixin.py:188} INFO - Loaded 593994 rows.
[2026-06-06T14:55:57.146+0000] {logging_mixin.py:188} INFO - Dropping id, grade_subgrade, and debt_to_income_ratio columns...
[2026-06-06T14:55:57.276+0000] {logging_mixin.py:188} INFO - Removing outliers from numeric columns: ['annual_income', 'credit_score', 'loan_amount', 'interest_rate']
[2026-06-06T14:55:57.740+0000] {logging_mixin.py:188} INFO - Outlier removal complete. Rows: 593994 -> 564914
[2026-06-06T14:55:57.741+0000] {logging_mixin.py:188} INFO - Connecting to Redis...
[2026-06-06T14:55:57.741+0000] {logging_mixin.py:188} INFO - Saving preprocessed data to Redis key 'preprocess'...
[2026-06-06T14:55:59.692+0000] {logging_mixin.py:188} INFO - Saved 564914 rows to Redis key 'preprocess'.
[2026-06-06T14:55:59.814+0000] {python.py:237} INFO - Done. Returned value was: None
[2026-06-06T14:55:59.816+0000] {taskinstance.py:441} INFO - ::group::Post task execution logs
[2026-06-06T14:55:59.827+0000] {taskinstance.py:1206} INFO - Marking task as SUCCESS. dag_id=preprocess_loan_data, task_id=preprocess_and_save_to_redis, run_id=manual__2026-06-06T14:55:38.278655+00:00, execution_date=20260606T145538, start_date=20260606T145546, end_date=20260606T145559
[2026-06-06T14:55:59.904+0000] {local_task_job_runner.py:240} INFO - Task exited with return code 0
[2026-06-06T14:55:59.923+0000] {taskinstance.py:3503} INFO - 1 downstream tasks scheduled from follow-on schedule check
[2026-06-06T14:55:59.931+0000] {local_task_job_runner.py:222} INFO - ::endgroup::
