[2026-06-06T04:12:08.596+0000] {local_task_job_runner.py:120} INFO - ::group::Pre task execution logs
[2026-06-06T04:12:08.634+0000] {taskinstance.py:2076} INFO - Dependencies all met for dep_context=non-requeueable deps ti=<TaskInstance: transfer_train_data_to_mariadb.transfer_csv_to_mariadb manual__2026-06-06T04:07:03.873696+00:00 [queued]>
[2026-06-06T04:12:08.644+0000] {taskinstance.py:2076} INFO - Dependencies all met for dep_context=requeueable deps ti=<TaskInstance: transfer_train_data_to_mariadb.transfer_csv_to_mariadb manual__2026-06-06T04:07:03.873696+00:00 [queued]>
[2026-06-06T04:12:08.645+0000] {taskinstance.py:2306} INFO - Starting attempt 2 of 2
[2026-06-06T04:12:08.660+0000] {taskinstance.py:2330} INFO - Executing <Task(PythonOperator): transfer_csv_to_mariadb> on 2026-06-06 04:07:03.873696+00:00
[2026-06-06T04:12:08.669+0000] {standard_task_runner.py:63} INFO - Started process 540 to run task
[2026-06-06T04:12:08.673+0000] {standard_task_runner.py:90} INFO - Running: ['***', 'tasks', 'run', 'transfer_train_data_to_mariadb', 'transfer_csv_to_mariadb', 'manual__2026-06-06T04:07:03.873696+00:00', '--job-id', '6', '--raw', '--subdir', 'DAGS_FOLDER/transfer_data.py', '--cfg-path', '/tmp/tmp4qgnwm_l']
[2026-06-06T04:12:08.678+0000] {standard_task_runner.py:91} INFO - Job 6: Subtask transfer_csv_to_mariadb
[2026-06-06T04:12:08.767+0000] {task_command.py:426} INFO - Running <TaskInstance: transfer_train_data_to_mariadb.transfer_csv_to_mariadb manual__2026-06-06T04:07:03.873696+00:00 [running]> on host bb64ce7429e4
[2026-06-06T04:12:08.901+0000] {taskinstance.py:2648} INFO - Exporting env vars: AIRFLOW_CTX_DAG_OWNER='***' AIRFLOW_CTX_DAG_ID='transfer_train_data_to_mariadb' AIRFLOW_CTX_TASK_ID='transfer_csv_to_mariadb' AIRFLOW_CTX_EXECUTION_DATE='2026-06-06T04:07:03.873696+00:00' AIRFLOW_CTX_TRY_NUMBER='2' AIRFLOW_CTX_DAG_RUN_ID='manual__2026-06-06T04:07:03.873696+00:00'
[2026-06-06T04:12:08.903+0000] {taskinstance.py:430} INFO - ::endgroup::
[2026-06-06T04:12:08.922+0000] {logging_mixin.py:188} INFO - Reading data from /opt/***/data/train.csv...
[2026-06-06T04:12:10.841+0000] {logging_mixin.py:188} INFO - Cleaning data...
[2026-06-06T04:12:11.010+0000] {logging_mixin.py:188} INFO - Connecting to MariaDB...
[2026-06-06T04:12:11.027+0000] {logging_mixin.py:188} INFO - Replacing existing data in loan_data table...
[2026-06-06T04:12:11.128+0000] {taskinstance.py:441} INFO - ::group::Post task execution logs
[2026-06-06T04:12:11.129+0000] {taskinstance.py:2905} ERROR - Task failed with exception
Traceback (most recent call last):
  File "/home/airflow/.local/lib/python3.11/site-packages/sqlalchemy/engine/base.py", line 1910, in _execute_context
    self.dialect.do_execute(
  File "/home/airflow/.local/lib/python3.11/site-packages/sqlalchemy/engine/default.py", line 736, in do_execute
    cursor.execute(statement, parameters)
  File "/home/airflow/.local/lib/python3.11/site-packages/pymysql/cursors.py", line 159, in execute
    result = self._query(query)
             ^^^^^^^^^^^^^^^^^^
  File "/home/airflow/.local/lib/python3.11/site-packages/pymysql/cursors.py", line 330, in _query
    conn.query(q)
  File "/home/airflow/.local/lib/python3.11/site-packages/pymysql/connections.py", line 582, in query
    self._affected_rows = self._read_query_result(unbuffered=unbuffered)
                          ^^^^^^^^^^^^^^^^^^^^^^^^^^^^^^^^^^^^^^^^^^^^^^
  File "/home/airflow/.local/lib/python3.11/site-packages/pymysql/connections.py", line 847, in _read_query_result
    result.read()
  File "/home/airflow/.local/lib/python3.11/site-packages/pymysql/connections.py", line 1245, in read
    first_packet = self.connection._read_packet()
                   ^^^^^^^^^^^^^^^^^^^^^^^^^^^^^^
  File "/home/airflow/.local/lib/python3.11/site-packages/pymysql/connections.py", line 803, in _read_packet
    packet.raise_for_error()
  File "/home/airflow/.local/lib/python3.11/site-packages/pymysql/protocol.py", line 219, in raise_for_error
    err.raise_mysql_exception(self._data)
  File "/home/airflow/.local/lib/python3.11/site-packages/pymysql/err.py", line 154, in raise_mysql_exception
    raise errorclass(errno, errval, sqlstate=sqlstate)
pymysql.err.OperationalError: (1815, "Internal error: CAL0009: Truncate table failed:  MCS-2006: 'mlops.loan_data' does not exist in Columnstore.  ")

The above exception was the direct cause of the following exception:

Traceback (most recent call last):
  File "/home/airflow/.local/lib/python3.11/site-packages/airflow/models/taskinstance.py", line 465, in _execute_task
    result = _execute_callable(context=context, **execute_callable_kwargs)
             ^^^^^^^^^^^^^^^^^^^^^^^^^^^^^^^^^^^^^^^^^^^^^^^^^^^^^^^^^^^^^
  File "/home/airflow/.local/lib/python3.11/site-packages/airflow/models/taskinstance.py", line 432, in _execute_callable
    return execute_callable(context=context, **execute_callable_kwargs)
           ^^^^^^^^^^^^^^^^^^^^^^^^^^^^^^^^^^^^^^^^^^^^^^^^^^^^^^^^^^^^
  File "/home/airflow/.local/lib/python3.11/site-packages/airflow/models/baseoperator.py", line 401, in wrapper
    return func(self, *args, **kwargs)
           ^^^^^^^^^^^^^^^^^^^^^^^^^^^
  File "/home/airflow/.local/lib/python3.11/site-packages/airflow/operators/python.py", line 235, in execute
    return_value = self.execute_callable()
                   ^^^^^^^^^^^^^^^^^^^^^^^
  File "/home/airflow/.local/lib/python3.11/site-packages/airflow/operators/python.py", line 252, in execute_callable
    return self.python_callable(*self.op_args, **self.op_kwargs)
           ^^^^^^^^^^^^^^^^^^^^^^^^^^^^^^^^^^^^^^^^^^^^^^^^^^^^^
  File "/opt/airflow/dags/transfer_data.py", line 39, in transfer_data
    conn.execute(text("TRUNCATE TABLE loan_data"))
  File "/home/airflow/.local/lib/python3.11/site-packages/sqlalchemy/engine/base.py", line 1385, in execute
    return meth(self, multiparams, params, _EMPTY_EXECUTION_OPTS)
           ^^^^^^^^^^^^^^^^^^^^^^^^^^^^^^^^^^^^^^^^^^^^^^^^^^^^^^
  File "/home/airflow/.local/lib/python3.11/site-packages/sqlalchemy/sql/elements.py", line 334, in _execute_on_connection
    return connection._execute_clauseelement(
           ^^^^^^^^^^^^^^^^^^^^^^^^^^^^^^^^^^
  File "/home/airflow/.local/lib/python3.11/site-packages/sqlalchemy/engine/base.py", line 1577, in _execute_clauseelement
    ret = self._execute_context(
          ^^^^^^^^^^^^^^^^^^^^^^
  File "/home/airflow/.local/lib/python3.11/site-packages/sqlalchemy/engine/base.py", line 1953, in _execute_context
    self._handle_dbapi_exception(
  File "/home/airflow/.local/lib/python3.11/site-packages/sqlalchemy/engine/base.py", line 2134, in _handle_dbapi_exception
    util.raise_(
  File "/home/airflow/.local/lib/python3.11/site-packages/sqlalchemy/util/compat.py", line 211, in raise_
    raise exception
  File "/home/airflow/.local/lib/python3.11/site-packages/sqlalchemy/engine/base.py", line 1910, in _execute_context
    self.dialect.do_execute(
  File "/home/airflow/.local/lib/python3.11/site-packages/sqlalchemy/engine/default.py", line 736, in do_execute
    cursor.execute(statement, parameters)
  File "/home/airflow/.local/lib/python3.11/site-packages/pymysql/cursors.py", line 159, in execute
    result = self._query(query)
             ^^^^^^^^^^^^^^^^^^
  File "/home/airflow/.local/lib/python3.11/site-packages/pymysql/cursors.py", line 330, in _query
    conn.query(q)
  File "/home/airflow/.local/lib/python3.11/site-packages/pymysql/connections.py", line 582, in query
    self._affected_rows = self._read_query_result(unbuffered=unbuffered)
                          ^^^^^^^^^^^^^^^^^^^^^^^^^^^^^^^^^^^^^^^^^^^^^^
  File "/home/airflow/.local/lib/python3.11/site-packages/pymysql/connections.py", line 847, in _read_query_result
    result.read()
  File "/home/airflow/.local/lib/python3.11/site-packages/pymysql/connections.py", line 1245, in read
    first_packet = self.connection._read_packet()
                   ^^^^^^^^^^^^^^^^^^^^^^^^^^^^^^
  File "/home/airflow/.local/lib/python3.11/site-packages/pymysql/connections.py", line 803, in _read_packet
    packet.raise_for_error()
  File "/home/airflow/.local/lib/python3.11/site-packages/pymysql/protocol.py", line 219, in raise_for_error
    err.raise_mysql_exception(self._data)
  File "/home/airflow/.local/lib/python3.11/site-packages/pymysql/err.py", line 154, in raise_mysql_exception
    raise errorclass(errno, errval, sqlstate=sqlstate)
sqlalchemy.exc.OperationalError: (pymysql.err.OperationalError) (1815, "Internal error: CAL0009: Truncate table failed:  MCS-2006: 'mlops.loan_data' does not exist in Columnstore.  ")
[SQL: TRUNCATE TABLE loan_data]
(Background on this error at: https://sqlalche.me/e/14/e3q8)
[2026-06-06T04:12:11.154+0000] {taskinstance.py:1206} INFO - Marking task as FAILED. dag_id=transfer_train_data_to_mariadb, task_id=transfer_csv_to_mariadb, run_id=manual__2026-06-06T04:07:03.873696+00:00, execution_date=20260606T040703, start_date=20260606T041208, end_date=20260606T041211
[2026-06-06T04:12:11.190+0000] {standard_task_runner.py:110} ERROR - Failed to execute job 6 for task transfer_csv_to_mariadb ((pymysql.err.OperationalError) (1815, "Internal error: CAL0009: Truncate table failed:  MCS-2006: 'mlops.loan_data' does not exist in Columnstore.  ")
[SQL: TRUNCATE TABLE loan_data]
(Background on this error at: https://sqlalche.me/e/14/e3q8); 540)
[2026-06-06T04:12:11.220+0000] {local_task_job_runner.py:240} INFO - Task exited with return code 1
[2026-06-06T04:12:11.244+0000] {taskinstance.py:3503} INFO - 0 downstream tasks scheduled from follow-on schedule check
[2026-06-06T04:12:11.248+0000] {local_task_job_runner.py:222} INFO - ::endgroup::
