[2026-06-06T05:30:05.644+0000] {local_task_job_runner.py:120} INFO - ::group::Pre task execution logs
[2026-06-06T05:30:05.847+0000] {taskinstance.py:2076} INFO - Dependencies all met for dep_context=non-requeueable deps ti=<TaskInstance: train_loan_model.train_and_register_model manual__2026-06-06T05:29:46+00:00 [queued]>
[2026-06-06T05:30:05.899+0000] {taskinstance.py:2076} INFO - Dependencies all met for dep_context=requeueable deps ti=<TaskInstance: train_loan_model.train_and_register_model manual__2026-06-06T05:29:46+00:00 [queued]>
[2026-06-06T05:30:05.902+0000] {taskinstance.py:2306} INFO - Starting attempt 1 of 2
[2026-06-06T05:30:05.962+0000] {taskinstance.py:2330} INFO - Executing <Task(PythonOperator): train_and_register_model> on 2026-06-06 05:29:46+00:00
[2026-06-06T05:30:06.177+0000] {standard_task_runner.py:63} INFO - Started process 602 to run task
[2026-06-06T05:30:06.204+0000] {standard_task_runner.py:90} INFO - Running: ['***', 'tasks', 'run', 'train_loan_model', 'train_and_register_model', 'manual__2026-06-06T05:29:46+00:00', '--job-id', '17', '--raw', '--subdir', 'DAGS_FOLDER/train_model.py', '--cfg-path', '/tmp/tmpt5vvy_vs']
[2026-06-06T05:30:06.225+0000] {standard_task_runner.py:91} INFO - Job 17: Subtask train_and_register_model
[2026-06-06T05:30:06.745+0000] {task_command.py:426} INFO - Running <TaskInstance: train_loan_model.train_and_register_model manual__2026-06-06T05:29:46+00:00 [running]> on host fdc5e6c54d31
[2026-06-06T05:30:07.962+0000] {taskinstance.py:2648} INFO - Exporting env vars: AIRFLOW_CTX_DAG_OWNER='***' AIRFLOW_CTX_DAG_ID='train_loan_model' AIRFLOW_CTX_TASK_ID='train_and_register_model' AIRFLOW_CTX_EXECUTION_DATE='2026-06-06T05:29:46+00:00' AIRFLOW_CTX_TRY_NUMBER='1' AIRFLOW_CTX_DAG_RUN_ID='manual__2026-06-06T05:29:46+00:00'
[2026-06-06T05:30:07.969+0000] {taskinstance.py:430} INFO - ::endgroup::
[2026-06-06T05:30:08.060+0000] {logging_mixin.py:188} INFO - Connecting to Redis...
[2026-06-06T05:30:18.713+0000] {logging_mixin.py:188} INFO - Loading preprocessed data from Redis key 'preprocess'...
[2026-06-06T05:30:22.610+0000] {logging_mixin.py:188} WARNING - /opt/***/dags/train_model.py:70 FutureWarning: Passing literal json to 'read_json' is deprecated and will be removed in a future version. To read from a literal string, wrap it in a 'StringIO' object.
[2026-06-06T05:31:20.780+0000] {logging_mixin.py:188} INFO - Loaded 547754 rows with columns: ['gender', 'marital_status', 'education_level', 'employment_status', 'loan_purpose', 'annual_income', 'loan_amount', 'credit_score', 'interest_rate', 'loan_paid_back']
[2026-06-06T05:31:26.689+0000] {logging_mixin.py:188} INFO - Connecting to MLflow at http://mlflow:5000...
[2026-06-06T05:31:29.893+0000] {logging_mixin.py:188} WARNING - 2026/06/06 05:31:29 WARNING mlflow.utils.git_utils: Failed to import Git (the Git executable is probably not on your PATH), so Git SHA is not available. Error: Failed to initialize: Bad git executable.
The git executable must be specified in one of the following ways:
    - be included in your $PATH
    - be set via $GIT_PYTHON_GIT_EXECUTABLE
    - explicitly set via git.refresh(<full-path-to-git-executable>)

All git commands will error until this is rectified.

This initial message can be silenced or aggravated in the future by setting the
$GIT_PYTHON_REFRESH environment variable. Use one of the following values:
    - quiet|q|silence|s|silent|none|n|0: for no message or exception
    - warn|w|warning|log|l|1: for a warning message (logging level CRITICAL, displayed by default)
    - error|e|exception|raise|r|2: for a raised exception

Example:
    export GIT_PYTHON_REFRESH=quiet
[2026-06-06T05:31:30.145+0000] {logging_mixin.py:188} INFO - Training logistic regression model...
[2026-06-06T05:34:44.935+0000] {local_task_job_runner.py:124} ERROR - Received SIGTERM. Terminating subprocesses
[2026-06-06T05:34:45.029+0000] {process_utils.py:132} INFO - Sending 15 to group 602. PIDs of all processes in the group: [602]
[2026-06-06T05:34:45.063+0000] {process_utils.py:87} INFO - Sending the signal 15 to group 602
[2026-06-06T05:34:45.198+0000] {taskinstance.py:2611} ERROR - Received SIGTERM. Terminating subprocesses.
[2026-06-06T05:34:45.340+0000] {logging_mixin.py:188} WARNING - 2026/06/06 05:34:45 INFO mlflow.tracking._tracking_service.client: 🏃 View run logistic_regression_training at: http://mlflow:5000/#/experiments/1/runs/6282b5d6a4164c458fbbef532a6f5352.
[2026-06-06T05:34:45.341+0000] {logging_mixin.py:188} WARNING - 2026/06/06 05:34:45 INFO mlflow.tracking._tracking_service.client: 🧪 View experiment at: http://mlflow:5000/#/experiments/1.
[2026-06-06T05:34:45.465+0000] {taskinstance.py:441} INFO - ::group::Post task execution logs
[2026-06-06T05:34:45.498+0000] {taskinstance.py:2905} ERROR - Task failed with exception
Traceback (most recent call last):
  File "/home/airflow/.local/lib/python3.11/site-packages/airflow/models/taskinstance.py", line 465, in _execute_task
    result = _execute_callable(context=context, **execute_callable_kwargs)
             ^^^^^^^^^^^^^^^^^^^^^^^^^^^^^^^^^^^^^^^^^^^^^^^^^^^^^^^^^^^^^
  File "/home/airflow/.local/lib/python3.11/site-packages/airflow/models/taskinstance.py", line 432, in _execute_callable
    return execute_callable(context=context, **execute_callable_kwargs)
           ^^^^^^^^^^^^^^^^^^^^^^^^^^^^^^^^^^^^^^^^^^^^^^^^^^^^^^^^^^^^
  File "/home/airflow/.local/lib/python3.11/site-packages/airflow/models/baseoperator.py", line 401, in wrapper
    return func(self, *args, **kwargs)
           ^^^^^^^^^^^^^^^^^^^^^^^^^^^
  File "/home/airflow/.local/lib/python3.11/site-packages/airflow/operators/python.py", line 235, in execute
    return_value = self.execute_callable()
                   ^^^^^^^^^^^^^^^^^^^^^^^
  File "/home/airflow/.local/lib/python3.11/site-packages/airflow/operators/python.py", line 252, in execute_callable
    return self.python_callable(*self.op_args, **self.op_kwargs)
           ^^^^^^^^^^^^^^^^^^^^^^^^^^^^^^^^^^^^^^^^^^^^^^^^^^^^^
  File "/opt/airflow/dags/train_model.py", line 101, in train_logistic_regression
    model.fit(X_train, y_train)
  File "/home/airflow/.local/lib/python3.11/site-packages/sklearn/base.py", line 1403, in wrapper
    return fit_method(estimator, *args, **kwargs)
           ^^^^^^^^^^^^^^^^^^^^^^^^^^^^^^^^^^^^^^
  File "/home/airflow/.local/lib/python3.11/site-packages/sklearn/pipeline.py", line 649, in fit
    self._final_estimator.fit(Xt, y, **last_step_params["fit"])
  File "/home/airflow/.local/lib/python3.11/site-packages/sklearn/base.py", line 1403, in wrapper
    return fit_method(estimator, *args, **kwargs)
           ^^^^^^^^^^^^^^^^^^^^^^^^^^^^^^^^^^^^^^
  File "/home/airflow/.local/lib/python3.11/site-packages/sklearn/linear_model/_logistic.py", line 1545, in fit
    coefs, _, n_iter = _logistic_regression_path(
                       ^^^^^^^^^^^^^^^^^^^^^^^^^^
  File "/home/airflow/.local/lib/python3.11/site-packages/sklearn/linear_model/_logistic.py", line 584, in _logistic_regression_path
    opt_res = optimize.minimize(
              ^^^^^^^^^^^^^^^^^^
  File "/home/airflow/.local/lib/python3.11/site-packages/scipy/optimize/_minimize.py", line 784, in minimize
    res = _minimize_lbfgsb(fun, x0, args, jac, bounds,
          ^^^^^^^^^^^^^^^^^^^^^^^^^^^^^^^^^^^^^^^^^^^^
  File "/home/airflow/.local/lib/python3.11/site-packages/scipy/optimize/_lbfgsb_py.py", line 469, in _minimize_lbfgsb
    f, g = func_and_grad(x)
           ^^^^^^^^^^^^^^^^
  File "/home/airflow/.local/lib/python3.11/site-packages/scipy/optimize/_differentiable_functions.py", line 412, in fun_and_grad
    self._update_fun()
  File "/home/airflow/.local/lib/python3.11/site-packages/scipy/optimize/_differentiable_functions.py", line 362, in _update_fun
    fx = self._wrapped_fun(self.x)
         ^^^^^^^^^^^^^^^^^^^^^^^^^
  File "/home/airflow/.local/lib/python3.11/site-packages/scipy/_lib/_util.py", line 603, in __call__
    fx = self.f(np.copy(x), *self.args)
         ^^^^^^^^^^^^^^^^^^^^^^^^^^^^^^
  File "/home/airflow/.local/lib/python3.11/site-packages/scipy/optimize/_optimize.py", line 80, in __call__
    self._compute_if_needed(x, *args)
  File "/home/airflow/.local/lib/python3.11/site-packages/scipy/optimize/_optimize.py", line 74, in _compute_if_needed
    fg = self.fun(x, *args)
         ^^^^^^^^^^^^^^^^^^
  File "/home/airflow/.local/lib/python3.11/site-packages/sklearn/linear_model/_linear_loss.py", line 358, in loss_gradient
    move_to(X_grad, xp=np, device="cpu") + l2_reg_strength * weights
    ^^^^^^^^^^^^^^^^^^^^^^^^^^^^^^^^^^^^
  File "/home/airflow/.local/lib/python3.11/site-packages/sklearn/utils/_array_api.py", line 519, in move_to
    def move_to(*arrays, xp, device):
    
  File "/home/airflow/.local/lib/python3.11/site-packages/airflow/models/taskinstance.py", line 2613, in signal_handler
    raise AirflowTaskTerminated("Task received SIGTERM signal")
airflow.exceptions.AirflowTaskTerminated: Task received SIGTERM signal
[2026-06-06T05:34:45.579+0000] {taskinstance.py:1206} INFO - Marking task as UP_FOR_RETRY. dag_id=train_loan_model, task_id=train_and_register_model, run_id=manual__2026-06-06T05:29:46+00:00, execution_date=20260606T052946, start_date=20260606T053005, end_date=20260606T053445
