[2026-06-06T09:41:21.850+0000] {local_task_job_runner.py:120} INFO - ::group::Pre task execution logs
[2026-06-06T09:41:21.890+0000] {taskinstance.py:2076} INFO - Dependencies all met for dep_context=non-requeueable deps ti=<TaskInstance: transfer_train_data_to_mariadb.transfer_csv_to_mariadb manual__2026-06-06T09:41:18.446889+00:00 [queued]>
[2026-06-06T09:41:21.897+0000] {taskinstance.py:2076} INFO - Dependencies all met for dep_context=requeueable deps ti=<TaskInstance: transfer_train_data_to_mariadb.transfer_csv_to_mariadb manual__2026-06-06T09:41:18.446889+00:00 [queued]>
[2026-06-06T09:41:21.897+0000] {taskinstance.py:2306} INFO - Starting attempt 1 of 2
[2026-06-06T09:41:21.913+0000] {taskinstance.py:2330} INFO - Executing <Task(PythonOperator): transfer_csv_to_mariadb> on 2026-06-06 09:41:18.446889+00:00
[2026-06-06T09:41:21.920+0000] {standard_task_runner.py:63} INFO - Started process 10999 to run task
[2026-06-06T09:41:21.923+0000] {standard_task_runner.py:90} INFO - Running: ['***', 'tasks', 'run', 'transfer_train_data_to_mariadb', 'transfer_csv_to_mariadb', 'manual__2026-06-06T09:41:18.446889+00:00', '--job-id', '41', '--raw', '--subdir', 'DAGS_FOLDER/transfer_data.py', '--cfg-path', '/tmp/tmp31faihlt']
[2026-06-06T09:41:21.925+0000] {standard_task_runner.py:91} INFO - Job 41: Subtask transfer_csv_to_mariadb
[2026-06-06T09:41:21.974+0000] {task_command.py:426} INFO - Running <TaskInstance: transfer_train_data_to_mariadb.transfer_csv_to_mariadb manual__2026-06-06T09:41:18.446889+00:00 [running]> on host 7d2c0e5f18b2
[2026-06-06T09:41:22.118+0000] {taskinstance.py:2648} INFO - Exporting env vars: AIRFLOW_CTX_DAG_OWNER='***' AIRFLOW_CTX_DAG_ID='transfer_train_data_to_mariadb' AIRFLOW_CTX_TASK_ID='transfer_csv_to_mariadb' AIRFLOW_CTX_EXECUTION_DATE='2026-06-06T09:41:18.446889+00:00' AIRFLOW_CTX_TRY_NUMBER='1' AIRFLOW_CTX_DAG_RUN_ID='manual__2026-06-06T09:41:18.446889+00:00'
[2026-06-06T09:41:22.131+0000] {taskinstance.py:430} INFO - ::endgroup::
[2026-06-06T09:41:22.154+0000] {logging_mixin.py:188} INFO - Reading data from /opt/***/data/train.csv...
[2026-06-06T09:41:23.348+0000] {logging_mixin.py:188} INFO - Cleaning data...
[2026-06-06T09:41:23.528+0000] {logging_mixin.py:188} INFO - Connecting to MariaDB...
[2026-06-06T09:41:23.550+0000] {logging_mixin.py:188} INFO - Replacing existing data in loan_data table...
[2026-06-06T09:41:23.975+0000] {logging_mixin.py:188} INFO - Transferring 593994 rows to MariaDB ColumnStore...
[2026-06-06T09:45:38.526+0000] {logging_mixin.py:188} INFO - Data transfer complete.
[2026-06-06T09:45:38.543+0000] {python.py:237} INFO - Done. Returned value was: None
[2026-06-06T09:45:38.544+0000] {taskinstance.py:441} INFO - ::group::Post task execution logs
[2026-06-06T09:45:38.555+0000] {taskinstance.py:1206} INFO - Marking task as SUCCESS. dag_id=transfer_train_data_to_mariadb, task_id=transfer_csv_to_mariadb, run_id=manual__2026-06-06T09:41:18.446889+00:00, execution_date=20260606T094118, start_date=20260606T094121, end_date=20260606T094538
[2026-06-06T09:45:38.599+0000] {local_task_job_runner.py:240} INFO - Task exited with return code 0
[2026-06-06T09:45:38.629+0000] {taskinstance.py:3503} INFO - 0 downstream tasks scheduled from follow-on schedule check
[2026-06-06T09:45:38.631+0000] {local_task_job_runner.py:222} INFO - ::endgroup::
