[2026-06-07T07:40:44.575+0000] {local_task_job_runner.py:120} INFO - ::group::Pre task execution logs
[2026-06-07T07:40:44.631+0000] {taskinstance.py:2076} INFO - Dependencies all met for dep_context=non-requeueable deps ti=<TaskInstance: drift_check_dag.run_evidently_drift_check manual__2026-06-07T07:40:38.365835+00:00 [queued]>
[2026-06-07T07:40:44.647+0000] {taskinstance.py:2076} INFO - Dependencies all met for dep_context=requeueable deps ti=<TaskInstance: drift_check_dag.run_evidently_drift_check manual__2026-06-07T07:40:38.365835+00:00 [queued]>
[2026-06-07T07:40:44.647+0000] {taskinstance.py:2306} INFO - Starting attempt 1 of 1
[2026-06-07T07:40:44.667+0000] {taskinstance.py:2330} INFO - Executing <Task(PythonOperator): run_evidently_drift_check> on 2026-06-07 07:40:38.365835+00:00
[2026-06-07T07:40:44.686+0000] {standard_task_runner.py:63} INFO - Started process 3979 to run task
[2026-06-07T07:40:44.690+0000] {standard_task_runner.py:90} INFO - Running: ['***', 'tasks', 'run', 'drift_check_dag', 'run_evidently_drift_check', 'manual__2026-06-07T07:40:38.365835+00:00', '--job-id', '22', '--raw', '--subdir', 'DAGS_FOLDER/drift_check_dag.py', '--cfg-path', '/tmp/tmpc1i8bj5e']
[2026-06-07T07:40:44.695+0000] {standard_task_runner.py:91} INFO - Job 22: Subtask run_evidently_drift_check
[2026-06-07T07:40:44.799+0000] {task_command.py:426} INFO - Running <TaskInstance: drift_check_dag.run_evidently_drift_check manual__2026-06-07T07:40:38.365835+00:00 [running]> on host ddee8681fe95
[2026-06-07T07:40:44.972+0000] {taskinstance.py:2648} INFO - Exporting env vars: AIRFLOW_CTX_DAG_OWNER='***' AIRFLOW_CTX_DAG_ID='drift_check_dag' AIRFLOW_CTX_TASK_ID='run_evidently_drift_check' AIRFLOW_CTX_EXECUTION_DATE='2026-06-07T07:40:38.365835+00:00' AIRFLOW_CTX_TRY_NUMBER='1' AIRFLOW_CTX_DAG_RUN_ID='manual__2026-06-07T07:40:38.365835+00:00'
[2026-06-07T07:40:44.973+0000] {taskinstance.py:430} INFO - ::endgroup::
[2026-06-07T07:40:44.989+0000] {logging_mixin.py:188} INFO - Connecting to Redis...
[2026-06-07T07:40:45.621+0000] {logging_mixin.py:188} INFO - Loading reference data...
[2026-06-07T07:40:48.951+0000] {logging_mixin.py:188} INFO - Reference data shape: (564914, 10)
[2026-06-07T07:40:48.952+0000] {logging_mixin.py:188} INFO - Loading current data...
[2026-06-07T07:40:48.953+0000] {logging_mixin.py:188} INFO - Current data shape: (13, 12)
[2026-06-07T07:40:49.014+0000] {logging_mixin.py:188} INFO - Evaluating drift on 9 features: ['education_level', 'loan_purpose', 'loan_amount', 'interest_rate', 'marital_status', 'annual_income', 'credit_score', 'gender', 'employment_status']
[2026-06-07T07:40:49.674+0000] {logging_mixin.py:188} WARNING - /home/***/.local/lib/python3.11/site-packages/numpy/lib/function_base.py:2897 RuntimeWarning: invalid value encountered in divide
[2026-06-07T07:40:53.407+0000] {logging_mixin.py:188} WARNING - /home/***/.local/lib/python3.11/site-packages/numpy/lib/function_base.py:2897 RuntimeWarning: invalid value encountered in divide
[2026-06-07T07:40:58.901+0000] {logging_mixin.py:188} INFO - Drift report saved successfully to /opt/***/data/drift_report.html
[2026-06-07T07:40:58.905+0000] {logging_mixin.py:188} INFO - Trimmed 13 processed items from 'prediction_log'.
[2026-06-07T07:40:58.979+0000] {python.py:237} INFO - Done. Returned value was: None
[2026-06-07T07:40:58.979+0000] {taskinstance.py:441} INFO - ::group::Post task execution logs
[2026-06-07T07:40:58.990+0000] {taskinstance.py:1206} INFO - Marking task as SUCCESS. dag_id=drift_check_dag, task_id=run_evidently_drift_check, run_id=manual__2026-06-07T07:40:38.365835+00:00, execution_date=20260607T074038, start_date=20260607T074044, end_date=20260607T074058
[2026-06-07T07:40:59.100+0000] {local_task_job_runner.py:240} INFO - Task exited with return code 0
[2026-06-07T07:40:59.116+0000] {taskinstance.py:3503} INFO - 0 downstream tasks scheduled from follow-on schedule check
[2026-06-07T07:40:59.119+0000] {local_task_job_runner.py:222} INFO - ::endgroup::
