[2026-06-06T08:12:20.898+0000] {local_task_job_runner.py:120} INFO - ::group::Pre task execution logs
[2026-06-06T08:12:20.925+0000] {taskinstance.py:2076} INFO - Dependencies all met for dep_context=non-requeueable deps ti=<TaskInstance: drift_check_dag.run_evidently_drift_check manual__2026-06-06T08:12:16.145584+00:00 [queued]>
[2026-06-06T08:12:20.933+0000] {taskinstance.py:2076} INFO - Dependencies all met for dep_context=requeueable deps ti=<TaskInstance: drift_check_dag.run_evidently_drift_check manual__2026-06-06T08:12:16.145584+00:00 [queued]>
[2026-06-06T08:12:20.933+0000] {taskinstance.py:2306} INFO - Starting attempt 1 of 1
[2026-06-06T08:12:20.945+0000] {taskinstance.py:2330} INFO - Executing <Task(PythonOperator): run_evidently_drift_check> on 2026-06-06 08:12:16.145584+00:00
[2026-06-06T08:12:20.954+0000] {standard_task_runner.py:63} INFO - Started process 1411 to run task
[2026-06-06T08:12:20.958+0000] {standard_task_runner.py:90} INFO - Running: ['***', 'tasks', 'run', 'drift_check_dag', 'run_evidently_drift_check', 'manual__2026-06-06T08:12:16.145584+00:00', '--job-id', '40', '--raw', '--subdir', 'DAGS_FOLDER/drift_check_dag.py', '--cfg-path', '/tmp/tmplpxti5wy']
[2026-06-06T08:12:20.961+0000] {standard_task_runner.py:91} INFO - Job 40: Subtask run_evidently_drift_check
[2026-06-06T08:12:21.014+0000] {task_command.py:426} INFO - Running <TaskInstance: drift_check_dag.run_evidently_drift_check manual__2026-06-06T08:12:16.145584+00:00 [running]> on host 7d2c0e5f18b2
[2026-06-06T08:12:21.100+0000] {taskinstance.py:2648} INFO - Exporting env vars: AIRFLOW_CTX_DAG_OWNER='***' AIRFLOW_CTX_DAG_ID='drift_check_dag' AIRFLOW_CTX_TASK_ID='run_evidently_drift_check' AIRFLOW_CTX_EXECUTION_DATE='2026-06-06T08:12:16.145584+00:00' AIRFLOW_CTX_TRY_NUMBER='1' AIRFLOW_CTX_DAG_RUN_ID='manual__2026-06-06T08:12:16.145584+00:00'
[2026-06-06T08:12:21.101+0000] {taskinstance.py:430} INFO - ::endgroup::
[2026-06-06T08:12:21.112+0000] {logging_mixin.py:188} INFO - Connecting to Redis...
[2026-06-06T08:12:21.678+0000] {logging_mixin.py:188} INFO - Loading reference data...
[2026-06-06T08:12:27.126+0000] {logging_mixin.py:188} INFO - Reference data shape: (564914, 10)
[2026-06-06T08:12:27.128+0000] {logging_mixin.py:188} INFO - Loading current data...
[2026-06-06T08:12:27.129+0000] {logging_mixin.py:188} INFO - Current data shape: (13, 12)
[2026-06-06T08:12:27.199+0000] {logging_mixin.py:188} INFO - Evaluating drift on 9 features: ['education_level', 'interest_rate', 'loan_amount', 'marital_status', 'loan_purpose', 'employment_status', 'annual_income', 'gender', 'credit_score']
[2026-06-06T08:12:27.944+0000] {logging_mixin.py:188} WARNING - /home/***/.local/lib/python3.11/site-packages/numpy/lib/function_base.py:2897 RuntimeWarning: invalid value encountered in divide
[2026-06-06T08:12:27.945+0000] {logging_mixin.py:188} WARNING - /home/***/.local/lib/python3.11/site-packages/numpy/lib/function_base.py:2898 RuntimeWarning: invalid value encountered in divide
[2026-06-06T08:12:32.489+0000] {logging_mixin.py:188} WARNING - /home/***/.local/lib/python3.11/site-packages/numpy/lib/function_base.py:2897 RuntimeWarning: invalid value encountered in divide
[2026-06-06T08:12:32.490+0000] {logging_mixin.py:188} WARNING - /home/***/.local/lib/python3.11/site-packages/numpy/lib/function_base.py:2898 RuntimeWarning: invalid value encountered in divide
[2026-06-06T08:12:38.010+0000] {logging_mixin.py:188} INFO - Drift report saved successfully to /opt/***/data/drift_report.html
[2026-06-06T08:12:38.014+0000] {logging_mixin.py:188} INFO - Trimmed 13 processed items from 'prediction_log'.
[2026-06-06T08:12:38.097+0000] {python.py:237} INFO - Done. Returned value was: None
[2026-06-06T08:12:38.098+0000] {taskinstance.py:441} INFO - ::group::Post task execution logs
[2026-06-06T08:12:38.113+0000] {taskinstance.py:1206} INFO - Marking task as SUCCESS. dag_id=drift_check_dag, task_id=run_evidently_drift_check, run_id=manual__2026-06-06T08:12:16.145584+00:00, execution_date=20260606T081216, start_date=20260606T081220, end_date=20260606T081238
[2026-06-06T08:12:38.332+0000] {local_task_job_runner.py:240} INFO - Task exited with return code 0
[2026-06-06T08:12:38.352+0000] {taskinstance.py:3503} INFO - 0 downstream tasks scheduled from follow-on schedule check
[2026-06-06T08:12:38.364+0000] {local_task_job_runner.py:222} INFO - ::endgroup::
