[2026-06-06T14:50:55.108+0000] {local_task_job_runner.py:120} INFO - ::group::Pre task execution logs
[2026-06-06T14:50:55.141+0000] {taskinstance.py:2076} INFO - Dependencies all met for dep_context=non-requeueable deps ti=<TaskInstance: transfer_train_data_to_mariadb.transfer_csv_to_mariadb scheduled__2026-05-28T00:00:00+00:00 [queued]>
[2026-06-06T14:50:55.150+0000] {taskinstance.py:2076} INFO - Dependencies all met for dep_context=requeueable deps ti=<TaskInstance: transfer_train_data_to_mariadb.transfer_csv_to_mariadb scheduled__2026-05-28T00:00:00+00:00 [queued]>
[2026-06-06T14:50:55.151+0000] {taskinstance.py:2306} INFO - Starting attempt 2 of 3
[2026-06-06T14:50:55.164+0000] {taskinstance.py:2330} INFO - Executing <Task(PythonOperator): transfer_csv_to_mariadb> on 2026-05-28 00:00:00+00:00
[2026-06-06T14:50:55.171+0000] {standard_task_runner.py:63} INFO - Started process 44679 to run task
[2026-06-06T14:50:55.175+0000] {standard_task_runner.py:90} INFO - Running: ['***', 'tasks', 'run', 'transfer_train_data_to_mariadb', 'transfer_csv_to_mariadb', 'scheduled__2026-05-28T00:00:00+00:00', '--job-id', '51', '--raw', '--subdir', 'DAGS_FOLDER/transfer_data.py', '--cfg-path', '/tmp/tmpsy9jzrch']
[2026-06-06T14:50:55.179+0000] {standard_task_runner.py:91} INFO - Job 51: Subtask transfer_csv_to_mariadb
[2026-06-06T14:50:55.249+0000] {task_command.py:426} INFO - Running <TaskInstance: transfer_train_data_to_mariadb.transfer_csv_to_mariadb scheduled__2026-05-28T00:00:00+00:00 [running]> on host 7d2c0e5f18b2
[2026-06-06T14:50:55.359+0000] {taskinstance.py:2648} INFO - Exporting env vars: AIRFLOW_CTX_DAG_OWNER='***' AIRFLOW_CTX_DAG_ID='transfer_train_data_to_mariadb' AIRFLOW_CTX_TASK_ID='transfer_csv_to_mariadb' AIRFLOW_CTX_EXECUTION_DATE='2026-05-28T00:00:00+00:00' AIRFLOW_CTX_TRY_NUMBER='2' AIRFLOW_CTX_DAG_RUN_ID='scheduled__2026-05-28T00:00:00+00:00'
[2026-06-06T14:50:55.361+0000] {taskinstance.py:430} INFO - ::endgroup::
[2026-06-06T14:50:55.385+0000] {logging_mixin.py:188} INFO - Reading data from /opt/***/data/train.csv...
[2026-06-06T14:50:56.879+0000] {logging_mixin.py:188} INFO - Cleaning data...
[2026-06-06T14:50:57.031+0000] {logging_mixin.py:188} INFO - Connecting to MariaDB...
[2026-06-06T14:50:57.049+0000] {logging_mixin.py:188} INFO - Replacing existing data in loan_data table...
[2026-06-06T14:50:57.481+0000] {logging_mixin.py:188} INFO - Transferring 593994 rows to MariaDB ColumnStore...
[2026-06-06T14:55:36.391+0000] {logging_mixin.py:188} INFO - Data transfer complete.
[2026-06-06T14:55:36.406+0000] {python.py:237} INFO - Done. Returned value was: None
[2026-06-06T14:55:36.407+0000] {taskinstance.py:441} INFO - ::group::Post task execution logs
[2026-06-06T14:55:36.422+0000] {taskinstance.py:1206} INFO - Marking task as SUCCESS. dag_id=transfer_train_data_to_mariadb, task_id=transfer_csv_to_mariadb, run_id=scheduled__2026-05-28T00:00:00+00:00, execution_date=20260528T000000, start_date=20260606T145055, end_date=20260606T145536
[2026-06-06T14:55:36.485+0000] {local_task_job_runner.py:240} INFO - Task exited with return code 0
[2026-06-06T14:55:36.517+0000] {taskinstance.py:3503} INFO - 1 downstream tasks scheduled from follow-on schedule check
[2026-06-06T14:55:36.532+0000] {local_task_job_runner.py:222} INFO - ::endgroup::
