[2026-06-06T05:11:22.330+0000] {local_task_job_runner.py:120} INFO - ::group::Pre task execution logs
[2026-06-06T05:11:22.549+0000] {taskinstance.py:2076} INFO - Dependencies all met for dep_context=non-requeueable deps ti=<TaskInstance: train_loan_model.train_and_register_model manual__2026-06-06T05:10:44+00:00 [queued]>
[2026-06-06T05:11:22.562+0000] {taskinstance.py:2076} INFO - Dependencies all met for dep_context=requeueable deps ti=<TaskInstance: train_loan_model.train_and_register_model manual__2026-06-06T05:10:44+00:00 [queued]>
[2026-06-06T05:11:22.564+0000] {taskinstance.py:2306} INFO - Starting attempt 1 of 2
[2026-06-06T05:11:22.586+0000] {taskinstance.py:2330} INFO - Executing <Task(PythonOperator): train_and_register_model> on 2026-06-06 05:10:44+00:00
[2026-06-06T05:11:22.601+0000] {standard_task_runner.py:63} INFO - Started process 480 to run task
[2026-06-06T05:11:22.613+0000] {standard_task_runner.py:90} INFO - Running: ['***', 'tasks', 'run', 'train_loan_model', 'train_and_register_model', 'manual__2026-06-06T05:10:44+00:00', '--job-id', '12', '--raw', '--subdir', 'DAGS_FOLDER/train_model.py', '--cfg-path', '/tmp/tmppjeaic2_']
[2026-06-06T05:11:22.620+0000] {standard_task_runner.py:91} INFO - Job 12: Subtask train_and_register_model
[2026-06-06T05:11:22.724+0000] {task_command.py:426} INFO - Running <TaskInstance: train_loan_model.train_and_register_model manual__2026-06-06T05:10:44+00:00 [running]> on host e766d202c6f1
[2026-06-06T05:11:22.871+0000] {taskinstance.py:2648} INFO - Exporting env vars: AIRFLOW_CTX_DAG_OWNER='***' AIRFLOW_CTX_DAG_ID='train_loan_model' AIRFLOW_CTX_TASK_ID='train_and_register_model' AIRFLOW_CTX_EXECUTION_DATE='2026-06-06T05:10:44+00:00' AIRFLOW_CTX_TRY_NUMBER='1' AIRFLOW_CTX_DAG_RUN_ID='manual__2026-06-06T05:10:44+00:00'
[2026-06-06T05:11:22.874+0000] {taskinstance.py:430} INFO - ::endgroup::
[2026-06-06T05:11:22.930+0000] {logging_mixin.py:188} INFO - Connecting to Redis...
[2026-06-06T05:11:25.252+0000] {logging_mixin.py:188} INFO - Loading preprocessed data from Redis key 'preprocess'...
[2026-06-06T05:11:26.068+0000] {logging_mixin.py:188} WARNING - /opt/***/dags/train_model.py:70 FutureWarning: Passing literal json to 'read_json' is deprecated and will be removed in a future version. To read from a literal string, wrap it in a 'StringIO' object.
[2026-06-06T05:11:32.660+0000] {logging_mixin.py:188} INFO - Loaded 444583 rows with columns: ['gender', 'marital_status', 'education_level', 'employment_status', 'loan_purpose', 'annual_income', 'loan_amount', 'credit_score', 'interest_rate', 'loan_paid_back']
[2026-06-06T05:11:33.511+0000] {logging_mixin.py:188} INFO - Connecting to MLflow at http://mlflow:5000...
[2026-06-06T05:11:34.325+0000] {logging_mixin.py:188} WARNING - 2026/06/06 05:11:34 INFO mlflow.tracking.fluent: Experiment with name 'loan_prediction' does not exist. Creating a new experiment.
[2026-06-06T05:11:35.133+0000] {logging_mixin.py:188} WARNING - 2026/06/06 05:11:35 WARNING mlflow.utils.git_utils: Failed to import Git (the Git executable is probably not on your PATH), so Git SHA is not available. Error: Failed to initialize: Bad git executable.
The git executable must be specified in one of the following ways:
    - be included in your $PATH
    - be set via $GIT_PYTHON_GIT_EXECUTABLE
    - explicitly set via git.refresh(<full-path-to-git-executable>)

All git commands will error until this is rectified.

This initial message can be silenced or aggravated in the future by setting the
$GIT_PYTHON_REFRESH environment variable. Use one of the following values:
    - quiet|q|silence|s|silent|none|n|0: for no message or exception
    - warn|w|warning|log|l|1: for a warning message (logging level CRITICAL, displayed by default)
    - error|e|exception|raise|r|2: for a raised exception

Example:
    export GIT_PYTHON_REFRESH=quiet
[2026-06-06T05:11:35.178+0000] {logging_mixin.py:188} INFO - Training logistic regression model...
[2026-06-06T05:11:39.709+0000] {logging_mixin.py:188} INFO - 🏃 View run logistic_regression_training at: http://mlflow:5000/#/experiments/1/runs/0306c05627314e78a32b9de57621626e
[2026-06-06T05:11:39.710+0000] {logging_mixin.py:188} INFO - 🧪 View experiment at: http://mlflow:5000/#/experiments/1
[2026-06-06T05:11:39.747+0000] {taskinstance.py:441} INFO - ::group::Post task execution logs
[2026-06-06T05:11:39.747+0000] {taskinstance.py:2905} ERROR - Task failed with exception
Traceback (most recent call last):
  File "/home/airflow/.local/lib/python3.11/site-packages/airflow/models/taskinstance.py", line 465, in _execute_task
    result = _execute_callable(context=context, **execute_callable_kwargs)
             ^^^^^^^^^^^^^^^^^^^^^^^^^^^^^^^^^^^^^^^^^^^^^^^^^^^^^^^^^^^^^
  File "/home/airflow/.local/lib/python3.11/site-packages/airflow/models/taskinstance.py", line 432, in _execute_callable
    return execute_callable(context=context, **execute_callable_kwargs)
           ^^^^^^^^^^^^^^^^^^^^^^^^^^^^^^^^^^^^^^^^^^^^^^^^^^^^^^^^^^^^
  File "/home/airflow/.local/lib/python3.11/site-packages/airflow/models/baseoperator.py", line 401, in wrapper
    return func(self, *args, **kwargs)
           ^^^^^^^^^^^^^^^^^^^^^^^^^^^
  File "/home/airflow/.local/lib/python3.11/site-packages/airflow/operators/python.py", line 235, in execute
    return_value = self.execute_callable()
                   ^^^^^^^^^^^^^^^^^^^^^^^
  File "/home/airflow/.local/lib/python3.11/site-packages/airflow/operators/python.py", line 252, in execute_callable
    return self.python_callable(*self.op_args, **self.op_kwargs)
           ^^^^^^^^^^^^^^^^^^^^^^^^^^^^^^^^^^^^^^^^^^^^^^^^^^^^^
  File "/opt/airflow/dags/train_model.py", line 101, in train_logistic_regression
    model.fit(X_train, y_train)
  File "/home/airflow/.local/lib/python3.11/site-packages/sklearn/base.py", line 1403, in wrapper
    return fit_method(estimator, *args, **kwargs)
           ^^^^^^^^^^^^^^^^^^^^^^^^^^^^^^^^^^^^^^
  File "/home/airflow/.local/lib/python3.11/site-packages/sklearn/pipeline.py", line 649, in fit
    self._final_estimator.fit(Xt, y, **last_step_params["fit"])
  File "/home/airflow/.local/lib/python3.11/site-packages/sklearn/base.py", line 1403, in wrapper
    return fit_method(estimator, *args, **kwargs)
           ^^^^^^^^^^^^^^^^^^^^^^^^^^^^^^^^^^^^^^
  File "/home/airflow/.local/lib/python3.11/site-packages/sklearn/linear_model/_logistic.py", line 1523, in fit
    raise ValueError(
ValueError: This solver needs samples of at least 2 classes in the data, but the data contains only one class: 1
[2026-06-06T05:11:39.772+0000] {taskinstance.py:1206} INFO - Marking task as UP_FOR_RETRY. dag_id=train_loan_model, task_id=train_and_register_model, run_id=manual__2026-06-06T05:10:44+00:00, execution_date=20260606T051044, start_date=20260606T051122, end_date=20260606T051139
[2026-06-06T05:11:39.787+0000] {standard_task_runner.py:110} ERROR - Failed to execute job 12 for task train_and_register_model (This solver needs samples of at least 2 classes in the data, but the data contains only one class: 1; 480)
[2026-06-06T05:11:39.906+0000] {local_task_job_runner.py:240} INFO - Task exited with return code 1
[2026-06-06T05:11:39.925+0000] {taskinstance.py:3503} INFO - 0 downstream tasks scheduled from follow-on schedule check
[2026-06-06T05:11:39.928+0000] {local_task_job_runner.py:222} INFO - ::endgroup::
