[2026-06-06T05:13:53.376+0000] {local_task_job_runner.py:120} INFO - ::group::Pre task execution logs
[2026-06-06T05:13:53.442+0000] {taskinstance.py:2076} INFO - Dependencies all met for dep_context=non-requeueable deps ti=<TaskInstance: preprocess_loan_data.preprocess_and_save_to_redis manual__2026-06-06T05:13:49+00:00 [queued]>
[2026-06-06T05:13:53.461+0000] {taskinstance.py:2076} INFO - Dependencies all met for dep_context=requeueable deps ti=<TaskInstance: preprocess_loan_data.preprocess_and_save_to_redis manual__2026-06-06T05:13:49+00:00 [queued]>
[2026-06-06T05:13:53.462+0000] {taskinstance.py:2306} INFO - Starting attempt 1 of 2
[2026-06-06T05:13:53.494+0000] {taskinstance.py:2330} INFO - Executing <Task(PythonOperator): preprocess_and_save_to_redis> on 2026-06-06 05:13:49+00:00
[2026-06-06T05:13:53.511+0000] {standard_task_runner.py:63} INFO - Started process 724 to run task
[2026-06-06T05:13:53.517+0000] {standard_task_runner.py:90} INFO - Running: ['***', 'tasks', 'run', 'preprocess_loan_data', 'preprocess_and_save_to_redis', 'manual__2026-06-06T05:13:49+00:00', '--job-id', '13', '--raw', '--subdir', 'DAGS_FOLDER/preprocess_data.py', '--cfg-path', '/tmp/tmpvrevijtf']
[2026-06-06T05:13:53.523+0000] {standard_task_runner.py:91} INFO - Job 13: Subtask preprocess_and_save_to_redis
[2026-06-06T05:13:53.633+0000] {task_command.py:426} INFO - Running <TaskInstance: preprocess_loan_data.preprocess_and_save_to_redis manual__2026-06-06T05:13:49+00:00 [running]> on host e766d202c6f1
[2026-06-06T05:13:53.814+0000] {taskinstance.py:2648} INFO - Exporting env vars: AIRFLOW_CTX_DAG_OWNER='***' AIRFLOW_CTX_DAG_ID='preprocess_loan_data' AIRFLOW_CTX_TASK_ID='preprocess_and_save_to_redis' AIRFLOW_CTX_EXECUTION_DATE='2026-06-06T05:13:49+00:00' AIRFLOW_CTX_TRY_NUMBER='1' AIRFLOW_CTX_DAG_RUN_ID='manual__2026-06-06T05:13:49+00:00'
[2026-06-06T05:13:53.816+0000] {taskinstance.py:430} INFO - ::endgroup::
[2026-06-06T05:13:53.849+0000] {logging_mixin.py:188} INFO - Connecting to MariaDB...
[2026-06-06T05:13:53.878+0000] {logging_mixin.py:188} INFO - Reading loan data from MariaDB...
[2026-06-06T05:14:13.063+0000] {logging_mixin.py:188} INFO - Loaded 593994 rows.
[2026-06-06T05:14:13.069+0000] {logging_mixin.py:188} INFO - Dropping id and grade_subgrade columns...
[2026-06-06T05:14:13.409+0000] {logging_mixin.py:188} INFO - Removing outliers from numeric columns: ['annual_income', 'debt_to_income_ratio', 'credit_score', 'loan_amount', 'interest_rate']
[2026-06-06T05:14:15.067+0000] {logging_mixin.py:188} INFO - Outlier removal complete. Rows: 593994 -> 547754
[2026-06-06T05:14:15.069+0000] {logging_mixin.py:188} INFO - Connecting to Redis...
[2026-06-06T05:14:15.070+0000] {logging_mixin.py:188} INFO - Saving preprocessed data to Redis key 'preprocess'...
[2026-06-06T05:14:17.750+0000] {logging_mixin.py:188} INFO - Saved 547754 rows to Redis key 'preprocess'.
[2026-06-06T05:14:18.098+0000] {python.py:237} INFO - Done. Returned value was: None
[2026-06-06T05:14:18.099+0000] {taskinstance.py:441} INFO - ::group::Post task execution logs
[2026-06-06T05:14:18.119+0000] {taskinstance.py:1206} INFO - Marking task as SUCCESS. dag_id=preprocess_loan_data, task_id=preprocess_and_save_to_redis, run_id=manual__2026-06-06T05:13:49+00:00, execution_date=20260606T051349, start_date=20260606T051353, end_date=20260606T051418
[2026-06-06T05:14:18.222+0000] {local_task_job_runner.py:240} INFO - Task exited with return code 0
[2026-06-06T05:14:18.247+0000] {taskinstance.py:3503} INFO - 0 downstream tasks scheduled from follow-on schedule check
[2026-06-06T05:14:18.252+0000] {local_task_job_runner.py:222} INFO - ::endgroup::
