[2026-06-07T08:15:50.397+0000] {local_task_job_runner.py:120} INFO - ::group::Pre task execution logs
[2026-06-07T08:15:50.438+0000] {taskinstance.py:2076} INFO - Dependencies all met for dep_context=non-requeueable deps ti=<TaskInstance: drift_check_dag.run_evidently_drift_check manual__2026-06-07T08:15:42.384221+00:00 [queued]>
[2026-06-07T08:15:50.445+0000] {taskinstance.py:2076} INFO - Dependencies all met for dep_context=requeueable deps ti=<TaskInstance: drift_check_dag.run_evidently_drift_check manual__2026-06-07T08:15:42.384221+00:00 [queued]>
[2026-06-07T08:15:50.446+0000] {taskinstance.py:2306} INFO - Starting attempt 1 of 1
[2026-06-07T08:15:50.456+0000] {taskinstance.py:2330} INFO - Executing <Task(PythonOperator): run_evidently_drift_check> on 2026-06-07 08:15:42.384221+00:00
[2026-06-07T08:15:50.467+0000] {standard_task_runner.py:63} INFO - Started process 1323 to run task
[2026-06-07T08:15:50.477+0000] {standard_task_runner.py:90} INFO - Running: ['***', 'tasks', 'run', 'drift_check_dag', 'run_evidently_drift_check', 'manual__2026-06-07T08:15:42.384221+00:00', '--job-id', '24', '--raw', '--subdir', 'DAGS_FOLDER/drift_check_dag.py', '--cfg-path', '/tmp/tmp9mt9inxr']
[2026-06-07T08:15:50.483+0000] {standard_task_runner.py:91} INFO - Job 24: Subtask run_evidently_drift_check
[2026-06-07T08:15:50.542+0000] {task_command.py:426} INFO - Running <TaskInstance: drift_check_dag.run_evidently_drift_check manual__2026-06-07T08:15:42.384221+00:00 [running]> on host 7377d7ae2523
[2026-06-07T08:15:50.629+0000] {taskinstance.py:2648} INFO - Exporting env vars: AIRFLOW_CTX_DAG_OWNER='***' AIRFLOW_CTX_DAG_ID='drift_check_dag' AIRFLOW_CTX_TASK_ID='run_evidently_drift_check' AIRFLOW_CTX_EXECUTION_DATE='2026-06-07T08:15:42.384221+00:00' AIRFLOW_CTX_TRY_NUMBER='1' AIRFLOW_CTX_DAG_RUN_ID='manual__2026-06-07T08:15:42.384221+00:00'
[2026-06-07T08:15:50.630+0000] {taskinstance.py:430} INFO - ::endgroup::
[2026-06-07T08:15:50.662+0000] {logging_mixin.py:188} INFO - Connecting to Redis...
[2026-06-07T08:15:55.355+0000] {logging_mixin.py:188} INFO - Loading reference data...
[2026-06-07T08:17:19.446+0000] {logging_mixin.py:188} INFO - Reference data shape: (564914, 10)
[2026-06-07T08:17:19.500+0000] {logging_mixin.py:188} INFO - Loading current data...
[2026-06-07T08:17:19.502+0000] {logging_mixin.py:188} INFO - Current data shape: (15, 12)
[2026-06-07T08:17:19.694+0000] {logging_mixin.py:188} INFO - Evaluating drift on 9 features: ['loan_purpose', 'loan_amount', 'annual_income', 'education_level', 'gender', 'marital_status', 'employment_status', 'credit_score', 'interest_rate']
[2026-06-07T08:17:22.727+0000] {logging_mixin.py:188} WARNING - /home/***/.local/lib/python3.11/site-packages/numpy/lib/function_base.py:2897 RuntimeWarning: invalid value encountered in divide
[2026-06-07T08:17:28.222+0000] {logging_mixin.py:188} WARNING - /home/***/.local/lib/python3.11/site-packages/numpy/lib/function_base.py:2897 RuntimeWarning: invalid value encountered in divide
[2026-06-07T08:17:33.014+0000] {logging_mixin.py:188} INFO - Drift report saved successfully to /opt/***/data/drift_report.html
[2026-06-07T08:17:33.023+0000] {logging_mixin.py:188} INFO - Updated last processed index to 15. Kept all items in 'prediction_log'.
[2026-06-07T08:17:33.126+0000] {python.py:237} INFO - Done. Returned value was: None
[2026-06-07T08:17:33.128+0000] {taskinstance.py:441} INFO - ::group::Post task execution logs
[2026-06-07T08:17:33.159+0000] {taskinstance.py:1206} INFO - Marking task as SUCCESS. dag_id=drift_check_dag, task_id=run_evidently_drift_check, run_id=manual__2026-06-07T08:15:42.384221+00:00, execution_date=20260607T081542, start_date=20260607T081550, end_date=20260607T081733
[2026-06-07T08:17:33.302+0000] {local_task_job_runner.py:240} INFO - Task exited with return code 0
[2026-06-07T08:17:33.363+0000] {taskinstance.py:3503} INFO - 0 downstream tasks scheduled from follow-on schedule check
[2026-06-07T08:17:33.382+0000] {local_task_job_runner.py:222} INFO - ::endgroup::
