[2026-06-07T07:39:03.513+0000] {local_task_job_runner.py:120} INFO - ::group::Pre task execution logs
[2026-06-07T07:39:03.544+0000] {taskinstance.py:2076} INFO - Dependencies all met for dep_context=non-requeueable deps ti=<TaskInstance: drift_check_dag.run_evidently_drift_check manual__2026-06-07T07:38:55.542759+00:00 [queued]>
[2026-06-07T07:39:03.559+0000] {taskinstance.py:2076} INFO - Dependencies all met for dep_context=requeueable deps ti=<TaskInstance: drift_check_dag.run_evidently_drift_check manual__2026-06-07T07:38:55.542759+00:00 [queued]>
[2026-06-07T07:39:03.559+0000] {taskinstance.py:2306} INFO - Starting attempt 1 of 1
[2026-06-07T07:39:03.586+0000] {taskinstance.py:2330} INFO - Executing <Task(PythonOperator): run_evidently_drift_check> on 2026-06-07 07:38:55.542759+00:00
[2026-06-07T07:39:03.602+0000] {standard_task_runner.py:63} INFO - Started process 3823 to run task
[2026-06-07T07:39:03.617+0000] {standard_task_runner.py:90} INFO - Running: ['***', 'tasks', 'run', 'drift_check_dag', 'run_evidently_drift_check', 'manual__2026-06-07T07:38:55.542759+00:00', '--job-id', '21', '--raw', '--subdir', 'DAGS_FOLDER/drift_check_dag.py', '--cfg-path', '/tmp/tmp2382_xeg']
[2026-06-07T07:39:03.622+0000] {standard_task_runner.py:91} INFO - Job 21: Subtask run_evidently_drift_check
[2026-06-07T07:39:03.744+0000] {task_command.py:426} INFO - Running <TaskInstance: drift_check_dag.run_evidently_drift_check manual__2026-06-07T07:38:55.542759+00:00 [running]> on host ddee8681fe95
[2026-06-07T07:39:04.129+0000] {taskinstance.py:2648} INFO - Exporting env vars: AIRFLOW_CTX_DAG_OWNER='***' AIRFLOW_CTX_DAG_ID='drift_check_dag' AIRFLOW_CTX_TASK_ID='run_evidently_drift_check' AIRFLOW_CTX_EXECUTION_DATE='2026-06-07T07:38:55.542759+00:00' AIRFLOW_CTX_TRY_NUMBER='1' AIRFLOW_CTX_DAG_RUN_ID='manual__2026-06-07T07:38:55.542759+00:00'
[2026-06-07T07:39:04.133+0000] {taskinstance.py:430} INFO - ::endgroup::
[2026-06-07T07:39:04.201+0000] {logging_mixin.py:188} INFO - Connecting to Redis...
[2026-06-07T07:39:13.739+0000] {logging_mixin.py:188} INFO - Loading reference data...
[2026-06-07T07:39:18.005+0000] {logging_mixin.py:188} INFO - Reference data shape: (564914, 10)
[2026-06-07T07:39:18.024+0000] {taskinstance.py:441} INFO - ::group::Post task execution logs
[2026-06-07T07:39:18.024+0000] {taskinstance.py:2506} INFO - Current data 'prediction_log' not found or empty in Redis. Skipping drift check.
[2026-06-07T07:39:18.246+0000] {taskinstance.py:1206} INFO - Marking task as SKIPPED. dag_id=drift_check_dag, task_id=run_evidently_drift_check, run_id=manual__2026-06-07T07:38:55.542759+00:00, execution_date=20260607T073855, start_date=20260607T073903, end_date=20260607T073918
[2026-06-07T07:39:18.356+0000] {local_task_job_runner.py:240} INFO - Task exited with return code 0
[2026-06-07T07:39:18.374+0000] {taskinstance.py:3503} INFO - 0 downstream tasks scheduled from follow-on schedule check
[2026-06-07T07:39:18.379+0000] {local_task_job_runner.py:222} INFO - ::endgroup::
